0 verbose cli C:\Program Files\nodejs\node.exe C:\Program Files\nodejs\node_modules\npm\bin\npm-cli.js
1 info using npm@10.9.2
2 info using node@v22.16.0
3 silly config load:file:C:\Program Files\nodejs\node_modules\npm\npmrc
4 silly config load:file:C:\Devine Projects\labisengineer7-frontend\.npmrc
5 silly config load:file:C:\Users\game0\.npmrc
6 silly config load:file:C:\Users\game0\AppData\Roaming\npm\etc\npmrc
7 verbose title npm install lucide-react
8 verbose argv "install" "lucide-react"
9 verbose logfile logs-max:10 dir:C:\Devine Projects\labisengineer7-frontend\npm-cache\_logs\2025-06-29T10_49_06_736Z-
10 verbose logfile C:\Devine Projects\labisengineer7-frontend\npm-cache\_logs\2025-06-29T10_49_06_736Z-debug-0.log
11 silly logfile done cleaning log files
12 silly packumentCache heap:4345298944 maxSize:1086324736 maxEntrySize:543162368
13 silly idealTree buildDeps
14 silly fetch manifest lucide-react@*
15 silly packumentCache full:https://registry.npmjs.org/lucide-react cache-miss
16 http fetch GET 200 https://registry.npmjs.org/lucide-react 192ms (cache miss)
17 silly packumentCache full:https://registry.npmjs.org/lucide-react set size:undefined disposed:false
18 silly fetch manifest react@^19.0.0
19 silly packumentCache full:https://registry.npmjs.org/react cache-miss
20 http fetch GET 200 https://registry.npmjs.org/react 127ms (cache miss)
21 silly packumentCache full:https://registry.npmjs.org/react set size:undefined disposed:false
22 silly placeDep ROOT lucide-react@0.525.0 OK for: frontend-boilerplate@0.1.0 want: *
23 silly reify moves {}
24 verbose reify failed optional dependency C:\Devine Projects\labisengineer7-frontend\node_modules\@tailwindcss\oxide-wasm32-wasi
25 silly reify mark deleted [
25 silly reify   'C:\\Devine Projects\\labisengineer7-frontend\\node_modules\\@tailwindcss\\oxide-wasm32-wasi'
25 silly reify ]
26 silly audit bulk request {
26 silly audit   '@alloc/quick-lru': [ '5.2.0' ],
26 silly audit   '@emnapi/runtime': [ '1.4.3' ],
26 silly audit   '@img/sharp-darwin-arm64': [ '0.34.1' ],
26 silly audit   '@img/sharp-darwin-x64': [ '0.34.1' ],
26 silly audit   '@img/sharp-libvips-darwin-arm64': [ '1.1.0' ],
26 silly audit   '@img/sharp-libvips-darwin-x64': [ '1.1.0' ],
26 silly audit   '@img/sharp-libvips-linux-arm': [ '1.1.0' ],
26 silly audit   '@img/sharp-libvips-linux-arm64': [ '1.1.0' ],
26 silly audit   '@img/sharp-libvips-linux-ppc64': [ '1.1.0' ],
26 silly audit   '@img/sharp-libvips-linux-s390x': [ '1.1.0' ],
26 silly audit   '@img/sharp-libvips-linux-x64': [ '1.1.0' ],
26 silly audit   '@img/sharp-libvips-linuxmusl-arm64': [ '1.1.0' ],
26 silly audit   '@img/sharp-libvips-linuxmusl-x64': [ '1.1.0' ],
26 silly audit   '@img/sharp-linux-arm': [ '0.34.1' ],
26 silly audit   '@img/sharp-linux-arm64': [ '0.34.1' ],
26 silly audit   '@img/sharp-linux-s390x': [ '0.34.1' ],
26 silly audit   '@img/sharp-linux-x64': [ '0.34.1' ],
26 silly audit   '@img/sharp-linuxmusl-arm64': [ '0.34.1' ],
26 silly audit   '@img/sharp-linuxmusl-x64': [ '0.34.1' ],
26 silly audit   '@img/sharp-wasm32': [ '0.34.1' ],
26 silly audit   '@img/sharp-win32-ia32': [ '0.34.1' ],
26 silly audit   '@img/sharp-win32-x64': [ '0.34.1' ],
26 silly audit   '@next/env': [ '15.3.1' ],
26 silly audit   '@next/swc-darwin-arm64': [ '15.3.1' ],
26 silly audit   '@next/swc-darwin-x64': [ '15.3.1' ],
26 silly audit   '@next/swc-linux-arm64-gnu': [ '15.3.1' ],
26 silly audit   '@next/swc-linux-arm64-musl': [ '15.3.1' ],
26 silly audit   '@next/swc-linux-x64-gnu': [ '15.3.1' ],
26 silly audit   '@next/swc-linux-x64-musl': [ '15.3.1' ],
26 silly audit   '@next/swc-win32-arm64-msvc': [ '15.3.1' ],
26 silly audit   '@next/swc-win32-x64-msvc': [ '15.3.1' ],
26 silly audit   '@swc/counter': [ '0.1.3' ],
26 silly audit   '@swc/helpers': [ '0.5.15' ],
26 silly audit   '@tailwindcss/node': [ '4.1.4' ],
26 silly audit   '@tailwindcss/oxide': [ '4.1.4' ],
26 silly audit   '@tailwindcss/oxide-android-arm64': [ '4.1.4' ],
26 silly audit   '@tailwindcss/oxide-darwin-arm64': [ '4.1.4' ],
26 silly audit   '@tailwindcss/oxide-darwin-x64': [ '4.1.4' ],
26 silly audit   '@tailwindcss/oxide-freebsd-x64': [ '4.1.4' ],
26 silly audit   '@tailwindcss/oxide-linux-arm-gnueabihf': [ '4.1.4' ],
26 silly audit   '@tailwindcss/oxide-linux-arm64-gnu': [ '4.1.4' ],
26 silly audit   '@tailwindcss/oxide-linux-arm64-musl': [ '4.1.4' ],
26 silly audit   '@tailwindcss/oxide-linux-x64-gnu': [ '4.1.4' ],
26 silly audit   '@tailwindcss/oxide-linux-x64-musl': [ '4.1.4' ],
26 silly audit   '@tailwindcss/oxide-win32-arm64-msvc': [ '4.1.4' ],
26 silly audit   '@tailwindcss/oxide-win32-x64-msvc': [ '4.1.4' ],
26 silly audit   '@tailwindcss/postcss': [ '4.1.4' ],
26 silly audit   '@types/node': [ '20.17.30' ],
26 silly audit   '@types/react': [ '19.1.2' ],
26 silly audit   '@types/react-dom': [ '19.1.2' ],
26 silly audit   busboy: [ '1.6.0' ],
26 silly audit   'caniuse-lite': [ '1.0.30001715' ],
26 silly audit   'client-only': [ '0.0.1' ],
26 silly audit   color: [ '4.2.3' ],
26 silly audit   'color-convert': [ '2.0.1' ],
26 silly audit   'color-name': [ '1.1.4' ],
26 silly audit   'color-string': [ '1.9.1' ],
26 silly audit   csstype: [ '3.1.3' ],
26 silly audit   'detect-libc': [ '2.0.4' ],
26 silly audit   'enhanced-resolve': [ '5.18.1' ],
26 silly audit   'framer-motion': [ '12.9.1' ],
26 silly audit   'graceful-fs': [ '4.2.11' ],
26 silly audit   'is-arrayish': [ '0.3.2' ],
26 silly audit   jiti: [ '2.4.2' ],
26 silly audit   'jwt-decode': [ '4.0.0' ],
26 silly audit   lightningcss: [ '1.29.2' ],
26 silly audit   'lightningcss-darwin-arm64': [ '1.29.2' ],
26 silly audit   'lightningcss-darwin-x64': [ '1.29.2' ],
26 silly audit   'lightningcss-freebsd-x64': [ '1.29.2' ],
26 silly audit   'lightningcss-linux-arm-gnueabihf': [ '1.29.2' ],
26 silly audit   'lightningcss-linux-arm64-gnu': [ '1.29.2' ],
26 silly audit   'lightningcss-linux-arm64-musl': [ '1.29.2' ],
26 silly audit   'lightningcss-linux-x64-gnu': [ '1.29.2' ],
26 silly audit   'lightningcss-linux-x64-musl': [ '1.29.2' ],
26 silly audit   'lightningcss-win32-arm64-msvc': [ '1.29.2' ],
26 silly audit   'lightningcss-win32-x64-msvc': [ '1.29.2' ],
26 silly audit   'motion-dom': [ '12.9.1' ],
26 silly audit   'motion-utils': [ '12.8.3' ],
26 silly audit   nanoid: [ '3.3.11' ],
26 silly audit   next: [ '15.3.1' ],
26 silly audit   postcss: [ '8.4.31', '8.5.3' ],
26 silly audit   picocolors: [ '1.1.1' ],
26 silly audit   react: [ '19.1.0' ],
26 silly audit   'react-dom': [ '19.1.0' ],
26 silly audit   'react-icons': [ '5.5.0' ],
26 silly audit   scheduler: [ '0.26.0' ],
26 silly audit   semver: [ '7.7.1' ],
26 silly audit   sharp: [ '0.34.1' ],
26 silly audit   'simple-swizzle': [ '0.2.2' ],
26 silly audit   sonner: [ '2.0.3' ],
26 silly audit   'source-map-js': [ '1.2.1' ],
26 silly audit   streamsearch: [ '1.1.0' ],
26 silly audit   'styled-jsx': [ '5.1.6' ],
26 silly audit   tailwindcss: [ '4.1.4' ],
26 silly audit   tapable: [ '2.2.1' ],
26 silly audit   tslib: [ '2.8.1' ],
26 silly audit   typescript: [ '5.8.3' ],
26 silly audit   'undici-types': [ '6.19.8' ],
26 silly audit   'lucide-react': [ '0.525.0' ],
26 silly audit   '@tailwindcss/oxide-wasm32-wasi': [ '4.1.4' ]
26 silly audit }
27 verbose reify failed optional dependency C:\Devine Projects\labisengineer7-frontend\node_modules\lightningcss-win32-arm64-msvc
28 silly reify mark deleted [
28 silly reify   'C:\\Devine Projects\\labisengineer7-frontend\\node_modules\\lightningcss-win32-arm64-msvc'
28 silly reify ]
29 verbose reify failed optional dependency C:\Devine Projects\labisengineer7-frontend\node_modules\lightningcss-linux-x64-musl
30 silly reify mark deleted [
30 silly reify   'C:\\Devine Projects\\labisengineer7-frontend\\node_modules\\lightningcss-linux-x64-musl'
30 silly reify ]
31 verbose reify failed optional dependency C:\Devine Projects\labisengineer7-frontend\node_modules\lightningcss-linux-x64-gnu
32 silly reify mark deleted [
32 silly reify   'C:\\Devine Projects\\labisengineer7-frontend\\node_modules\\lightningcss-linux-x64-gnu'
32 silly reify ]
33 verbose reify failed optional dependency C:\Devine Projects\labisengineer7-frontend\node_modules\lightningcss-linux-arm64-musl
34 silly reify mark deleted [
34 silly reify   'C:\\Devine Projects\\labisengineer7-frontend\\node_modules\\lightningcss-linux-arm64-musl'
34 silly reify ]
35 verbose reify failed optional dependency C:\Devine Projects\labisengineer7-frontend\node_modules\lightningcss-linux-arm64-gnu
36 silly reify mark deleted [
36 silly reify   'C:\\Devine Projects\\labisengineer7-frontend\\node_modules\\lightningcss-linux-arm64-gnu'
36 silly reify ]
37 verbose reify failed optional dependency C:\Devine Projects\labisengineer7-frontend\node_modules\lightningcss-linux-arm-gnueabihf
38 silly reify mark deleted [
38 silly reify   'C:\\Devine Projects\\labisengineer7-frontend\\node_modules\\lightningcss-linux-arm-gnueabihf'
38 silly reify ]
39 verbose reify failed optional dependency C:\Devine Projects\labisengineer7-frontend\node_modules\lightningcss-freebsd-x64
40 silly reify mark deleted [
40 silly reify   'C:\\Devine Projects\\labisengineer7-frontend\\node_modules\\lightningcss-freebsd-x64'
40 silly reify ]
41 verbose reify failed optional dependency C:\Devine Projects\labisengineer7-frontend\node_modules\lightningcss-darwin-x64
42 silly reify mark deleted [
42 silly reify   'C:\\Devine Projects\\labisengineer7-frontend\\node_modules\\lightningcss-darwin-x64'
42 silly reify ]
43 verbose reify failed optional dependency C:\Devine Projects\labisengineer7-frontend\node_modules\lightningcss-darwin-arm64
44 silly reify mark deleted [
44 silly reify   'C:\\Devine Projects\\labisengineer7-frontend\\node_modules\\lightningcss-darwin-arm64'
44 silly reify ]
45 verbose reify failed optional dependency C:\Devine Projects\labisengineer7-frontend\node_modules\@tailwindcss\oxide-win32-arm64-msvc
46 silly reify mark deleted [
46 silly reify   'C:\\Devine Projects\\labisengineer7-frontend\\node_modules\\@tailwindcss\\oxide-win32-arm64-msvc'
46 silly reify ]
47 verbose reify failed optional dependency C:\Devine Projects\labisengineer7-frontend\node_modules\@tailwindcss\oxide-linux-x64-musl
48 silly reify mark deleted [
48 silly reify   'C:\\Devine Projects\\labisengineer7-frontend\\node_modules\\@tailwindcss\\oxide-linux-x64-musl'
48 silly reify ]
49 verbose reify failed optional dependency C:\Devine Projects\labisengineer7-frontend\node_modules\@tailwindcss\oxide-linux-x64-gnu
50 silly reify mark deleted [
50 silly reify   'C:\\Devine Projects\\labisengineer7-frontend\\node_modules\\@tailwindcss\\oxide-linux-x64-gnu'
50 silly reify ]
51 verbose reify failed optional dependency C:\Devine Projects\labisengineer7-frontend\node_modules\@tailwindcss\oxide-linux-arm64-musl
52 silly reify mark deleted [
52 silly reify   'C:\\Devine Projects\\labisengineer7-frontend\\node_modules\\@tailwindcss\\oxide-linux-arm64-musl'
52 silly reify ]
53 verbose reify failed optional dependency C:\Devine Projects\labisengineer7-frontend\node_modules\@tailwindcss\oxide-linux-arm64-gnu
54 silly reify mark deleted [
54 silly reify   'C:\\Devine Projects\\labisengineer7-frontend\\node_modules\\@tailwindcss\\oxide-linux-arm64-gnu'
54 silly reify ]
55 verbose reify failed optional dependency C:\Devine Projects\labisengineer7-frontend\node_modules\@tailwindcss\oxide-linux-arm-gnueabihf
56 silly reify mark deleted [
56 silly reify   'C:\\Devine Projects\\labisengineer7-frontend\\node_modules\\@tailwindcss\\oxide-linux-arm-gnueabihf'
56 silly reify ]
57 verbose reify failed optional dependency C:\Devine Projects\labisengineer7-frontend\node_modules\@tailwindcss\oxide-freebsd-x64
58 silly reify mark deleted [
58 silly reify   'C:\\Devine Projects\\labisengineer7-frontend\\node_modules\\@tailwindcss\\oxide-freebsd-x64'
58 silly reify ]
59 verbose reify failed optional dependency C:\Devine Projects\labisengineer7-frontend\node_modules\@tailwindcss\oxide-darwin-x64
60 silly reify mark deleted [
60 silly reify   'C:\\Devine Projects\\labisengineer7-frontend\\node_modules\\@tailwindcss\\oxide-darwin-x64'
60 silly reify ]
61 verbose reify failed optional dependency C:\Devine Projects\labisengineer7-frontend\node_modules\@tailwindcss\oxide-darwin-arm64
62 silly reify mark deleted [
62 silly reify   'C:\\Devine Projects\\labisengineer7-frontend\\node_modules\\@tailwindcss\\oxide-darwin-arm64'
62 silly reify ]
63 verbose reify failed optional dependency C:\Devine Projects\labisengineer7-frontend\node_modules\@tailwindcss\oxide-android-arm64
64 silly reify mark deleted [
64 silly reify   'C:\\Devine Projects\\labisengineer7-frontend\\node_modules\\@tailwindcss\\oxide-android-arm64'
64 silly reify ]
65 verbose reify failed optional dependency C:\Devine Projects\labisengineer7-frontend\node_modules\@next\swc-win32-arm64-msvc
66 silly reify mark deleted [
66 silly reify   'C:\\Devine Projects\\labisengineer7-frontend\\node_modules\\@next\\swc-win32-arm64-msvc'
66 silly reify ]
67 verbose reify failed optional dependency C:\Devine Projects\labisengineer7-frontend\node_modules\@next\swc-linux-x64-musl
68 silly reify mark deleted [
68 silly reify   'C:\\Devine Projects\\labisengineer7-frontend\\node_modules\\@next\\swc-linux-x64-musl'
68 silly reify ]
69 verbose reify failed optional dependency C:\Devine Projects\labisengineer7-frontend\node_modules\@next\swc-linux-x64-gnu
70 silly reify mark deleted [
70 silly reify   'C:\\Devine Projects\\labisengineer7-frontend\\node_modules\\@next\\swc-linux-x64-gnu'
70 silly reify ]
71 verbose reify failed optional dependency C:\Devine Projects\labisengineer7-frontend\node_modules\@next\swc-linux-arm64-musl
72 silly reify mark deleted [
72 silly reify   'C:\\Devine Projects\\labisengineer7-frontend\\node_modules\\@next\\swc-linux-arm64-musl'
72 silly reify ]
73 verbose reify failed optional dependency C:\Devine Projects\labisengineer7-frontend\node_modules\@next\swc-linux-arm64-gnu
74 silly reify mark deleted [
74 silly reify   'C:\\Devine Projects\\labisengineer7-frontend\\node_modules\\@next\\swc-linux-arm64-gnu'
74 silly reify ]
75 verbose reify failed optional dependency C:\Devine Projects\labisengineer7-frontend\node_modules\@next\swc-darwin-x64
76 silly reify mark deleted [
76 silly reify   'C:\\Devine Projects\\labisengineer7-frontend\\node_modules\\@next\\swc-darwin-x64'
76 silly reify ]
77 verbose reify failed optional dependency C:\Devine Projects\labisengineer7-frontend\node_modules\@next\swc-darwin-arm64
78 silly reify mark deleted [
78 silly reify   'C:\\Devine Projects\\labisengineer7-frontend\\node_modules\\@next\\swc-darwin-arm64'
78 silly reify ]
79 verbose reify failed optional dependency C:\Devine Projects\labisengineer7-frontend\node_modules\@img\sharp-win32-ia32
80 silly reify mark deleted [
80 silly reify   'C:\\Devine Projects\\labisengineer7-frontend\\node_modules\\@img\\sharp-win32-ia32'
80 silly reify ]
81 verbose reify failed optional dependency C:\Devine Projects\labisengineer7-frontend\node_modules\@img\sharp-wasm32
82 silly reify mark deleted [
82 silly reify   'C:\\Devine Projects\\labisengineer7-frontend\\node_modules\\@img\\sharp-wasm32'
82 silly reify ]
83 verbose reify failed optional dependency C:\Devine Projects\labisengineer7-frontend\node_modules\@img\sharp-linuxmusl-x64
84 silly reify mark deleted [
84 silly reify   'C:\\Devine Projects\\labisengineer7-frontend\\node_modules\\@img\\sharp-linuxmusl-x64'
84 silly reify ]
85 verbose reify failed optional dependency C:\Devine Projects\labisengineer7-frontend\node_modules\@img\sharp-linuxmusl-arm64
86 silly reify mark deleted [
86 silly reify   'C:\\Devine Projects\\labisengineer7-frontend\\node_modules\\@img\\sharp-linuxmusl-arm64'
86 silly reify ]
87 verbose reify failed optional dependency C:\Devine Projects\labisengineer7-frontend\node_modules\@img\sharp-linux-x64
88 silly reify mark deleted [
88 silly reify   'C:\\Devine Projects\\labisengineer7-frontend\\node_modules\\@img\\sharp-linux-x64'
88 silly reify ]
89 verbose reify failed optional dependency C:\Devine Projects\labisengineer7-frontend\node_modules\@img\sharp-linux-s390x
90 silly reify mark deleted [
90 silly reify   'C:\\Devine Projects\\labisengineer7-frontend\\node_modules\\@img\\sharp-linux-s390x'
90 silly reify ]
91 verbose reify failed optional dependency C:\Devine Projects\labisengineer7-frontend\node_modules\@img\sharp-linux-arm64
92 silly reify mark deleted [
92 silly reify   'C:\\Devine Projects\\labisengineer7-frontend\\node_modules\\@img\\sharp-linux-arm64'
92 silly reify ]
93 verbose reify failed optional dependency C:\Devine Projects\labisengineer7-frontend\node_modules\@img\sharp-linux-arm
94 silly reify mark deleted [
94 silly reify   'C:\\Devine Projects\\labisengineer7-frontend\\node_modules\\@img\\sharp-linux-arm'
94 silly reify ]
95 verbose reify failed optional dependency C:\Devine Projects\labisengineer7-frontend\node_modules\@img\sharp-libvips-linuxmusl-x64
96 silly reify mark deleted [
96 silly reify   'C:\\Devine Projects\\labisengineer7-frontend\\node_modules\\@img\\sharp-libvips-linuxmusl-x64'
96 silly reify ]
97 verbose reify failed optional dependency C:\Devine Projects\labisengineer7-frontend\node_modules\@img\sharp-libvips-linuxmusl-arm64
98 silly reify mark deleted [
98 silly reify   'C:\\Devine Projects\\labisengineer7-frontend\\node_modules\\@img\\sharp-libvips-linuxmusl-arm64'
98 silly reify ]
99 verbose reify failed optional dependency C:\Devine Projects\labisengineer7-frontend\node_modules\@img\sharp-libvips-linux-x64
100 silly reify mark deleted [
100 silly reify   'C:\\Devine Projects\\labisengineer7-frontend\\node_modules\\@img\\sharp-libvips-linux-x64'
100 silly reify ]
101 verbose reify failed optional dependency C:\Devine Projects\labisengineer7-frontend\node_modules\@img\sharp-libvips-linux-s390x
102 silly reify mark deleted [
102 silly reify   'C:\\Devine Projects\\labisengineer7-frontend\\node_modules\\@img\\sharp-libvips-linux-s390x'
102 silly reify ]
103 verbose reify failed optional dependency C:\Devine Projects\labisengineer7-frontend\node_modules\@img\sharp-libvips-linux-ppc64
104 silly reify mark deleted [
104 silly reify   'C:\\Devine Projects\\labisengineer7-frontend\\node_modules\\@img\\sharp-libvips-linux-ppc64'
104 silly reify ]
105 verbose reify failed optional dependency C:\Devine Projects\labisengineer7-frontend\node_modules\@img\sharp-libvips-linux-arm64
106 silly reify mark deleted [
106 silly reify   'C:\\Devine Projects\\labisengineer7-frontend\\node_modules\\@img\\sharp-libvips-linux-arm64'
106 silly reify ]
107 verbose reify failed optional dependency C:\Devine Projects\labisengineer7-frontend\node_modules\@img\sharp-libvips-linux-arm
108 silly reify mark deleted [
108 silly reify   'C:\\Devine Projects\\labisengineer7-frontend\\node_modules\\@img\\sharp-libvips-linux-arm'
108 silly reify ]
109 verbose reify failed optional dependency C:\Devine Projects\labisengineer7-frontend\node_modules\@img\sharp-libvips-darwin-x64
110 silly reify mark deleted [
110 silly reify   'C:\\Devine Projects\\labisengineer7-frontend\\node_modules\\@img\\sharp-libvips-darwin-x64'
110 silly reify ]
111 verbose reify failed optional dependency C:\Devine Projects\labisengineer7-frontend\node_modules\@img\sharp-libvips-darwin-arm64
112 silly reify mark deleted [
112 silly reify   'C:\\Devine Projects\\labisengineer7-frontend\\node_modules\\@img\\sharp-libvips-darwin-arm64'
112 silly reify ]
113 verbose reify failed optional dependency C:\Devine Projects\labisengineer7-frontend\node_modules\@img\sharp-darwin-x64
114 silly reify mark deleted [
114 silly reify   'C:\\Devine Projects\\labisengineer7-frontend\\node_modules\\@img\\sharp-darwin-x64'
114 silly reify ]
115 verbose reify failed optional dependency C:\Devine Projects\labisengineer7-frontend\node_modules\@img\sharp-darwin-arm64
116 silly reify mark deleted [
116 silly reify   'C:\\Devine Projects\\labisengineer7-frontend\\node_modules\\@img\\sharp-darwin-arm64'
116 silly reify ]
117 http cache lucide-react@https://registry.npmjs.org/lucide-react/-/lucide-react-0.525.0.tgz 0ms (cache hit)
118 silly tarball no local data for lucide-react@https://registry.npmjs.org/lucide-react/-/lucide-react-0.525.0.tgz. Extracting by manifest.
119 http fetch POST 200 https://registry.npmjs.org/-/npm/v1/security/advisories/bulk 304ms
120 silly audit report {}
121 http fetch GET 200 https://registry.npmjs.org/lucide-react/-/lucide-react-0.525.0.tgz 3115ms (cache miss)
122 silly ADD node_modules/lucide-react
123 silly ADD
124 silly ADD
125 silly ADD
126 silly ADD
127 silly ADD
128 silly ADD
129 silly ADD
130 silly ADD
131 silly ADD
132 silly ADD
133 silly ADD
134 silly ADD
135 silly ADD
136 silly ADD
137 silly ADD
138 silly ADD
139 silly ADD
140 silly ADD
141 silly ADD
142 silly ADD
143 silly ADD
144 silly ADD
145 silly ADD
146 silly ADD
147 silly ADD
148 silly ADD
149 silly ADD
150 silly ADD
151 silly ADD
152 silly ADD
153 silly ADD
154 silly ADD
155 silly ADD
156 silly ADD
157 silly ADD
158 silly ADD
159 silly ADD
160 silly ADD
161 silly ADD
162 silly ADD
163 silly ADD
164 silly ADD
165 silly ADD
166 silly ADD
167 silly ADD
168 silly ADD
169 verbose cwd C:\Devine Projects\labisengineer7-frontend
170 verbose os Windows_NT 10.0.26100
171 verbose node v22.16.0
172 verbose npm  v10.9.2
173 verbose exit 0
174 info ok
