0 verbose cli C:\Program Files\nodejs\node.exe C:\Program Files\nodejs\node_modules\npm\bin\npm-cli.js
1 info using npm@10.9.2
2 info using node@v22.16.0
3 silly config load:file:C:\Program Files\nodejs\node_modules\npm\npmrc
4 silly config load:file:C:\Devine Projects\labisengineer7-frontend\.npmrc
5 silly config load:file:C:\Users\game0\.npmrc
6 silly config load:file:C:\Users\game0\AppData\Roaming\npm\etc\npmrc
7 verbose title npm install antd
8 verbose argv "install" "antd"
9 verbose logfile logs-max:10 dir:C:\Devine Projects\labisengineer7-frontend\npm-cache\_logs\2025-06-29T15_36_06_707Z-
10 verbose logfile C:\Devine Projects\labisengineer7-frontend\npm-cache\_logs\2025-06-29T15_36_06_707Z-debug-0.log
11 silly logfile done cleaning log files
12 silly packumentCache heap:4345298944 maxSize:1086324736 maxEntrySize:543162368
13 silly idealTree buildDeps
14 silly fetch manifest antd@*
15 silly packumentCache full:https://registry.npmjs.org/antd cache-miss
16 http fetch GET 200 https://registry.npmjs.org/antd 356ms (cache miss)
17 silly packumentCache full:https://registry.npmjs.org/antd set size:undefined disposed:false
18 silly fetch manifest react@^19.0.0
19 silly packumentCache full:https://registry.npmjs.org/react cache-miss
20 http fetch GET 200 https://registry.npmjs.org/react 57ms (cache revalidated)
21 silly packumentCache full:https://registry.npmjs.org/react set size:5808624 disposed:false
22 silly fetch manifest react-dom@^19.0.0
23 silly packumentCache full:https://registry.npmjs.org/react-dom cache-miss
24 http fetch GET 200 https://registry.npmjs.org/react-dom 125ms (cache miss)
25 silly packumentCache full:https://registry.npmjs.org/react-dom set size:undefined disposed:false
26 silly placeDep ROOT antd@5.26.2 OK for: frontend-boilerplate@0.1.0 want: *
27 silly fetch manifest dayjs@^1.11.11
28 silly packumentCache full:https://registry.npmjs.org/dayjs cache-miss
29 silly fetch manifest rc-menu@~9.16.1
30 silly packumentCache full:https://registry.npmjs.org/rc-menu cache-miss
31 silly fetch manifest rc-rate@~2.13.1
32 silly packumentCache full:https://registry.npmjs.org/rc-rate cache-miss
33 silly fetch manifest rc-tabs@~15.6.1
34 silly packumentCache full:https://registry.npmjs.org/rc-tabs cache-miss
35 silly fetch manifest rc-tree@~5.13.1
36 silly packumentCache full:https://registry.npmjs.org/rc-tree cache-miss
37 silly fetch manifest rc-util@^5.44.4
38 silly packumentCache full:https://registry.npmjs.org/rc-util cache-miss
39 silly fetch manifest rc-image@~7.12.0
40 silly packumentCache full:https://registry.npmjs.org/rc-image cache-miss
41 silly fetch manifest rc-input@~1.8.0
42 silly packumentCache full:https://registry.npmjs.org/rc-input cache-miss
43 silly fetch manifest rc-steps@~6.0.1
44 silly packumentCache full:https://registry.npmjs.org/rc-steps cache-miss
45 silly fetch manifest rc-table@~7.51.1
46 silly packumentCache full:https://registry.npmjs.org/rc-table cache-miss
47 silly fetch manifest rc-dialog@~9.6.0
48 silly packumentCache full:https://registry.npmjs.org/rc-dialog cache-miss
49 silly fetch manifest rc-drawer@~7.3.0
50 silly packumentCache full:https://registry.npmjs.org/rc-drawer cache-miss
51 silly fetch manifest rc-motion@^2.9.5
52 silly packumentCache full:https://registry.npmjs.org/rc-motion cache-miss
53 silly fetch manifest rc-picker@~4.11.3
54 silly packumentCache full:https://registry.npmjs.org/rc-picker cache-miss
55 silly fetch manifest rc-select@~14.16.8
56 silly packumentCache full:https://registry.npmjs.org/rc-select cache-miss
57 http fetch GET 200 https://registry.npmjs.org/dayjs 251ms (cache miss)
58 silly packumentCache full:https://registry.npmjs.org/dayjs set size:undefined disposed:false
59 silly fetch manifest rc-slider@~11.1.8
60 silly packumentCache full:https://registry.npmjs.org/rc-slider cache-miss
61 http fetch GET 200 https://registry.npmjs.org/rc-rate 289ms (cache miss)
62 silly packumentCache full:https://registry.npmjs.org/rc-rate set size:undefined disposed:false
63 silly fetch manifest rc-switch@~4.1.0
64 silly packumentCache full:https://registry.npmjs.org/rc-switch cache-miss
65 http fetch GET 200 https://registry.npmjs.org/rc-input 303ms (cache miss)
66 silly packumentCache full:https://registry.npmjs.org/rc-input set size:undefined disposed:false
67 silly fetch manifest rc-upload@~4.9.2
68 silly packumentCache full:https://registry.npmjs.org/rc-upload cache-miss
69 http fetch GET 200 https://registry.npmjs.org/rc-motion 304ms (cache miss)
70 silly packumentCache full:https://registry.npmjs.org/rc-motion set size:undefined disposed:false
71 silly fetch manifest classnames@^2.5.1
72 silly packumentCache full:https://registry.npmjs.org/classnames cache-miss
73 http fetch GET 200 https://registry.npmjs.org/rc-steps 308ms (cache miss)
74 silly packumentCache full:https://registry.npmjs.org/rc-steps set size:undefined disposed:false
75 silly fetch manifest rc-tooltip@~6.4.0
76 silly packumentCache full:https://registry.npmjs.org/rc-tooltip cache-miss
77 http fetch GET 200 https://registry.npmjs.org/rc-util 322ms (cache miss)
78 silly packumentCache full:https://registry.npmjs.org/rc-util set size:undefined disposed:false
79 silly fetch manifest rc-cascader@~3.34.0
80 silly packumentCache full:https://registry.npmjs.org/rc-cascader cache-miss
81 http fetch GET 200 https://registry.npmjs.org/rc-image 328ms (cache miss)
82 silly packumentCache full:https://registry.npmjs.org/rc-image set size:undefined disposed:false
83 silly fetch manifest rc-checkbox@~3.5.0
84 silly packumentCache full:https://registry.npmjs.org/rc-checkbox cache-miss
85 http fetch GET 200 https://registry.npmjs.org/rc-drawer 335ms (cache miss)
86 silly packumentCache full:https://registry.npmjs.org/rc-drawer set size:undefined disposed:false
87 silly fetch manifest rc-collapse@~3.9.0
88 silly packumentCache full:https://registry.npmjs.org/rc-collapse cache-miss
89 http fetch GET 200 https://registry.npmjs.org/rc-dialog 342ms (cache miss)
90 silly packumentCache full:https://registry.npmjs.org/rc-dialog set size:undefined disposed:false
91 silly fetch manifest rc-dropdown@~4.2.1
92 silly packumentCache full:https://registry.npmjs.org/rc-dropdown cache-miss
93 http fetch GET 200 https://registry.npmjs.org/rc-menu 348ms (cache miss)
94 silly packumentCache full:https://registry.npmjs.org/rc-menu set size:undefined disposed:false
95 silly fetch manifest rc-mentions@~2.20.0
96 silly packumentCache full:https://registry.npmjs.org/rc-mentions cache-miss
97 http fetch GET 200 https://registry.npmjs.org/rc-tabs 353ms (cache miss)
98 silly packumentCache full:https://registry.npmjs.org/rc-tabs set size:undefined disposed:false
99 silly fetch manifest rc-progress@~4.0.0
100 silly packumentCache full:https://registry.npmjs.org/rc-progress cache-miss
101 http fetch GET 200 https://registry.npmjs.org/rc-tree 361ms (cache miss)
102 silly packumentCache full:https://registry.npmjs.org/rc-tree set size:undefined disposed:false
103 silly fetch manifest rc-textarea@~1.10.0
104 silly packumentCache full:https://registry.npmjs.org/rc-textarea cache-miss
105 http fetch GET 200 https://registry.npmjs.org/rc-picker 370ms (cache miss)
106 silly packumentCache full:https://registry.npmjs.org/rc-picker set size:undefined disposed:false
107 silly fetch manifest rc-segmented@~2.7.0
108 silly packumentCache full:https://registry.npmjs.org/rc-segmented cache-miss
109 http fetch GET 200 https://registry.npmjs.org/rc-table 376ms (cache miss)
110 silly packumentCache full:https://registry.npmjs.org/rc-table set size:undefined disposed:false
111 silly fetch manifest rc-field-form@~2.7.0
112 silly packumentCache full:https://registry.npmjs.org/rc-field-form cache-miss
113 http fetch GET 200 https://registry.npmjs.org/rc-select 385ms (cache miss)
114 silly packumentCache full:https://registry.npmjs.org/rc-select set size:undefined disposed:false
115 silly fetch manifest rc-pagination@~5.1.0
116 silly packumentCache full:https://registry.npmjs.org/rc-pagination cache-miss
117 http fetch GET 200 https://registry.npmjs.org/rc-switch 207ms (cache miss)
118 silly packumentCache full:https://registry.npmjs.org/rc-switch set size:undefined disposed:false
119 silly fetch manifest @babel/runtime@^7.26.0
120 silly packumentCache full:https://registry.npmjs.org/@babel%2fruntime cache-miss
121 http fetch GET 200 https://registry.npmjs.org/rc-tooltip 204ms (cache miss)
122 silly packumentCache full:https://registry.npmjs.org/rc-tooltip set size:undefined disposed:false
123 silly fetch manifest rc-tree-select@~5.27.0
124 silly packumentCache full:https://registry.npmjs.org/rc-tree-select cache-miss
125 http fetch GET 200 https://registry.npmjs.org/classnames 214ms (cache miss)
126 silly packumentCache full:https://registry.npmjs.org/classnames set size:undefined disposed:false
127 silly fetch manifest rc-input-number@~9.5.0
128 silly packumentCache full:https://registry.npmjs.org/rc-input-number cache-miss
129 http fetch GET 200 https://registry.npmjs.org/rc-upload 228ms (cache miss)
130 silly packumentCache full:https://registry.npmjs.org/rc-upload set size:undefined disposed:false
131 silly fetch manifest rc-notification@~5.6.4
132 silly packumentCache full:https://registry.npmjs.org/rc-notification cache-miss
133 http fetch GET 200 https://registry.npmjs.org/rc-checkbox 212ms (cache miss)
134 silly packumentCache full:https://registry.npmjs.org/rc-checkbox set size:undefined disposed:false
135 silly fetch manifest @ant-design/icons@^5.6.1
136 silly packumentCache full:https://registry.npmjs.org/@ant-design%2ficons cache-miss
137 http fetch GET 200 https://registry.npmjs.org/rc-collapse 227ms (cache miss)
138 silly packumentCache full:https://registry.npmjs.org/rc-collapse set size:undefined disposed:false
139 silly fetch manifest copy-to-clipboard@^3.3.3
140 silly packumentCache full:https://registry.npmjs.org/copy-to-clipboard cache-miss
141 http fetch GET 200 https://registry.npmjs.org/rc-slider 321ms (cache miss)
142 silly packumentCache full:https://registry.npmjs.org/rc-slider set size:undefined disposed:false
143 silly fetch manifest throttle-debounce@^5.0.2
144 silly packumentCache full:https://registry.npmjs.org/throttle-debounce cache-miss
145 http fetch GET 200 https://registry.npmjs.org/rc-mentions 232ms (cache miss)
146 silly packumentCache full:https://registry.npmjs.org/rc-mentions set size:undefined disposed:false
147 silly fetch manifest @ant-design/colors@^7.2.1
148 silly packumentCache full:https://registry.npmjs.org/@ant-design%2fcolors cache-miss
149 http fetch GET 200 https://registry.npmjs.org/rc-progress 231ms (cache miss)
150 silly packumentCache full:https://registry.npmjs.org/rc-progress set size:undefined disposed:false
151 silly fetch manifest @rc-component/tour@~1.15.1
152 silly packumentCache full:https://registry.npmjs.org/@rc-component%2ftour cache-miss
153 http fetch GET 200 https://registry.npmjs.org/rc-textarea 224ms (cache miss)
154 silly packumentCache full:https://registry.npmjs.org/rc-textarea set size:undefined disposed:false
155 silly fetch manifest rc-resize-observer@^1.4.3
156 silly packumentCache full:https://registry.npmjs.org/rc-resize-observer cache-miss
157 http fetch GET 200 https://registry.npmjs.org/rc-dropdown 246ms (cache miss)
158 silly packumentCache full:https://registry.npmjs.org/rc-dropdown set size:undefined disposed:false
159 silly fetch manifest @ant-design/cssinjs@^1.23.0
160 silly packumentCache full:https://registry.npmjs.org/@ant-design%2fcssinjs cache-miss
161 http fetch GET 200 https://registry.npmjs.org/rc-segmented 221ms (cache miss)
162 silly packumentCache full:https://registry.npmjs.org/rc-segmented set size:undefined disposed:false
163 silly fetch manifest @rc-component/qrcode@~1.0.0
164 silly packumentCache full:https://registry.npmjs.org/@rc-component%2fqrcode cache-miss
165 http fetch GET 200 https://registry.npmjs.org/rc-cascader 275ms (cache miss)
166 silly packumentCache full:https://registry.npmjs.org/rc-cascader set size:undefined disposed:false
167 silly fetch manifest @rc-component/trigger@^2.2.7
168 silly packumentCache full:https://registry.npmjs.org/@rc-component%2ftrigger cache-miss
169 http fetch GET 200 https://registry.npmjs.org/rc-field-form 224ms (cache miss)
170 silly packumentCache full:https://registry.npmjs.org/rc-field-form set size:undefined disposed:false
171 silly fetch manifest @ant-design/fast-color@^2.0.6
172 silly packumentCache full:https://registry.npmjs.org/@ant-design%2ffast-color cache-miss
173 http fetch GET 200 https://registry.npmjs.org/rc-pagination 224ms (cache miss)
174 silly packumentCache full:https://registry.npmjs.org/rc-pagination set size:undefined disposed:false
175 silly fetch manifest @ant-design/react-slick@~1.1.2
176 silly packumentCache full:https://registry.npmjs.org/@ant-design%2freact-slick cache-miss
177 http fetch GET 200 https://registry.npmjs.org/rc-tree-select 216ms (cache miss)
178 silly packumentCache full:https://registry.npmjs.org/rc-tree-select set size:undefined disposed:false
179 silly fetch manifest @ant-design/cssinjs-utils@^1.1.3
180 silly packumentCache full:https://registry.npmjs.org/@ant-design%2fcssinjs-utils cache-miss
181 http fetch GET 200 https://registry.npmjs.org/rc-input-number 222ms (cache miss)
182 silly packumentCache full:https://registry.npmjs.org/rc-input-number set size:undefined disposed:false
183 silly fetch manifest @rc-component/color-picker@~2.0.1
184 silly packumentCache full:https://registry.npmjs.org/@rc-component%2fcolor-picker cache-miss
185 http fetch GET 200 https://registry.npmjs.org/rc-notification 230ms (cache miss)
186 silly packumentCache full:https://registry.npmjs.org/rc-notification set size:undefined disposed:false
187 silly fetch manifest scroll-into-view-if-needed@^3.1.0
188 silly packumentCache full:https://registry.npmjs.org/scroll-into-view-if-needed cache-miss
189 http fetch GET 200 https://registry.npmjs.org/throttle-debounce 207ms (cache miss)
190 silly packumentCache full:https://registry.npmjs.org/throttle-debounce set size:undefined disposed:false
191 silly fetch manifest @rc-component/mutate-observer@^1.1.0
192 silly packumentCache full:https://registry.npmjs.org/@rc-component%2fmutate-observer cache-miss
193 http fetch GET 200 https://registry.npmjs.org/copy-to-clipboard 220ms (cache miss)
194 silly packumentCache full:https://registry.npmjs.org/copy-to-clipboard set size:undefined disposed:false
195 http fetch GET 200 https://registry.npmjs.org/rc-resize-observer 208ms (cache miss)
196 silly packumentCache full:https://registry.npmjs.org/rc-resize-observer set size:undefined disposed:false
197 http fetch GET 200 https://registry.npmjs.org/@babel%2fruntime 496ms (cache miss)
198 silly packumentCache full:https://registry.npmjs.org/@babel%2fruntime set size:undefined disposed:false
199 http fetch GET 200 https://registry.npmjs.org/scroll-into-view-if-needed 242ms (cache miss)
200 silly packumentCache full:https://registry.npmjs.org/scroll-into-view-if-needed set size:undefined disposed:false
201 http fetch GET 200 https://registry.npmjs.org/@rc-component%2fqrcode 634ms (cache miss)
202 silly packumentCache full:https://registry.npmjs.org/@rc-component%2fqrcode set size:undefined disposed:false
203 http fetch GET 200 https://registry.npmjs.org/@ant-design%2fcolors 652ms (cache miss)
204 silly packumentCache full:https://registry.npmjs.org/@ant-design%2fcolors set size:undefined disposed:false
205 http fetch GET 200 https://registry.npmjs.org/@rc-component%2ftour 651ms (cache miss)
206 silly packumentCache full:https://registry.npmjs.org/@rc-component%2ftour set size:undefined disposed:false
207 http fetch GET 200 https://registry.npmjs.org/@ant-design%2freact-slick 621ms (cache miss)
208 silly packumentCache full:https://registry.npmjs.org/@ant-design%2freact-slick set size:undefined disposed:false
209 http fetch GET 200 https://registry.npmjs.org/@ant-design%2ffast-color 632ms (cache miss)
210 silly packumentCache full:https://registry.npmjs.org/@ant-design%2ffast-color set size:undefined disposed:false
211 http fetch GET 200 https://registry.npmjs.org/@rc-component%2ftrigger 641ms (cache miss)
212 silly packumentCache full:https://registry.npmjs.org/@rc-component%2ftrigger set size:undefined disposed:false
213 http fetch GET 200 https://registry.npmjs.org/@ant-design%2fcssinjs 652ms (cache miss)
214 silly packumentCache full:https://registry.npmjs.org/@ant-design%2fcssinjs set size:undefined disposed:false
215 http fetch GET 200 https://registry.npmjs.org/@ant-design%2fcssinjs-utils 605ms (cache miss)
216 silly packumentCache full:https://registry.npmjs.org/@ant-design%2fcssinjs-utils set size:undefined disposed:false
217 http fetch GET 200 https://registry.npmjs.org/@rc-component%2fcolor-picker 622ms (cache miss)
218 silly packumentCache full:https://registry.npmjs.org/@rc-component%2fcolor-picker set size:undefined disposed:false
219 http fetch GET 200 https://registry.npmjs.org/@rc-component%2fmutate-observer 628ms (cache miss)
220 silly packumentCache full:https://registry.npmjs.org/@rc-component%2fmutate-observer set size:undefined disposed:false
221 http fetch GET 200 https://registry.npmjs.org/@ant-design%2ficons 1432ms (cache miss)
222 silly packumentCache full:https://registry.npmjs.org/@ant-design%2ficons set size:undefined disposed:false
223 silly fetch manifest react@>=16.9.0
224 silly packumentCache full:https://registry.npmjs.org/react cache-miss
225 http cache https://registry.npmjs.org/react 21ms (cache hit)
226 silly packumentCache full:https://registry.npmjs.org/react set size:5808624 disposed:false
227 silly fetch manifest react-dom@>=16.9.0
228 silly packumentCache full:https://registry.npmjs.org/react-dom cache-miss
229 http cache https://registry.npmjs.org/react-dom 14ms (cache hit)
230 silly packumentCache full:https://registry.npmjs.org/react-dom set size:7426583 disposed:false
231 silly fetch manifest date-fns@>= 2.x
232 silly packumentCache full:https://registry.npmjs.org/date-fns cache-miss
233 http fetch GET 200 https://registry.npmjs.org/date-fns 368ms (cache miss)
234 silly packumentCache full:https://registry.npmjs.org/date-fns set size:undefined disposed:false
235 silly fetch manifest luxon@>= 3.x
236 silly packumentCache full:https://registry.npmjs.org/luxon cache-miss
237 http fetch GET 200 https://registry.npmjs.org/luxon 1029ms (cache miss)
238 silly packumentCache full:https://registry.npmjs.org/luxon set size:undefined disposed:false
239 silly fetch manifest moment@>= 2.x
240 silly packumentCache full:https://registry.npmjs.org/moment cache-miss
241 http fetch GET 200 https://registry.npmjs.org/moment 259ms (cache miss)
242 silly packumentCache full:https://registry.npmjs.org/moment set size:undefined disposed:false
243 silly placeDep ROOT @ant-design/colors@7.2.1 OK for: antd@5.26.2 want: ^7.2.1
244 silly placeDep ROOT @ant-design/cssinjs@1.23.0 OK for: antd@5.26.2 want: ^1.23.0
245 silly placeDep ROOT @ant-design/cssinjs-utils@1.1.3 OK for: antd@5.26.2 want: ^1.1.3
246 silly placeDep ROOT @ant-design/fast-color@2.0.6 OK for: antd@5.26.2 want: ^2.0.6
247 silly placeDep ROOT @ant-design/icons@5.6.1 OK for: antd@5.26.2 want: ^5.6.1
248 silly placeDep ROOT @ant-design/react-slick@1.1.2 OK for: antd@5.26.2 want: ~1.1.2
249 silly placeDep ROOT @babel/runtime@7.27.6 OK for: antd@5.26.2 want: ^7.26.0
250 silly placeDep ROOT @rc-component/color-picker@2.0.1 OK for: antd@5.26.2 want: ~2.0.1
251 silly placeDep ROOT @rc-component/mutate-observer@1.1.0 OK for: antd@5.26.2 want: ^1.1.0
252 silly placeDep ROOT @rc-component/qrcode@1.0.0 OK for: antd@5.26.2 want: ~1.0.0
253 silly placeDep ROOT @rc-component/tour@1.15.1 OK for: antd@5.26.2 want: ~1.15.1
254 silly placeDep ROOT @rc-component/trigger@2.2.7 OK for: antd@5.26.2 want: ^2.2.7
255 silly placeDep ROOT classnames@2.5.1 OK for: antd@5.26.2 want: ^2.5.1
256 silly placeDep ROOT copy-to-clipboard@3.3.3 OK for: antd@5.26.2 want: ^3.3.3
257 silly placeDep ROOT dayjs@1.11.13 OK for: antd@5.26.2 want: ^1.11.11
258 silly placeDep ROOT rc-cascader@3.34.0 OK for: antd@5.26.2 want: ~3.34.0
259 silly placeDep ROOT rc-checkbox@3.5.0 OK for: antd@5.26.2 want: ~3.5.0
260 silly placeDep ROOT rc-collapse@3.9.0 OK for: antd@5.26.2 want: ~3.9.0
261 silly placeDep ROOT rc-dialog@9.6.0 OK for: antd@5.26.2 want: ~9.6.0
262 silly placeDep ROOT rc-drawer@7.3.0 OK for: antd@5.26.2 want: ~7.3.0
263 silly placeDep ROOT rc-dropdown@4.2.1 OK for: antd@5.26.2 want: ~4.2.1
264 silly placeDep ROOT rc-field-form@2.7.0 OK for: antd@5.26.2 want: ~2.7.0
265 silly placeDep ROOT rc-image@7.12.0 OK for: antd@5.26.2 want: ~7.12.0
266 silly placeDep ROOT rc-input@1.8.0 OK for: antd@5.26.2 want: ~1.8.0
267 silly placeDep ROOT rc-input-number@9.5.0 OK for: antd@5.26.2 want: ~9.5.0
268 silly placeDep ROOT rc-mentions@2.20.0 OK for: antd@5.26.2 want: ~2.20.0
269 silly placeDep ROOT rc-menu@9.16.1 OK for: antd@5.26.2 want: ~9.16.1
270 silly placeDep ROOT rc-motion@2.9.5 OK for: antd@5.26.2 want: ^2.9.5
271 silly placeDep ROOT rc-notification@5.6.4 OK for: antd@5.26.2 want: ~5.6.4
272 silly placeDep ROOT rc-pagination@5.1.0 OK for: antd@5.26.2 want: ~5.1.0
273 silly placeDep ROOT rc-picker@4.11.3 OK for: antd@5.26.2 want: ~4.11.3
274 silly placeDep ROOT rc-progress@4.0.0 OK for: antd@5.26.2 want: ~4.0.0
275 silly placeDep ROOT rc-rate@2.13.1 OK for: antd@5.26.2 want: ~2.13.1
276 silly placeDep ROOT rc-resize-observer@1.4.3 OK for: antd@5.26.2 want: ^1.4.3
277 silly placeDep ROOT rc-segmented@2.7.0 OK for: antd@5.26.2 want: ~2.7.0
278 silly placeDep ROOT rc-select@14.16.8 OK for: antd@5.26.2 want: ~14.16.8
279 silly placeDep ROOT rc-slider@11.1.8 OK for: antd@5.26.2 want: ~11.1.8
280 silly placeDep ROOT rc-steps@6.0.1 OK for: antd@5.26.2 want: ~6.0.1
281 silly placeDep ROOT rc-switch@4.1.0 OK for: antd@5.26.2 want: ~4.1.0
282 silly placeDep ROOT rc-table@7.51.1 OK for: antd@5.26.2 want: ~7.51.1
283 silly placeDep ROOT rc-tabs@15.6.1 OK for: antd@5.26.2 want: ~15.6.1
284 silly placeDep ROOT rc-textarea@1.10.0 OK for: antd@5.26.2 want: ~1.10.0
285 silly placeDep ROOT rc-tooltip@6.4.0 OK for: antd@5.26.2 want: ~6.4.0
286 silly placeDep ROOT rc-tree@5.13.1 OK for: antd@5.26.2 want: ~5.13.1
287 silly placeDep ROOT rc-tree-select@5.27.0 OK for: antd@5.26.2 want: ~5.27.0
288 silly placeDep ROOT rc-upload@4.9.2 OK for: antd@5.26.2 want: ~4.9.2
289 silly placeDep ROOT rc-util@5.44.4 OK for: antd@5.26.2 want: ^5.44.4
290 silly placeDep ROOT scroll-into-view-if-needed@3.1.0 OK for: antd@5.26.2 want: ^3.1.0
291 silly placeDep ROOT throttle-debounce@5.0.2 OK for: antd@5.26.2 want: ^5.0.2
292 silly fetch manifest stylis@^4.3.4
293 silly packumentCache full:https://registry.npmjs.org/stylis cache-miss
294 silly fetch manifest rc-util@^5.35.0
295 silly packumentCache full:https://registry.npmjs.org/rc-util cache-miss
296 silly fetch manifest classnames@^2.3.1
297 silly packumentCache full:https://registry.npmjs.org/classnames cache-miss
298 silly fetch manifest @emotion/hash@^0.8.0
299 silly packumentCache full:https://registry.npmjs.org/@emotion%2fhash cache-miss
300 silly fetch manifest @babel/runtime@^7.11.1
301 silly packumentCache full:https://registry.npmjs.org/@babel%2fruntime cache-miss
302 silly fetch manifest @emotion/unitless@^0.7.5
303 silly packumentCache full:https://registry.npmjs.org/@emotion%2funitless cache-miss
304 silly fetch manifest rc-util@^5.38.0
305 silly packumentCache full:https://registry.npmjs.org/rc-util cache-miss
306 silly fetch manifest @babel/runtime@^7.23.2
307 silly packumentCache full:https://registry.npmjs.org/@babel%2fruntime cache-miss
308 silly fetch manifest @babel/runtime@^7.24.7
309 silly packumentCache full:https://registry.npmjs.org/@babel%2fruntime cache-miss
310 silly fetch manifest rc-util@^5.31.1
311 silly packumentCache full:https://registry.npmjs.org/rc-util cache-miss
312 silly fetch manifest classnames@^2.2.6
313 silly packumentCache full:https://registry.npmjs.org/classnames cache-miss
314 silly fetch manifest @babel/runtime@^7.24.8
315 silly packumentCache full:https://registry.npmjs.org/@babel%2fruntime cache-miss
316 silly fetch manifest @ant-design/icons-svg@^4.4.0
317 silly packumentCache full:https://registry.npmjs.org/@ant-design%2ficons-svg cache-miss
318 silly fetch manifest json2mq@^0.2.0
319 silly packumentCache full:https://registry.npmjs.org/json2mq cache-miss
320 silly fetch manifest classnames@^2.2.5
321 silly packumentCache full:https://registry.npmjs.org/classnames cache-miss
322 http cache https://registry.npmjs.org/classnames 12ms (cache hit)
323 silly packumentCache full:https://registry.npmjs.org/classnames set size:63028 disposed:false
324 silly fetch manifest @babel/runtime@^7.10.4
325 silly packumentCache full:https://registry.npmjs.org/@babel%2fruntime cache-miss
326 http cache https://registry.npmjs.org/rc-util 15ms (cache hit)
327 silly packumentCache full:https://registry.npmjs.org/rc-util set size:667153 disposed:false
328 silly fetch manifest throttle-debounce@^5.0.0
329 silly packumentCache full:https://registry.npmjs.org/throttle-debounce cache-miss
330 http cache https://registry.npmjs.org/rc-util 19ms (cache hit)
331 silly packumentCache full:https://registry.npmjs.org/rc-util set size:667153 disposed:false
332 silly packumentCache full:https://registry.npmjs.org/rc-util dispose
333 silly fetch manifest resize-observer-polyfill@^1.5.1
334 silly packumentCache full:https://registry.npmjs.org/resize-observer-polyfill cache-miss
335 http cache https://registry.npmjs.org/classnames 21ms (cache hit)
336 silly packumentCache full:https://registry.npmjs.org/classnames set size:63028 disposed:false
337 silly packumentCache full:https://registry.npmjs.org/classnames dispose
338 silly fetch manifest rc-util@^5.38.1
339 silly packumentCache full:https://registry.npmjs.org/rc-util cache-hit
340 silly fetch manifest rc-util@^5.24.4
341 silly packumentCache full:https://registry.npmjs.org/rc-util cache-hit
342 silly fetch manifest classnames@^2.3.2
343 silly packumentCache full:https://registry.npmjs.org/classnames cache-hit
344 silly fetch manifest rc-util@^5.38.0
345 silly packumentCache full:https://registry.npmjs.org/rc-util cache-hit
346 silly fetch manifest @rc-component/portal@^1.0.0-9
347 silly packumentCache full:https://registry.npmjs.org/@rc-component%2fportal cache-miss
348 http cache https://registry.npmjs.org/@babel%2fruntime 28ms (cache hit)
349 silly packumentCache full:https://registry.npmjs.org/@babel%2fruntime set size:3088345 disposed:false
350 silly fetch manifest @rc-component/trigger@^2.0.0
351 silly packumentCache full:https://registry.npmjs.org/@rc-component%2ftrigger cache-miss
352 http cache https://registry.npmjs.org/@babel%2fruntime 46ms (cache hit)
353 silly packumentCache full:https://registry.npmjs.org/@babel%2fruntime set size:3088345 disposed:false
354 silly fetch manifest @rc-component/portal@^1.1.0
355 silly packumentCache full:https://registry.npmjs.org/@rc-component%2fportal cache-miss
356 http cache https://registry.npmjs.org/classnames 56ms (cache hit)
357 silly packumentCache full:https://registry.npmjs.org/classnames set size:63028 disposed:true
358 silly packumentCache full:https://registry.npmjs.org/classnames dispose
359 silly fetch manifest rc-motion@^2.0.0
360 silly packumentCache full:https://registry.npmjs.org/rc-motion cache-miss
361 http cache https://registry.npmjs.org/rc-util 61ms (cache hit)
362 silly packumentCache full:https://registry.npmjs.org/rc-util set size:667153 disposed:true
363 silly packumentCache full:https://registry.npmjs.org/rc-util dispose
364 silly fetch manifest rc-resize-observer@^1.3.1
365 silly packumentCache full:https://registry.npmjs.org/rc-resize-observer cache-miss
366 http cache https://registry.npmjs.org/@babel%2fruntime 68ms (cache hit)
367 silly packumentCache full:https://registry.npmjs.org/@babel%2fruntime set size:3088345 disposed:false
368 silly fetch manifest rc-util@^5.44.0
369 silly packumentCache full:https://registry.npmjs.org/rc-util cache-hit
370 silly fetch manifest toggle-selection@^1.0.6
371 silly packumentCache full:https://registry.npmjs.org/toggle-selection cache-miss
372 http cache https://registry.npmjs.org/@babel%2fruntime 83ms (cache hit)
373 silly packumentCache full:https://registry.npmjs.org/@babel%2fruntime set size:3088345 disposed:false
374 silly fetch manifest rc-select@~14.16.2
375 silly packumentCache full:https://registry.npmjs.org/rc-select cache-miss
376 http cache https://registry.npmjs.org/throttle-debounce 81ms (cache hit)
377 silly packumentCache full:https://registry.npmjs.org/throttle-debounce set size:73345 disposed:false
378 silly fetch manifest rc-tree@~5.13.0
379 silly packumentCache full:https://registry.npmjs.org/rc-tree cache-miss
380 http cache https://registry.npmjs.org/@rc-component%2ftrigger 58ms (cache hit)
381 silly packumentCache full:https://registry.npmjs.org/@rc-component%2ftrigger set size:300421 disposed:false
382 silly fetch manifest rc-util@^5.43.0
383 silly packumentCache full:https://registry.npmjs.org/rc-util cache-hit
384 silly fetch manifest rc-util@^5.25.2
385 silly packumentCache full:https://registry.npmjs.org/rc-util cache-hit
386 silly fetch manifest rc-util@^5.27.0
387 silly packumentCache full:https://registry.npmjs.org/rc-util cache-hit
388 silly fetch manifest rc-motion@^2.3.4
389 silly packumentCache full:https://registry.npmjs.org/rc-motion cache-miss
390 http cache https://registry.npmjs.org/@babel%2fruntime 93ms (cache hit)
391 silly packumentCache full:https://registry.npmjs.org/@babel%2fruntime set size:3088345 disposed:false
392 silly fetch manifest rc-util@^5.21.0
393 silly packumentCache full:https://registry.npmjs.org/rc-util cache-hit
394 silly fetch manifest rc-motion@^2.3.0
395 silly packumentCache full:https://registry.npmjs.org/rc-motion cache-miss
396 http cache https://registry.npmjs.org/rc-motion 67ms (cache hit)
397 silly packumentCache full:https://registry.npmjs.org/rc-motion set size:157151 disposed:false
398 silly fetch manifest @rc-component/portal@^1.0.0-8
399 silly packumentCache full:https://registry.npmjs.org/@rc-component%2fportal cache-miss
400 http cache https://registry.npmjs.org/rc-resize-observer 64ms (cache hit)
401 silly packumentCache full:https://registry.npmjs.org/rc-resize-observer set size:89651 disposed:false
402 silly fetch manifest @rc-component/portal@^1.1.1
403 silly packumentCache full:https://registry.npmjs.org/@rc-component%2fportal cache-miss
404 http cache https://registry.npmjs.org/rc-select 43ms (cache hit)
405 silly packumentCache full:https://registry.npmjs.org/rc-select set size:1467934 disposed:false
406 silly fetch manifest rc-motion@^2.6.1
407 silly packumentCache full:https://registry.npmjs.org/rc-motion cache-hit
408 silly fetch manifest rc-util@^5.44.1
409 silly packumentCache full:https://registry.npmjs.org/rc-util cache-hit
410 silly fetch manifest @rc-component/async-validator@^5.0.3
411 silly packumentCache full:https://registry.npmjs.org/@rc-component%2fasync-validator cache-miss
412 http cache https://registry.npmjs.org/rc-tree 47ms (cache hit)
413 silly packumentCache full:https://registry.npmjs.org/rc-tree set size:1000896 disposed:false
414 silly fetch manifest rc-util@^5.32.2
415 silly packumentCache full:https://registry.npmjs.org/rc-util cache-hit
416 silly fetch manifest @rc-component/portal@^1.0.2
417 silly packumentCache full:https://registry.npmjs.org/@rc-component%2fportal cache-miss
418 http cache https://registry.npmjs.org/rc-motion 51ms (cache hit)
419 silly packumentCache full:https://registry.npmjs.org/rc-motion set size:157151 disposed:false
420 silly packumentCache full:https://registry.npmjs.org/rc-motion dispose
421 silly fetch manifest rc-motion@^2.6.2
422 silly packumentCache full:https://registry.npmjs.org/rc-motion cache-hit
423 silly fetch manifest rc-util@^5.34.1
424 silly packumentCache full:https://registry.npmjs.org/rc-util cache-hit
425 silly fetch manifest rc-util@^5.18.1
426 silly packumentCache full:https://registry.npmjs.org/rc-util cache-hit
427 silly fetch manifest @rc-component/mini-decimal@^1.0.1
428 silly packumentCache full:https://registry.npmjs.org/@rc-component%2fmini-decimal cache-miss
429 http cache https://registry.npmjs.org/rc-motion 35ms (cache hit)
430 silly packumentCache full:https://registry.npmjs.org/rc-motion set size:157151 disposed:true
431 silly packumentCache full:https://registry.npmjs.org/rc-motion dispose
432 silly fetch manifest rc-util@^5.40.1
433 silly packumentCache full:https://registry.npmjs.org/rc-util cache-hit
434 silly fetch manifest rc-menu@~9.16.0
435 silly packumentCache full:https://registry.npmjs.org/rc-menu cache-miss
436 http cache https://registry.npmjs.org/rc-menu 4ms (cache hit)
437 silly packumentCache full:https://registry.npmjs.org/rc-menu set size:868581 disposed:false
438 silly fetch manifest rc-motion@^2.4.3
439 silly packumentCache full:https://registry.npmjs.org/rc-motion cache-hit
440 silly fetch manifest rc-overflow@^1.3.1
441 silly packumentCache full:https://registry.npmjs.org/rc-overflow cache-miss
442 http fetch GET 200 https://registry.npmjs.org/stylis 209ms (cache miss)
443 silly packumentCache full:https://registry.npmjs.org/stylis set size:undefined disposed:false
444 silly fetch manifest rc-util@^5.20.1
445 silly packumentCache full:https://registry.npmjs.org/rc-util cache-hit
446 silly fetch manifest rc-overflow@^1.3.2
447 silly packumentCache full:https://registry.npmjs.org/rc-overflow cache-miss
448 http fetch GET 200 https://registry.npmjs.org/toggle-selection 236ms (cache miss)
449 silly packumentCache full:https://registry.npmjs.org/toggle-selection set size:undefined disposed:false
450 silly fetch manifest rc-resize-observer@^1.4.0
451 silly packumentCache full:https://registry.npmjs.org/rc-resize-observer cache-hit
452 silly fetch manifest rc-util@^5.16.1
453 silly packumentCache full:https://registry.npmjs.org/rc-util cache-hit
454 silly fetch manifest rc-util@^5.0.1
455 silly packumentCache full:https://registry.npmjs.org/rc-util cache-hit
456 silly fetch manifest resize-observer-polyfill@^1.5.1
457 silly packumentCache full:https://registry.npmjs.org/resize-observer-polyfill cache-miss
458 http fetch GET 200 https://registry.npmjs.org/rc-overflow 205ms (cache miss)
459 silly packumentCache full:https://registry.npmjs.org/rc-overflow set size:undefined disposed:false
460 silly fetch manifest rc-util@^5.17.0
461 silly packumentCache full:https://registry.npmjs.org/rc-util cache-hit
462 silly fetch manifest rc-virtual-list@^3.5.2
463 silly packumentCache full:https://registry.npmjs.org/rc-virtual-list cache-miss
464 http fetch GET 200 https://registry.npmjs.org/@emotion%2funitless 409ms (cache miss)
465 silly packumentCache full:https://registry.npmjs.org/@emotion%2funitless set size:undefined disposed:false
466 silly fetch manifest rc-util@^5.36.0
467 silly packumentCache full:https://registry.npmjs.org/rc-util cache-hit
468 silly fetch manifest rc-util@^5.30.0
469 silly packumentCache full:https://registry.npmjs.org/rc-util cache-hit
470 silly fetch manifest @rc-component/context@^1.4.0
471 silly packumentCache full:https://registry.npmjs.org/@rc-component%2fcontext cache-miss
472 http fetch GET 200 https://registry.npmjs.org/rc-overflow 204ms (cache miss)
473 silly packumentCache full:https://registry.npmjs.org/rc-overflow set size:undefined disposed:false
474 silly fetch manifest rc-util@^5.44.3
475 silly packumentCache full:https://registry.npmjs.org/rc-util cache-hit
476 silly fetch manifest rc-virtual-list@^3.14.2
477 silly packumentCache full:https://registry.npmjs.org/rc-virtual-list cache-miss
478 http fetch GET 200 https://registry.npmjs.org/rc-virtual-list 208ms (cache miss)
479 silly packumentCache full:https://registry.npmjs.org/rc-virtual-list set size:undefined disposed:false
480 silly fetch manifest rc-virtual-list@^3.5.1
481 silly packumentCache full:https://registry.npmjs.org/rc-virtual-list cache-miss
482 http cache https://registry.npmjs.org/rc-virtual-list 5ms (cache hit)
483 silly packumentCache full:https://registry.npmjs.org/rc-virtual-list set size:420127 disposed:false
484 silly fetch manifest rc-util@^5.2.0
485 silly packumentCache full:https://registry.npmjs.org/rc-util cache-hit
486 silly fetch manifest react-is@^18.2.0
487 silly packumentCache full:https://registry.npmjs.org/react-is cache-miss
488 http fetch GET 200 https://registry.npmjs.org/@emotion%2fhash 613ms (cache miss)
489 silly packumentCache full:https://registry.npmjs.org/@emotion%2fhash set size:undefined disposed:false
490 silly fetch manifest compute-scroll-into-view@^3.0.2
491 silly packumentCache full:https://registry.npmjs.org/compute-scroll-into-view cache-miss
492 http fetch GET 200 https://registry.npmjs.org/@ant-design%2ficons-svg 630ms (cache miss)
493 silly packumentCache full:https://registry.npmjs.org/@ant-design%2ficons-svg set size:undefined disposed:false
494 http fetch GET 200 https://registry.npmjs.org/rc-virtual-list 217ms (cache miss)
495 silly packumentCache full:https://registry.npmjs.org/rc-virtual-list set size:undefined disposed:false
496 silly packumentCache full:https://registry.npmjs.org/rc-virtual-list dispose
497 http fetch GET 200 https://registry.npmjs.org/@rc-component%2fportal 642ms (cache miss)
498 silly packumentCache full:https://registry.npmjs.org/@rc-component%2fportal set size:undefined disposed:false
499 http fetch GET 200 https://registry.npmjs.org/@rc-component%2fportal 615ms (cache miss)
500 silly packumentCache full:https://registry.npmjs.org/@rc-component%2fportal set size:undefined disposed:false
501 http fetch GET 200 https://registry.npmjs.org/@rc-component%2fportal 615ms (cache miss)
502 silly packumentCache full:https://registry.npmjs.org/@rc-component%2fportal set size:undefined disposed:false
503 http fetch GET 200 https://registry.npmjs.org/@rc-component%2fportal 598ms (cache miss)
504 silly packumentCache full:https://registry.npmjs.org/@rc-component%2fportal set size:undefined disposed:false
505 http fetch GET 200 https://registry.npmjs.org/@rc-component%2fportal 624ms (cache miss)
506 silly packumentCache full:https://registry.npmjs.org/@rc-component%2fportal set size:undefined disposed:false
507 http fetch GET 200 https://registry.npmjs.org/@rc-component%2fasync-validator 610ms (cache miss)
508 silly packumentCache full:https://registry.npmjs.org/@rc-component%2fasync-validator set size:undefined disposed:false
509 http fetch GET 200 https://registry.npmjs.org/@rc-component%2fmini-decimal 604ms (cache miss)
510 silly packumentCache full:https://registry.npmjs.org/@rc-component%2fmini-decimal set size:undefined disposed:false
511 http fetch GET 200 https://registry.npmjs.org/compute-scroll-into-view 210ms (cache miss)
512 silly packumentCache full:https://registry.npmjs.org/compute-scroll-into-view set size:undefined disposed:false
513 http fetch GET 200 https://registry.npmjs.org/react-is 304ms (cache miss)
514 silly packumentCache full:https://registry.npmjs.org/react-is set size:undefined disposed:false
515 http fetch GET 200 https://registry.npmjs.org/json2mq 977ms (cache miss)
516 silly packumentCache full:https://registry.npmjs.org/json2mq set size:undefined disposed:false
517 http fetch GET 200 https://registry.npmjs.org/@rc-component%2fcontext 619ms (cache miss)
518 silly packumentCache full:https://registry.npmjs.org/@rc-component%2fcontext set size:undefined disposed:false
519 http fetch GET 200 https://registry.npmjs.org/resize-observer-polyfill 1074ms (cache miss)
520 silly packumentCache full:https://registry.npmjs.org/resize-observer-polyfill set size:undefined disposed:false
521 http fetch GET 200 https://registry.npmjs.org/resize-observer-polyfill 1066ms (cache miss)
522 silly packumentCache full:https://registry.npmjs.org/resize-observer-polyfill set size:undefined disposed:false
523 silly placeDep ROOT @emotion/hash@0.8.0 OK for: @ant-design/cssinjs@1.23.0 want: ^0.8.0
524 silly placeDep ROOT @emotion/unitless@0.7.5 OK for: @ant-design/cssinjs@1.23.0 want: ^0.7.5
525 silly placeDep ROOT stylis@4.3.6 OK for: @ant-design/cssinjs@1.23.0 want: ^4.3.4
526 silly placeDep ROOT @ant-design/icons-svg@4.4.2 OK for: @ant-design/icons@5.6.1 want: ^4.4.0
527 silly placeDep ROOT json2mq@0.2.0 OK for: @ant-design/react-slick@1.1.2 want: ^0.2.0
528 silly placeDep ROOT resize-observer-polyfill@1.5.1 OK for: @ant-design/react-slick@1.1.2 want: ^1.5.1
529 silly fetch manifest string-convert@^0.2.0
530 silly packumentCache full:https://registry.npmjs.org/string-convert cache-miss
531 http fetch GET 200 https://registry.npmjs.org/string-convert 213ms (cache miss)
532 silly packumentCache full:https://registry.npmjs.org/string-convert set size:undefined disposed:false
533 silly placeDep ROOT @rc-component/portal@1.1.2 OK for: @rc-component/tour@1.15.1 want: ^1.0.0-9
534 silly placeDep ROOT toggle-selection@1.0.6 OK for: copy-to-clipboard@3.3.3 want: ^1.0.6
535 silly placeDep ROOT string-convert@0.2.1 OK for: json2mq@0.2.0 want: ^0.2.0
536 silly placeDep ROOT @rc-component/async-validator@5.0.4 OK for: rc-field-form@2.7.0 want: ^5.0.3
537 silly placeDep ROOT @rc-component/mini-decimal@1.1.0 OK for: rc-input-number@9.5.0 want: ^1.0.1
538 silly placeDep ROOT rc-overflow@1.4.1 OK for: rc-menu@9.16.1 want: ^1.3.1
539 silly fetch manifest react@*
540 silly packumentCache full:https://registry.npmjs.org/react cache-miss
541 http cache https://registry.npmjs.org/react 15ms (cache hit)
542 silly packumentCache full:https://registry.npmjs.org/react set size:5808624 disposed:false
543 silly fetch manifest react-dom@*
544 silly packumentCache full:https://registry.npmjs.org/react-dom cache-miss
545 http cache https://registry.npmjs.org/react-dom 16ms (cache hit)
546 silly packumentCache full:https://registry.npmjs.org/react-dom set size:7426583 disposed:false
547 silly placeDep ROOT rc-virtual-list@3.19.1 OK for: rc-select@14.16.8 want: ^3.5.2
548 silly placeDep ROOT @rc-component/context@1.4.0 OK for: rc-table@7.51.1 want: ^1.4.0
549 silly placeDep ROOT react-is@18.3.1 OK for: rc-util@5.44.4 want: ^18.2.0
550 silly placeDep ROOT compute-scroll-into-view@3.1.1 OK for: scroll-into-view-if-needed@3.1.0 want: ^3.0.2
551 silly reify moves {}
552 verbose reify failed optional dependency C:\Devine Projects\labisengineer7-frontend\node_modules\@tailwindcss\oxide-wasm32-wasi
553 silly reify mark deleted [
553 silly reify   'C:\\Devine Projects\\labisengineer7-frontend\\node_modules\\@tailwindcss\\oxide-wasm32-wasi'
553 silly reify ]
554 silly audit bulk request {
554 silly audit   '@alloc/quick-lru': [ '5.2.0' ],
554 silly audit   '@emnapi/runtime': [ '1.4.3' ],
554 silly audit   '@img/sharp-darwin-arm64': [ '0.34.1' ],
554 silly audit   '@img/sharp-darwin-x64': [ '0.34.1' ],
554 silly audit   '@img/sharp-libvips-darwin-arm64': [ '1.1.0' ],
554 silly audit   '@img/sharp-libvips-darwin-x64': [ '1.1.0' ],
554 silly audit   '@img/sharp-libvips-linux-arm': [ '1.1.0' ],
554 silly audit   '@img/sharp-libvips-linux-arm64': [ '1.1.0' ],
554 silly audit   '@img/sharp-libvips-linux-ppc64': [ '1.1.0' ],
554 silly audit   '@img/sharp-libvips-linux-s390x': [ '1.1.0' ],
554 silly audit   '@img/sharp-libvips-linux-x64': [ '1.1.0' ],
554 silly audit   '@img/sharp-libvips-linuxmusl-arm64': [ '1.1.0' ],
554 silly audit   '@img/sharp-libvips-linuxmusl-x64': [ '1.1.0' ],
554 silly audit   '@img/sharp-linux-arm': [ '0.34.1' ],
554 silly audit   '@img/sharp-linux-arm64': [ '0.34.1' ],
554 silly audit   '@img/sharp-linux-s390x': [ '0.34.1' ],
554 silly audit   '@img/sharp-linux-x64': [ '0.34.1' ],
554 silly audit   '@img/sharp-linuxmusl-arm64': [ '0.34.1' ],
554 silly audit   '@img/sharp-linuxmusl-x64': [ '0.34.1' ],
554 silly audit   '@img/sharp-wasm32': [ '0.34.1' ],
554 silly audit   '@img/sharp-win32-ia32': [ '0.34.1' ],
554 silly audit   '@img/sharp-win32-x64': [ '0.34.1' ],
554 silly audit   '@next/env': [ '15.3.1' ],
554 silly audit   '@next/swc-darwin-arm64': [ '15.3.1' ],
554 silly audit   '@next/swc-darwin-x64': [ '15.3.1' ],
554 silly audit   '@next/swc-linux-arm64-gnu': [ '15.3.1' ],
554 silly audit   '@next/swc-linux-arm64-musl': [ '15.3.1' ],
554 silly audit   '@next/swc-linux-x64-gnu': [ '15.3.1' ],
554 silly audit   '@next/swc-linux-x64-musl': [ '15.3.1' ],
554 silly audit   '@next/swc-win32-arm64-msvc': [ '15.3.1' ],
554 silly audit   '@next/swc-win32-x64-msvc': [ '15.3.1' ],
554 silly audit   '@swc/counter': [ '0.1.3' ],
554 silly audit   '@swc/helpers': [ '0.5.15' ],
554 silly audit   '@tailwindcss/node': [ '4.1.4' ],
554 silly audit   '@tailwindcss/oxide': [ '4.1.4' ],
554 silly audit   '@tailwindcss/oxide-android-arm64': [ '4.1.4' ],
554 silly audit   '@tailwindcss/oxide-darwin-arm64': [ '4.1.4' ],
554 silly audit   '@tailwindcss/oxide-darwin-x64': [ '4.1.4' ],
554 silly audit   '@tailwindcss/oxide-freebsd-x64': [ '4.1.4' ],
554 silly audit   '@tailwindcss/oxide-linux-arm-gnueabihf': [ '4.1.4' ],
554 silly audit   '@tailwindcss/oxide-linux-arm64-gnu': [ '4.1.4' ],
554 silly audit   '@tailwindcss/oxide-linux-arm64-musl': [ '4.1.4' ],
554 silly audit   '@tailwindcss/oxide-linux-x64-gnu': [ '4.1.4' ],
554 silly audit   '@tailwindcss/oxide-linux-x64-musl': [ '4.1.4' ],
554 silly audit   '@tailwindcss/oxide-win32-arm64-msvc': [ '4.1.4' ],
554 silly audit   '@tailwindcss/oxide-win32-x64-msvc': [ '4.1.4' ],
554 silly audit   '@tailwindcss/postcss': [ '4.1.4' ],
554 silly audit   '@types/node': [ '20.17.30' ],
554 silly audit   '@types/react': [ '19.1.2' ],
554 silly audit   '@types/react-dom': [ '19.1.2' ],
554 silly audit   busboy: [ '1.6.0' ],
554 silly audit   'caniuse-lite': [ '1.0.30001715' ],
554 silly audit   'client-only': [ '0.0.1' ],
554 silly audit   color: [ '4.2.3' ],
554 silly audit   'color-convert': [ '2.0.1' ],
554 silly audit   'color-name': [ '1.1.4' ],
554 silly audit   'color-string': [ '1.9.1' ],
554 silly audit   csstype: [ '3.1.3' ],
554 silly audit   'detect-libc': [ '2.0.4' ],
554 silly audit   'enhanced-resolve': [ '5.18.1' ],
554 silly audit   'framer-motion': [ '12.9.1' ],
554 silly audit   'graceful-fs': [ '4.2.11' ],
554 silly audit   'is-arrayish': [ '0.3.2' ],
554 silly audit   jiti: [ '2.4.2' ],
554 silly audit   'jwt-decode': [ '4.0.0' ],
554 silly audit   lightningcss: [ '1.29.2' ],
554 silly audit   'lightningcss-darwin-arm64': [ '1.29.2' ],
554 silly audit   'lightningcss-darwin-x64': [ '1.29.2' ],
554 silly audit   'lightningcss-freebsd-x64': [ '1.29.2' ],
554 silly audit   'lightningcss-linux-arm-gnueabihf': [ '1.29.2' ],
554 silly audit   'lightningcss-linux-arm64-gnu': [ '1.29.2' ],
554 silly audit   'lightningcss-linux-arm64-musl': [ '1.29.2' ],
554 silly audit   'lightningcss-linux-x64-gnu': [ '1.29.2' ],
554 silly audit   'lightningcss-linux-x64-musl': [ '1.29.2' ],
554 silly audit   'lightningcss-win32-arm64-msvc': [ '1.29.2' ],
554 silly audit   'lightningcss-win32-x64-msvc': [ '1.29.2' ],
554 silly audit   'lucide-react': [ '0.525.0' ],
554 silly audit   'motion-dom': [ '12.9.1' ],
554 silly audit   'motion-utils': [ '12.8.3' ],
554 silly audit   nanoid: [ '3.3.11' ],
554 silly audit   next: [ '15.3.1' ],
554 silly audit   postcss: [ '8.4.31', '8.5.3' ],
554 silly audit   picocolors: [ '1.1.1' ],
554 silly audit   react: [ '19.1.0' ],
554 silly audit   'react-dom': [ '19.1.0' ],
554 silly audit   'react-icons': [ '5.5.0' ],
554 silly audit   scheduler: [ '0.26.0' ],
554 silly audit   semver: [ '7.7.1' ],
554 silly audit   sharp: [ '0.34.1' ],
554 silly audit   'simple-swizzle': [ '0.2.2' ],
554 silly audit   sonner: [ '2.0.3' ],
554 silly audit   'source-map-js': [ '1.2.1' ],
554 silly audit   streamsearch: [ '1.1.0' ],
554 silly audit   'styled-jsx': [ '5.1.6' ],
554 silly audit   tailwindcss: [ '4.1.4' ],
554 silly audit   tapable: [ '2.2.1' ],
554 silly audit   tslib: [ '2.8.1' ],
554 silly audit   typescript: [ '5.8.3' ],
554 silly audit   'undici-types': [ '6.19.8' ],
554 silly audit   antd: [ '5.26.2' ],
554 silly audit   '@ant-design/colors': [ '7.2.1' ],
554 silly audit   '@ant-design/cssinjs': [ '1.23.0' ],
554 silly audit   '@ant-design/cssinjs-utils': [ '1.1.3' ],
554 silly audit   '@ant-design/fast-color': [ '2.0.6' ],
554 silly audit   '@ant-design/icons': [ '5.6.1' ],
554 silly audit   '@ant-design/react-slick': [ '1.1.2' ],
554 silly audit   '@babel/runtime': [ '7.27.6' ],
554 silly audit   '@rc-component/color-picker': [ '2.0.1' ],
554 silly audit   '@rc-component/mutate-observer': [ '1.1.0' ],
554 silly audit   '@rc-component/qrcode': [ '1.0.0' ],
554 silly audit   '@rc-component/tour': [ '1.15.1' ],
554 silly audit   '@rc-component/trigger': [ '2.2.7' ],
554 silly audit   classnames: [ '2.5.1' ],
554 silly audit   'copy-to-clipboard': [ '3.3.3' ],
554 silly audit   dayjs: [ '1.11.13' ],
554 silly audit   'rc-cascader': [ '3.34.0' ],
554 silly audit   'rc-checkbox': [ '3.5.0' ],
554 silly audit   'rc-collapse': [ '3.9.0' ],
554 silly audit   'rc-dialog': [ '9.6.0' ],
554 silly audit   'rc-drawer': [ '7.3.0' ],
554 silly audit   'rc-dropdown': [ '4.2.1' ],
554 silly audit   'rc-field-form': [ '2.7.0' ],
554 silly audit   'rc-image': [ '7.12.0' ],
554 silly audit   'rc-input': [ '1.8.0' ],
554 silly audit   'rc-input-number': [ '9.5.0' ],
554 silly audit   'rc-mentions': [ '2.20.0' ],
554 silly audit   'rc-menu': [ '9.16.1' ],
554 silly audit   'rc-motion': [ '2.9.5' ],
554 silly audit   'rc-notification': [ '5.6.4' ],
554 silly audit   'rc-pagination': [ '5.1.0' ],
554 silly audit   'rc-picker': [ '4.11.3' ],
554 silly audit   'rc-progress': [ '4.0.0' ],
554 silly audit   'rc-rate': [ '2.13.1' ],
554 silly audit   'rc-resize-observer': [ '1.4.3' ],
554 silly audit   'rc-segmented': [ '2.7.0' ],
554 silly audit   'rc-select': [ '14.16.8' ],
554 silly audit   'rc-slider': [ '11.1.8' ],
554 silly audit   'rc-steps': [ '6.0.1' ],
554 silly audit   'rc-switch': [ '4.1.0' ],
554 silly audit   'rc-table': [ '7.51.1' ],
554 silly audit   'rc-tabs': [ '15.6.1' ],
554 silly audit   'rc-textarea': [ '1.10.0' ],
554 silly audit   'rc-tooltip': [ '6.4.0' ],
554 silly audit   'rc-tree': [ '5.13.1' ],
554 silly audit   'rc-tree-select': [ '5.27.0' ],
554 silly audit   'rc-upload': [ '4.9.2' ],
554 silly audit   'rc-util': [ '5.44.4' ],
554 silly audit   'scroll-into-view-if-needed': [ '3.1.0' ],
554 silly audit   'throttle-debounce': [ '5.0.2' ],
554 silly audit   '@emotion/hash': [ '0.8.0' ],
554 silly audit   '@emotion/unitless': [ '0.7.5' ],
554 silly audit   stylis: [ '4.3.6' ],
554 silly audit   '@ant-design/icons-svg': [ '4.4.2' ],
554 silly audit   json2mq: [ '0.2.0' ],
554 silly audit   'resize-observer-polyfill': [ '1.5.1' ],
554 silly audit   '@rc-component/portal': [ '1.1.2' ],
554 silly audit   'toggle-selection': [ '1.0.6' ],
554 silly audit   'string-convert': [ '0.2.1' ],
554 silly audit   '@rc-component/async-validator': [ '5.0.4' ],
554 silly audit   '@rc-component/mini-decimal': [ '1.1.0' ],
554 silly audit   'rc-overflow': [ '1.4.1' ],
554 silly audit   'rc-virtual-list': [ '3.19.1' ],
554 silly audit   '@rc-component/context': [ '1.4.0' ],
554 silly audit   'react-is': [ '18.3.1' ],
554 silly audit   'compute-scroll-into-view': [ '3.1.1' ],
554 silly audit   '@tailwindcss/oxide-wasm32-wasi': [ '4.1.4' ]
554 silly audit }
555 verbose reify failed optional dependency C:\Devine Projects\labisengineer7-frontend\node_modules\lightningcss-win32-arm64-msvc
556 silly reify mark deleted [
556 silly reify   'C:\\Devine Projects\\labisengineer7-frontend\\node_modules\\lightningcss-win32-arm64-msvc'
556 silly reify ]
557 verbose reify failed optional dependency C:\Devine Projects\labisengineer7-frontend\node_modules\lightningcss-linux-x64-musl
558 silly reify mark deleted [
558 silly reify   'C:\\Devine Projects\\labisengineer7-frontend\\node_modules\\lightningcss-linux-x64-musl'
558 silly reify ]
559 verbose reify failed optional dependency C:\Devine Projects\labisengineer7-frontend\node_modules\lightningcss-linux-x64-gnu
560 silly reify mark deleted [
560 silly reify   'C:\\Devine Projects\\labisengineer7-frontend\\node_modules\\lightningcss-linux-x64-gnu'
560 silly reify ]
561 verbose reify failed optional dependency C:\Devine Projects\labisengineer7-frontend\node_modules\lightningcss-linux-arm64-musl
562 silly reify mark deleted [
562 silly reify   'C:\\Devine Projects\\labisengineer7-frontend\\node_modules\\lightningcss-linux-arm64-musl'
562 silly reify ]
563 verbose reify failed optional dependency C:\Devine Projects\labisengineer7-frontend\node_modules\lightningcss-linux-arm64-gnu
564 silly reify mark deleted [
564 silly reify   'C:\\Devine Projects\\labisengineer7-frontend\\node_modules\\lightningcss-linux-arm64-gnu'
564 silly reify ]
565 verbose reify failed optional dependency C:\Devine Projects\labisengineer7-frontend\node_modules\lightningcss-linux-arm-gnueabihf
566 silly reify mark deleted [
566 silly reify   'C:\\Devine Projects\\labisengineer7-frontend\\node_modules\\lightningcss-linux-arm-gnueabihf'
566 silly reify ]
567 verbose reify failed optional dependency C:\Devine Projects\labisengineer7-frontend\node_modules\lightningcss-freebsd-x64
568 silly reify mark deleted [
568 silly reify   'C:\\Devine Projects\\labisengineer7-frontend\\node_modules\\lightningcss-freebsd-x64'
568 silly reify ]
569 verbose reify failed optional dependency C:\Devine Projects\labisengineer7-frontend\node_modules\lightningcss-darwin-x64
570 silly reify mark deleted [
570 silly reify   'C:\\Devine Projects\\labisengineer7-frontend\\node_modules\\lightningcss-darwin-x64'
570 silly reify ]
571 verbose reify failed optional dependency C:\Devine Projects\labisengineer7-frontend\node_modules\lightningcss-darwin-arm64
572 silly reify mark deleted [
572 silly reify   'C:\\Devine Projects\\labisengineer7-frontend\\node_modules\\lightningcss-darwin-arm64'
572 silly reify ]
573 verbose reify failed optional dependency C:\Devine Projects\labisengineer7-frontend\node_modules\@tailwindcss\oxide-win32-arm64-msvc
574 silly reify mark deleted [
574 silly reify   'C:\\Devine Projects\\labisengineer7-frontend\\node_modules\\@tailwindcss\\oxide-win32-arm64-msvc'
574 silly reify ]
575 verbose reify failed optional dependency C:\Devine Projects\labisengineer7-frontend\node_modules\@tailwindcss\oxide-linux-x64-musl
576 silly reify mark deleted [
576 silly reify   'C:\\Devine Projects\\labisengineer7-frontend\\node_modules\\@tailwindcss\\oxide-linux-x64-musl'
576 silly reify ]
577 verbose reify failed optional dependency C:\Devine Projects\labisengineer7-frontend\node_modules\@tailwindcss\oxide-linux-x64-gnu
578 silly reify mark deleted [
578 silly reify   'C:\\Devine Projects\\labisengineer7-frontend\\node_modules\\@tailwindcss\\oxide-linux-x64-gnu'
578 silly reify ]
579 verbose reify failed optional dependency C:\Devine Projects\labisengineer7-frontend\node_modules\@tailwindcss\oxide-linux-arm64-musl
580 silly reify mark deleted [
580 silly reify   'C:\\Devine Projects\\labisengineer7-frontend\\node_modules\\@tailwindcss\\oxide-linux-arm64-musl'
580 silly reify ]
581 verbose reify failed optional dependency C:\Devine Projects\labisengineer7-frontend\node_modules\@tailwindcss\oxide-linux-arm64-gnu
582 silly reify mark deleted [
582 silly reify   'C:\\Devine Projects\\labisengineer7-frontend\\node_modules\\@tailwindcss\\oxide-linux-arm64-gnu'
582 silly reify ]
583 verbose reify failed optional dependency C:\Devine Projects\labisengineer7-frontend\node_modules\@tailwindcss\oxide-linux-arm-gnueabihf
584 silly reify mark deleted [
584 silly reify   'C:\\Devine Projects\\labisengineer7-frontend\\node_modules\\@tailwindcss\\oxide-linux-arm-gnueabihf'
584 silly reify ]
585 verbose reify failed optional dependency C:\Devine Projects\labisengineer7-frontend\node_modules\@tailwindcss\oxide-freebsd-x64
586 silly reify mark deleted [
586 silly reify   'C:\\Devine Projects\\labisengineer7-frontend\\node_modules\\@tailwindcss\\oxide-freebsd-x64'
586 silly reify ]
587 verbose reify failed optional dependency C:\Devine Projects\labisengineer7-frontend\node_modules\@tailwindcss\oxide-darwin-x64
588 silly reify mark deleted [
588 silly reify   'C:\\Devine Projects\\labisengineer7-frontend\\node_modules\\@tailwindcss\\oxide-darwin-x64'
588 silly reify ]
589 verbose reify failed optional dependency C:\Devine Projects\labisengineer7-frontend\node_modules\@tailwindcss\oxide-darwin-arm64
590 silly reify mark deleted [
590 silly reify   'C:\\Devine Projects\\labisengineer7-frontend\\node_modules\\@tailwindcss\\oxide-darwin-arm64'
590 silly reify ]
591 verbose reify failed optional dependency C:\Devine Projects\labisengineer7-frontend\node_modules\@tailwindcss\oxide-android-arm64
592 silly reify mark deleted [
592 silly reify   'C:\\Devine Projects\\labisengineer7-frontend\\node_modules\\@tailwindcss\\oxide-android-arm64'
592 silly reify ]
593 verbose reify failed optional dependency C:\Devine Projects\labisengineer7-frontend\node_modules\@next\swc-win32-arm64-msvc
594 silly reify mark deleted [
594 silly reify   'C:\\Devine Projects\\labisengineer7-frontend\\node_modules\\@next\\swc-win32-arm64-msvc'
594 silly reify ]
595 verbose reify failed optional dependency C:\Devine Projects\labisengineer7-frontend\node_modules\@next\swc-linux-x64-musl
596 silly reify mark deleted [
596 silly reify   'C:\\Devine Projects\\labisengineer7-frontend\\node_modules\\@next\\swc-linux-x64-musl'
596 silly reify ]
597 verbose reify failed optional dependency C:\Devine Projects\labisengineer7-frontend\node_modules\@next\swc-linux-x64-gnu
598 silly reify mark deleted [
598 silly reify   'C:\\Devine Projects\\labisengineer7-frontend\\node_modules\\@next\\swc-linux-x64-gnu'
598 silly reify ]
599 verbose reify failed optional dependency C:\Devine Projects\labisengineer7-frontend\node_modules\@next\swc-linux-arm64-musl
600 silly reify mark deleted [
600 silly reify   'C:\\Devine Projects\\labisengineer7-frontend\\node_modules\\@next\\swc-linux-arm64-musl'
600 silly reify ]
601 verbose reify failed optional dependency C:\Devine Projects\labisengineer7-frontend\node_modules\@next\swc-linux-arm64-gnu
602 silly reify mark deleted [
602 silly reify   'C:\\Devine Projects\\labisengineer7-frontend\\node_modules\\@next\\swc-linux-arm64-gnu'
602 silly reify ]
603 verbose reify failed optional dependency C:\Devine Projects\labisengineer7-frontend\node_modules\@next\swc-darwin-x64
604 silly reify mark deleted [
604 silly reify   'C:\\Devine Projects\\labisengineer7-frontend\\node_modules\\@next\\swc-darwin-x64'
604 silly reify ]
605 verbose reify failed optional dependency C:\Devine Projects\labisengineer7-frontend\node_modules\@next\swc-darwin-arm64
606 silly reify mark deleted [
606 silly reify   'C:\\Devine Projects\\labisengineer7-frontend\\node_modules\\@next\\swc-darwin-arm64'
606 silly reify ]
607 verbose reify failed optional dependency C:\Devine Projects\labisengineer7-frontend\node_modules\@img\sharp-win32-ia32
608 silly reify mark deleted [
608 silly reify   'C:\\Devine Projects\\labisengineer7-frontend\\node_modules\\@img\\sharp-win32-ia32'
608 silly reify ]
609 verbose reify failed optional dependency C:\Devine Projects\labisengineer7-frontend\node_modules\@img\sharp-wasm32
610 silly reify mark deleted [
610 silly reify   'C:\\Devine Projects\\labisengineer7-frontend\\node_modules\\@img\\sharp-wasm32'
610 silly reify ]
611 verbose reify failed optional dependency C:\Devine Projects\labisengineer7-frontend\node_modules\@img\sharp-linuxmusl-x64
612 silly reify mark deleted [
612 silly reify   'C:\\Devine Projects\\labisengineer7-frontend\\node_modules\\@img\\sharp-linuxmusl-x64'
612 silly reify ]
613 verbose reify failed optional dependency C:\Devine Projects\labisengineer7-frontend\node_modules\@img\sharp-linuxmusl-arm64
614 silly reify mark deleted [
614 silly reify   'C:\\Devine Projects\\labisengineer7-frontend\\node_modules\\@img\\sharp-linuxmusl-arm64'
614 silly reify ]
615 verbose reify failed optional dependency C:\Devine Projects\labisengineer7-frontend\node_modules\@img\sharp-linux-x64
616 silly reify mark deleted [
616 silly reify   'C:\\Devine Projects\\labisengineer7-frontend\\node_modules\\@img\\sharp-linux-x64'
616 silly reify ]
617 verbose reify failed optional dependency C:\Devine Projects\labisengineer7-frontend\node_modules\@img\sharp-linux-s390x
618 silly reify mark deleted [
618 silly reify   'C:\\Devine Projects\\labisengineer7-frontend\\node_modules\\@img\\sharp-linux-s390x'
618 silly reify ]
619 verbose reify failed optional dependency C:\Devine Projects\labisengineer7-frontend\node_modules\@img\sharp-linux-arm64
620 silly reify mark deleted [
620 silly reify   'C:\\Devine Projects\\labisengineer7-frontend\\node_modules\\@img\\sharp-linux-arm64'
620 silly reify ]
621 verbose reify failed optional dependency C:\Devine Projects\labisengineer7-frontend\node_modules\@img\sharp-linux-arm
622 silly reify mark deleted [
622 silly reify   'C:\\Devine Projects\\labisengineer7-frontend\\node_modules\\@img\\sharp-linux-arm'
622 silly reify ]
623 verbose reify failed optional dependency C:\Devine Projects\labisengineer7-frontend\node_modules\@img\sharp-libvips-linuxmusl-x64
624 silly reify mark deleted [
624 silly reify   'C:\\Devine Projects\\labisengineer7-frontend\\node_modules\\@img\\sharp-libvips-linuxmusl-x64'
624 silly reify ]
625 verbose reify failed optional dependency C:\Devine Projects\labisengineer7-frontend\node_modules\@img\sharp-libvips-linuxmusl-arm64
626 silly reify mark deleted [
626 silly reify   'C:\\Devine Projects\\labisengineer7-frontend\\node_modules\\@img\\sharp-libvips-linuxmusl-arm64'
626 silly reify ]
627 verbose reify failed optional dependency C:\Devine Projects\labisengineer7-frontend\node_modules\@img\sharp-libvips-linux-x64
628 silly reify mark deleted [
628 silly reify   'C:\\Devine Projects\\labisengineer7-frontend\\node_modules\\@img\\sharp-libvips-linux-x64'
628 silly reify ]
629 verbose reify failed optional dependency C:\Devine Projects\labisengineer7-frontend\node_modules\@img\sharp-libvips-linux-s390x
630 silly reify mark deleted [
630 silly reify   'C:\\Devine Projects\\labisengineer7-frontend\\node_modules\\@img\\sharp-libvips-linux-s390x'
630 silly reify ]
631 verbose reify failed optional dependency C:\Devine Projects\labisengineer7-frontend\node_modules\@img\sharp-libvips-linux-ppc64
632 silly reify mark deleted [
632 silly reify   'C:\\Devine Projects\\labisengineer7-frontend\\node_modules\\@img\\sharp-libvips-linux-ppc64'
632 silly reify ]
633 verbose reify failed optional dependency C:\Devine Projects\labisengineer7-frontend\node_modules\@img\sharp-libvips-linux-arm64
634 silly reify mark deleted [
634 silly reify   'C:\\Devine Projects\\labisengineer7-frontend\\node_modules\\@img\\sharp-libvips-linux-arm64'
634 silly reify ]
635 verbose reify failed optional dependency C:\Devine Projects\labisengineer7-frontend\node_modules\@img\sharp-libvips-linux-arm
636 silly reify mark deleted [
636 silly reify   'C:\\Devine Projects\\labisengineer7-frontend\\node_modules\\@img\\sharp-libvips-linux-arm'
636 silly reify ]
637 verbose reify failed optional dependency C:\Devine Projects\labisengineer7-frontend\node_modules\@img\sharp-libvips-darwin-x64
638 silly reify mark deleted [
638 silly reify   'C:\\Devine Projects\\labisengineer7-frontend\\node_modules\\@img\\sharp-libvips-darwin-x64'
638 silly reify ]
639 verbose reify failed optional dependency C:\Devine Projects\labisengineer7-frontend\node_modules\@img\sharp-libvips-darwin-arm64
640 silly reify mark deleted [
640 silly reify   'C:\\Devine Projects\\labisengineer7-frontend\\node_modules\\@img\\sharp-libvips-darwin-arm64'
640 silly reify ]
641 verbose reify failed optional dependency C:\Devine Projects\labisengineer7-frontend\node_modules\@img\sharp-darwin-x64
642 silly reify mark deleted [
642 silly reify   'C:\\Devine Projects\\labisengineer7-frontend\\node_modules\\@img\\sharp-darwin-x64'
642 silly reify ]
643 verbose reify failed optional dependency C:\Devine Projects\labisengineer7-frontend\node_modules\@img\sharp-darwin-arm64
644 silly reify mark deleted [
644 silly reify   'C:\\Devine Projects\\labisengineer7-frontend\\node_modules\\@img\\sharp-darwin-arm64'
644 silly reify ]
645 http cache @rc-component/context@https://registry.npmjs.org/@rc-component/context/-/context-1.4.0.tgz 0ms (cache hit)
646 http cache react-is@https://registry.npmjs.org/react-is/-/react-is-18.3.1.tgz 0ms (cache hit)
647 http cache compute-scroll-into-view@https://registry.npmjs.org/compute-scroll-into-view/-/compute-scroll-into-view-3.1.1.tgz 0ms (cache hit)
648 http cache @rc-component/mini-decimal@https://registry.npmjs.org/@rc-component/mini-decimal/-/mini-decimal-1.1.0.tgz 0ms (cache hit)
649 http cache @rc-component/async-validator@https://registry.npmjs.org/@rc-component/async-validator/-/async-validator-5.0.4.tgz 0ms (cache hit)
650 http cache rc-virtual-list@https://registry.npmjs.org/rc-virtual-list/-/rc-virtual-list-3.19.1.tgz 0ms (cache hit)
651 http cache @rc-component/portal@https://registry.npmjs.org/@rc-component/portal/-/portal-1.1.2.tgz 0ms (cache hit)
652 http cache string-convert@https://registry.npmjs.org/string-convert/-/string-convert-0.2.1.tgz 0ms (cache hit)
653 http cache toggle-selection@https://registry.npmjs.org/toggle-selection/-/toggle-selection-1.0.6.tgz 0ms (cache hit)
654 http cache rc-overflow@https://registry.npmjs.org/rc-overflow/-/rc-overflow-1.4.1.tgz 0ms (cache hit)
655 http cache @ant-design/icons-svg@https://registry.npmjs.org/@ant-design/icons-svg/-/icons-svg-4.4.2.tgz 0ms (cache hit)
656 http cache @emotion/unitless@https://registry.npmjs.org/@emotion/unitless/-/unitless-0.7.5.tgz 0ms (cache hit)
657 http cache @emotion/hash@https://registry.npmjs.org/@emotion/hash/-/hash-0.8.0.tgz 0ms (cache hit)
658 http cache stylis@https://registry.npmjs.org/stylis/-/stylis-4.3.6.tgz 0ms (cache hit)
659 http cache throttle-debounce@https://registry.npmjs.org/throttle-debounce/-/throttle-debounce-5.0.2.tgz 0ms (cache hit)
660 http cache resize-observer-polyfill@https://registry.npmjs.org/resize-observer-polyfill/-/resize-observer-polyfill-1.5.1.tgz 0ms (cache hit)
661 http cache rc-util@https://registry.npmjs.org/rc-util/-/rc-util-5.44.4.tgz 0ms (cache hit)
662 http cache json2mq@https://registry.npmjs.org/json2mq/-/json2mq-0.2.0.tgz 0ms (cache hit)
663 http cache scroll-into-view-if-needed@https://registry.npmjs.org/scroll-into-view-if-needed/-/scroll-into-view-if-needed-3.1.0.tgz 0ms (cache hit)
664 http cache rc-upload@https://registry.npmjs.org/rc-upload/-/rc-upload-4.9.2.tgz 0ms (cache hit)
665 http cache rc-tree@https://registry.npmjs.org/rc-tree/-/rc-tree-5.13.1.tgz 0ms (cache hit)
666 http cache rc-tooltip@https://registry.npmjs.org/rc-tooltip/-/rc-tooltip-6.4.0.tgz 0ms (cache hit)
667 http cache rc-textarea@https://registry.npmjs.org/rc-textarea/-/rc-textarea-1.10.0.tgz 0ms (cache hit)
668 http cache rc-tabs@https://registry.npmjs.org/rc-tabs/-/rc-tabs-15.6.1.tgz 0ms (cache hit)
669 http cache rc-tree-select@https://registry.npmjs.org/rc-tree-select/-/rc-tree-select-5.27.0.tgz 0ms (cache hit)
670 http cache rc-table@https://registry.npmjs.org/rc-table/-/rc-table-7.51.1.tgz 0ms (cache hit)
671 http cache rc-switch@https://registry.npmjs.org/rc-switch/-/rc-switch-4.1.0.tgz 0ms (cache hit)
672 http cache rc-steps@https://registry.npmjs.org/rc-steps/-/rc-steps-6.0.1.tgz 0ms (cache hit)
673 http cache rc-slider@https://registry.npmjs.org/rc-slider/-/rc-slider-11.1.8.tgz 0ms (cache hit)
674 http cache rc-select@https://registry.npmjs.org/rc-select/-/rc-select-14.16.8.tgz 0ms (cache hit)
675 http cache rc-segmented@https://registry.npmjs.org/rc-segmented/-/rc-segmented-2.7.0.tgz 0ms (cache hit)
676 http cache rc-resize-observer@https://registry.npmjs.org/rc-resize-observer/-/rc-resize-observer-1.4.3.tgz 0ms (cache hit)
677 http cache rc-rate@https://registry.npmjs.org/rc-rate/-/rc-rate-2.13.1.tgz 0ms (cache hit)
678 http cache rc-progress@https://registry.npmjs.org/rc-progress/-/rc-progress-4.0.0.tgz 0ms (cache hit)
679 http cache rc-picker@https://registry.npmjs.org/rc-picker/-/rc-picker-4.11.3.tgz 0ms (cache hit)
680 http cache rc-pagination@https://registry.npmjs.org/rc-pagination/-/rc-pagination-5.1.0.tgz 0ms (cache hit)
681 http cache rc-notification@https://registry.npmjs.org/rc-notification/-/rc-notification-5.6.4.tgz 0ms (cache hit)
682 http cache rc-motion@https://registry.npmjs.org/rc-motion/-/rc-motion-2.9.5.tgz 0ms (cache hit)
683 http cache rc-menu@https://registry.npmjs.org/rc-menu/-/rc-menu-9.16.1.tgz 0ms (cache hit)
684 http cache rc-mentions@https://registry.npmjs.org/rc-mentions/-/rc-mentions-2.20.0.tgz 0ms (cache hit)
685 http cache rc-input@https://registry.npmjs.org/rc-input/-/rc-input-1.8.0.tgz 0ms (cache hit)
686 http cache rc-input-number@https://registry.npmjs.org/rc-input-number/-/rc-input-number-9.5.0.tgz 0ms (cache hit)
687 http cache rc-image@https://registry.npmjs.org/rc-image/-/rc-image-7.12.0.tgz 0ms (cache hit)
688 http cache rc-field-form@https://registry.npmjs.org/rc-field-form/-/rc-field-form-2.7.0.tgz 0ms (cache hit)
689 http cache rc-dropdown@https://registry.npmjs.org/rc-dropdown/-/rc-dropdown-4.2.1.tgz 0ms (cache hit)
690 http cache rc-drawer@https://registry.npmjs.org/rc-drawer/-/rc-drawer-7.3.0.tgz 0ms (cache hit)
691 http cache rc-dialog@https://registry.npmjs.org/rc-dialog/-/rc-dialog-9.6.0.tgz 0ms (cache hit)
692 http cache rc-collapse@https://registry.npmjs.org/rc-collapse/-/rc-collapse-3.9.0.tgz 0ms (cache hit)
693 http cache rc-checkbox@https://registry.npmjs.org/rc-checkbox/-/rc-checkbox-3.5.0.tgz 0ms (cache hit)
694 http cache rc-cascader@https://registry.npmjs.org/rc-cascader/-/rc-cascader-3.34.0.tgz 0ms (cache hit)
695 http cache dayjs@https://registry.npmjs.org/dayjs/-/dayjs-1.11.13.tgz 0ms (cache hit)
696 http cache copy-to-clipboard@https://registry.npmjs.org/copy-to-clipboard/-/copy-to-clipboard-3.3.3.tgz 0ms (cache hit)
697 http cache @rc-component/tour@https://registry.npmjs.org/@rc-component/tour/-/tour-1.15.1.tgz 0ms (cache hit)
698 http cache classnames@https://registry.npmjs.org/classnames/-/classnames-2.5.1.tgz 0ms (cache hit)
699 http cache @rc-component/qrcode@https://registry.npmjs.org/@rc-component/qrcode/-/qrcode-1.0.0.tgz 0ms (cache hit)
700 http cache @babel/runtime@https://registry.npmjs.org/@babel/runtime/-/runtime-7.27.6.tgz 0ms (cache hit)
701 http cache @ant-design/react-slick@https://registry.npmjs.org/@ant-design/react-slick/-/react-slick-1.1.2.tgz 0ms (cache hit)
702 http cache @ant-design/icons@https://registry.npmjs.org/@ant-design/icons/-/icons-5.6.1.tgz 0ms (cache hit)
703 http cache @rc-component/mutate-observer@https://registry.npmjs.org/@rc-component/mutate-observer/-/mutate-observer-1.1.0.tgz 0ms (cache hit)
704 http cache @rc-component/trigger@https://registry.npmjs.org/@rc-component/trigger/-/trigger-2.2.7.tgz 0ms (cache hit)
705 http cache @rc-component/color-picker@https://registry.npmjs.org/@rc-component/color-picker/-/color-picker-2.0.1.tgz 0ms (cache hit)
706 http cache @ant-design/fast-color@https://registry.npmjs.org/@ant-design/fast-color/-/fast-color-2.0.6.tgz 0ms (cache hit)
707 http cache antd@https://registry.npmjs.org/antd/-/antd-5.26.2.tgz 0ms (cache hit)
708 http cache @ant-design/cssinjs-utils@https://registry.npmjs.org/@ant-design/cssinjs-utils/-/cssinjs-utils-1.1.3.tgz 0ms (cache hit)
709 silly tarball no local data for @rc-component/context@https://registry.npmjs.org/@rc-component/context/-/context-1.4.0.tgz. Extracting by manifest.
710 http cache @ant-design/cssinjs@https://registry.npmjs.org/@ant-design/cssinjs/-/cssinjs-1.23.0.tgz 0ms (cache hit)
711 silly tarball no local data for react-is@https://registry.npmjs.org/react-is/-/react-is-18.3.1.tgz. Extracting by manifest.
712 silly tarball no local data for compute-scroll-into-view@https://registry.npmjs.org/compute-scroll-into-view/-/compute-scroll-into-view-3.1.1.tgz. Extracting by manifest.
713 http cache @ant-design/colors@https://registry.npmjs.org/@ant-design/colors/-/colors-7.2.1.tgz 0ms (cache hit)
714 silly tarball no local data for @rc-component/mini-decimal@https://registry.npmjs.org/@rc-component/mini-decimal/-/mini-decimal-1.1.0.tgz. Extracting by manifest.
715 silly tarball no local data for @rc-component/async-validator@https://registry.npmjs.org/@rc-component/async-validator/-/async-validator-5.0.4.tgz. Extracting by manifest.
716 silly tarball no local data for rc-virtual-list@https://registry.npmjs.org/rc-virtual-list/-/rc-virtual-list-3.19.1.tgz. Extracting by manifest.
717 silly tarball no local data for @rc-component/portal@https://registry.npmjs.org/@rc-component/portal/-/portal-1.1.2.tgz. Extracting by manifest.
718 silly tarball no local data for string-convert@https://registry.npmjs.org/string-convert/-/string-convert-0.2.1.tgz. Extracting by manifest.
719 silly tarball no local data for toggle-selection@https://registry.npmjs.org/toggle-selection/-/toggle-selection-1.0.6.tgz. Extracting by manifest.
720 silly tarball no local data for rc-overflow@https://registry.npmjs.org/rc-overflow/-/rc-overflow-1.4.1.tgz. Extracting by manifest.
721 silly tarball no local data for @ant-design/icons-svg@https://registry.npmjs.org/@ant-design/icons-svg/-/icons-svg-4.4.2.tgz. Extracting by manifest.
722 silly tarball no local data for @emotion/unitless@https://registry.npmjs.org/@emotion/unitless/-/unitless-0.7.5.tgz. Extracting by manifest.
723 silly tarball no local data for @emotion/hash@https://registry.npmjs.org/@emotion/hash/-/hash-0.8.0.tgz. Extracting by manifest.
724 silly tarball no local data for stylis@https://registry.npmjs.org/stylis/-/stylis-4.3.6.tgz. Extracting by manifest.
725 silly tarball no local data for throttle-debounce@https://registry.npmjs.org/throttle-debounce/-/throttle-debounce-5.0.2.tgz. Extracting by manifest.
726 silly tarball no local data for resize-observer-polyfill@https://registry.npmjs.org/resize-observer-polyfill/-/resize-observer-polyfill-1.5.1.tgz. Extracting by manifest.
727 silly tarball no local data for rc-util@https://registry.npmjs.org/rc-util/-/rc-util-5.44.4.tgz. Extracting by manifest.
728 silly tarball no local data for json2mq@https://registry.npmjs.org/json2mq/-/json2mq-0.2.0.tgz. Extracting by manifest.
729 silly tarball no local data for scroll-into-view-if-needed@https://registry.npmjs.org/scroll-into-view-if-needed/-/scroll-into-view-if-needed-3.1.0.tgz. Extracting by manifest.
730 silly tarball no local data for rc-upload@https://registry.npmjs.org/rc-upload/-/rc-upload-4.9.2.tgz. Extracting by manifest.
731 silly tarball no local data for rc-tree@https://registry.npmjs.org/rc-tree/-/rc-tree-5.13.1.tgz. Extracting by manifest.
732 silly tarball no local data for rc-tooltip@https://registry.npmjs.org/rc-tooltip/-/rc-tooltip-6.4.0.tgz. Extracting by manifest.
733 silly tarball no local data for rc-textarea@https://registry.npmjs.org/rc-textarea/-/rc-textarea-1.10.0.tgz. Extracting by manifest.
734 silly tarball no local data for rc-tabs@https://registry.npmjs.org/rc-tabs/-/rc-tabs-15.6.1.tgz. Extracting by manifest.
735 silly tarball no local data for rc-tree-select@https://registry.npmjs.org/rc-tree-select/-/rc-tree-select-5.27.0.tgz. Extracting by manifest.
736 silly tarball no local data for rc-table@https://registry.npmjs.org/rc-table/-/rc-table-7.51.1.tgz. Extracting by manifest.
737 silly tarball no local data for rc-switch@https://registry.npmjs.org/rc-switch/-/rc-switch-4.1.0.tgz. Extracting by manifest.
738 silly tarball no local data for rc-steps@https://registry.npmjs.org/rc-steps/-/rc-steps-6.0.1.tgz. Extracting by manifest.
739 silly tarball no local data for rc-slider@https://registry.npmjs.org/rc-slider/-/rc-slider-11.1.8.tgz. Extracting by manifest.
740 silly tarball no local data for rc-select@https://registry.npmjs.org/rc-select/-/rc-select-14.16.8.tgz. Extracting by manifest.
741 silly tarball no local data for rc-segmented@https://registry.npmjs.org/rc-segmented/-/rc-segmented-2.7.0.tgz. Extracting by manifest.
742 silly tarball no local data for rc-resize-observer@https://registry.npmjs.org/rc-resize-observer/-/rc-resize-observer-1.4.3.tgz. Extracting by manifest.
743 silly tarball no local data for rc-rate@https://registry.npmjs.org/rc-rate/-/rc-rate-2.13.1.tgz. Extracting by manifest.
744 silly tarball no local data for rc-progress@https://registry.npmjs.org/rc-progress/-/rc-progress-4.0.0.tgz. Extracting by manifest.
745 silly tarball no local data for rc-picker@https://registry.npmjs.org/rc-picker/-/rc-picker-4.11.3.tgz. Extracting by manifest.
746 silly tarball no local data for rc-pagination@https://registry.npmjs.org/rc-pagination/-/rc-pagination-5.1.0.tgz. Extracting by manifest.
747 silly tarball no local data for rc-notification@https://registry.npmjs.org/rc-notification/-/rc-notification-5.6.4.tgz. Extracting by manifest.
748 silly tarball no local data for rc-motion@https://registry.npmjs.org/rc-motion/-/rc-motion-2.9.5.tgz. Extracting by manifest.
749 silly tarball no local data for rc-menu@https://registry.npmjs.org/rc-menu/-/rc-menu-9.16.1.tgz. Extracting by manifest.
750 silly tarball no local data for rc-mentions@https://registry.npmjs.org/rc-mentions/-/rc-mentions-2.20.0.tgz. Extracting by manifest.
751 silly tarball no local data for rc-input@https://registry.npmjs.org/rc-input/-/rc-input-1.8.0.tgz. Extracting by manifest.
752 silly tarball no local data for rc-input-number@https://registry.npmjs.org/rc-input-number/-/rc-input-number-9.5.0.tgz. Extracting by manifest.
753 silly tarball no local data for rc-image@https://registry.npmjs.org/rc-image/-/rc-image-7.12.0.tgz. Extracting by manifest.
754 silly tarball no local data for rc-field-form@https://registry.npmjs.org/rc-field-form/-/rc-field-form-2.7.0.tgz. Extracting by manifest.
755 silly tarball no local data for rc-dropdown@https://registry.npmjs.org/rc-dropdown/-/rc-dropdown-4.2.1.tgz. Extracting by manifest.
756 silly tarball no local data for rc-drawer@https://registry.npmjs.org/rc-drawer/-/rc-drawer-7.3.0.tgz. Extracting by manifest.
757 silly tarball no local data for rc-dialog@https://registry.npmjs.org/rc-dialog/-/rc-dialog-9.6.0.tgz. Extracting by manifest.
758 silly tarball no local data for rc-collapse@https://registry.npmjs.org/rc-collapse/-/rc-collapse-3.9.0.tgz. Extracting by manifest.
759 silly tarball no local data for rc-checkbox@https://registry.npmjs.org/rc-checkbox/-/rc-checkbox-3.5.0.tgz. Extracting by manifest.
760 silly tarball no local data for rc-cascader@https://registry.npmjs.org/rc-cascader/-/rc-cascader-3.34.0.tgz. Extracting by manifest.
761 silly tarball no local data for dayjs@https://registry.npmjs.org/dayjs/-/dayjs-1.11.13.tgz. Extracting by manifest.
762 silly tarball no local data for copy-to-clipboard@https://registry.npmjs.org/copy-to-clipboard/-/copy-to-clipboard-3.3.3.tgz. Extracting by manifest.
763 silly tarball no local data for @rc-component/tour@https://registry.npmjs.org/@rc-component/tour/-/tour-1.15.1.tgz. Extracting by manifest.
764 silly tarball no local data for classnames@https://registry.npmjs.org/classnames/-/classnames-2.5.1.tgz. Extracting by manifest.
765 silly tarball no local data for @rc-component/qrcode@https://registry.npmjs.org/@rc-component/qrcode/-/qrcode-1.0.0.tgz. Extracting by manifest.
766 silly tarball no local data for @babel/runtime@https://registry.npmjs.org/@babel/runtime/-/runtime-7.27.6.tgz. Extracting by manifest.
767 silly tarball no local data for @ant-design/react-slick@https://registry.npmjs.org/@ant-design/react-slick/-/react-slick-1.1.2.tgz. Extracting by manifest.
768 silly tarball no local data for @ant-design/icons@https://registry.npmjs.org/@ant-design/icons/-/icons-5.6.1.tgz. Extracting by manifest.
769 silly tarball no local data for @rc-component/mutate-observer@https://registry.npmjs.org/@rc-component/mutate-observer/-/mutate-observer-1.1.0.tgz. Extracting by manifest.
770 silly tarball no local data for @rc-component/trigger@https://registry.npmjs.org/@rc-component/trigger/-/trigger-2.2.7.tgz. Extracting by manifest.
771 silly tarball no local data for @rc-component/color-picker@https://registry.npmjs.org/@rc-component/color-picker/-/color-picker-2.0.1.tgz. Extracting by manifest.
772 silly tarball no local data for @ant-design/fast-color@https://registry.npmjs.org/@ant-design/fast-color/-/fast-color-2.0.6.tgz. Extracting by manifest.
773 silly tarball no local data for antd@https://registry.npmjs.org/antd/-/antd-5.26.2.tgz. Extracting by manifest.
774 silly tarball no local data for @ant-design/cssinjs-utils@https://registry.npmjs.org/@ant-design/cssinjs-utils/-/cssinjs-utils-1.1.3.tgz. Extracting by manifest.
775 silly tarball no local data for @ant-design/cssinjs@https://registry.npmjs.org/@ant-design/cssinjs/-/cssinjs-1.23.0.tgz. Extracting by manifest.
776 silly tarball no local data for @ant-design/colors@https://registry.npmjs.org/@ant-design/colors/-/colors-7.2.1.tgz. Extracting by manifest.
777 http fetch GET 200 https://registry.npmjs.org/toggle-selection/-/toggle-selection-1.0.6.tgz 68ms (cache miss)
778 http fetch GET 200 https://registry.npmjs.org/rc-overflow/-/rc-overflow-1.4.1.tgz 69ms (cache miss)
779 http fetch GET 200 https://registry.npmjs.org/string-convert/-/string-convert-0.2.1.tgz 71ms (cache miss)
780 http fetch GET 200 https://registry.npmjs.org/react-is/-/react-is-18.3.1.tgz 74ms (cache miss)
781 http fetch GET 200 https://registry.npmjs.org/compute-scroll-into-view/-/compute-scroll-into-view-3.1.1.tgz 93ms (cache miss)
782 http fetch GET 200 https://registry.npmjs.org/json2mq/-/json2mq-0.2.0.tgz 94ms (cache miss)
783 http fetch GET 200 https://registry.npmjs.org/scroll-into-view-if-needed/-/scroll-into-view-if-needed-3.1.0.tgz 99ms (cache miss)
784 http fetch GET 200 https://registry.npmjs.org/rc-upload/-/rc-upload-4.9.2.tgz 100ms (cache miss)
785 http fetch GET 200 https://registry.npmjs.org/stylis/-/stylis-4.3.6.tgz 106ms (cache miss)
786 http fetch GET 200 https://registry.npmjs.org/throttle-debounce/-/throttle-debounce-5.0.2.tgz 126ms (cache miss)
787 http fetch GET 200 https://registry.npmjs.org/rc-textarea/-/rc-textarea-1.10.0.tgz 129ms (cache miss)
788 http fetch GET 200 https://registry.npmjs.org/rc-tooltip/-/rc-tooltip-6.4.0.tgz 131ms (cache miss)
789 http fetch GET 200 https://registry.npmjs.org/rc-switch/-/rc-switch-4.1.0.tgz 132ms (cache miss)
790 http fetch GET 200 https://registry.npmjs.org/rc-steps/-/rc-steps-6.0.1.tgz 163ms (cache miss)
791 http fetch GET 200 https://registry.npmjs.org/rc-resize-observer/-/rc-resize-observer-1.4.3.tgz 165ms (cache miss)
792 http fetch GET 200 https://registry.npmjs.org/rc-rate/-/rc-rate-2.13.1.tgz 164ms (cache miss)
793 http fetch GET 200 https://registry.npmjs.org/rc-progress/-/rc-progress-4.0.0.tgz 165ms (cache miss)
794 http fetch GET 200 https://registry.npmjs.org/rc-segmented/-/rc-segmented-2.7.0.tgz 166ms (cache miss)
795 http fetch GET 200 https://registry.npmjs.org/resize-observer-polyfill/-/resize-observer-polyfill-1.5.1.tgz 168ms (cache miss)
796 http fetch GET 200 https://registry.npmjs.org/rc-notification/-/rc-notification-5.6.4.tgz 194ms (cache miss)
797 http fetch GET 200 https://registry.npmjs.org/rc-input/-/rc-input-1.8.0.tgz 197ms (cache miss)
798 http fetch GET 200 https://registry.npmjs.org/rc-mentions/-/rc-mentions-2.20.0.tgz 198ms (cache miss)
799 http fetch GET 200 https://registry.npmjs.org/rc-input-number/-/rc-input-number-9.5.0.tgz 221ms (cache miss)
800 http fetch GET 200 https://registry.npmjs.org/rc-dropdown/-/rc-dropdown-4.2.1.tgz 234ms (cache miss)
801 http fetch GET 200 https://registry.npmjs.org/rc-drawer/-/rc-drawer-7.3.0.tgz 235ms (cache miss)
802 http fetch GET 200 https://registry.npmjs.org/rc-dialog/-/rc-dialog-9.6.0.tgz 237ms (cache miss)
803 http fetch GET 200 https://registry.npmjs.org/rc-collapse/-/rc-collapse-3.9.0.tgz 244ms (cache miss)
804 http fetch GET 200 https://registry.npmjs.org/@rc-component/mini-decimal/-/mini-decimal-1.1.0.tgz 269ms (cache miss)
805 http fetch GET 200 https://registry.npmjs.org/rc-checkbox/-/rc-checkbox-3.5.0.tgz 263ms (cache miss)
806 http fetch GET 200 https://registry.npmjs.org/@rc-component/portal/-/portal-1.1.2.tgz 298ms (cache miss)
807 http fetch GET 200 https://registry.npmjs.org/@emotion/hash/-/hash-0.8.0.tgz 303ms (cache miss)
808 http fetch GET 200 https://registry.npmjs.org/copy-to-clipboard/-/copy-to-clipboard-3.3.3.tgz 297ms (cache miss)
809 http fetch GET 200 https://registry.npmjs.org/@emotion/unitless/-/unitless-0.7.5.tgz 306ms (cache miss)
810 http fetch GET 200 https://registry.npmjs.org/classnames/-/classnames-2.5.1.tgz 301ms (cache miss)
811 http fetch GET 200 https://registry.npmjs.org/@rc-component/context/-/context-1.4.0.tgz 314ms (cache miss)
812 http fetch POST 200 https://registry.npmjs.org/-/npm/v1/security/advisories/bulk 350ms
813 silly audit report {}
814 http fetch GET 200 https://registry.npmjs.org/@rc-component/tour/-/tour-1.15.1.tgz 445ms (cache miss)
815 http fetch GET 200 https://registry.npmjs.org/rc-tree/-/rc-tree-5.13.1.tgz 470ms (cache miss)
816 http fetch GET 200 https://registry.npmjs.org/rc-virtual-list/-/rc-virtual-list-3.19.1.tgz 496ms (cache miss)
817 http fetch GET 200 https://registry.npmjs.org/@rc-component/mutate-observer/-/mutate-observer-1.1.0.tgz 494ms (cache miss)
818 http fetch GET 200 https://registry.npmjs.org/@ant-design/colors/-/colors-7.2.1.tgz 497ms (cache miss)
819 http fetch GET 200 https://registry.npmjs.org/@ant-design/cssinjs-utils/-/cssinjs-utils-1.1.3.tgz 501ms (cache miss)
820 http fetch GET 200 https://registry.npmjs.org/@ant-design/fast-color/-/fast-color-2.0.6.tgz 502ms (cache miss)
821 http fetch GET 200 https://registry.npmjs.org/@rc-component/color-picker/-/color-picker-2.0.1.tgz 504ms (cache miss)
822 http fetch GET 200 https://registry.npmjs.org/rc-motion/-/rc-motion-2.9.5.tgz 516ms (cache miss)
823 http fetch GET 200 https://registry.npmjs.org/rc-slider/-/rc-slider-11.1.8.tgz 549ms (cache miss)
824 http fetch GET 200 https://registry.npmjs.org/rc-tree-select/-/rc-tree-select-5.27.0.tgz 554ms (cache miss)
825 http fetch GET 200 https://registry.npmjs.org/rc-tabs/-/rc-tabs-15.6.1.tgz 575ms (cache miss)
826 http fetch GET 200 https://registry.npmjs.org/rc-image/-/rc-image-7.12.0.tgz 606ms (cache miss)
827 http fetch GET 200 https://registry.npmjs.org/rc-field-form/-/rc-field-form-2.7.0.tgz 628ms (cache miss)
828 http fetch GET 200 https://registry.npmjs.org/@rc-component/qrcode/-/qrcode-1.0.0.tgz 638ms (cache miss)
829 http fetch GET 200 https://registry.npmjs.org/@ant-design/react-slick/-/react-slick-1.1.2.tgz 647ms (cache miss)
830 http fetch GET 200 https://registry.npmjs.org/rc-cascader/-/rc-cascader-3.34.0.tgz 701ms (cache miss)
831 http fetch GET 200 https://registry.npmjs.org/@rc-component/trigger/-/trigger-2.2.7.tgz 714ms (cache miss)
832 http fetch GET 200 https://registry.npmjs.org/rc-menu/-/rc-menu-9.16.1.tgz 738ms (cache miss)
833 http fetch GET 200 https://registry.npmjs.org/@rc-component/async-validator/-/async-validator-5.0.4.tgz 767ms (cache miss)
834 http fetch GET 200 https://registry.npmjs.org/rc-select/-/rc-select-14.16.8.tgz 779ms (cache miss)
835 http fetch GET 200 https://registry.npmjs.org/rc-util/-/rc-util-5.44.4.tgz 823ms (cache miss)
836 http fetch GET 200 https://registry.npmjs.org/rc-table/-/rc-table-7.51.1.tgz 862ms (cache miss)
837 http fetch GET 200 https://registry.npmjs.org/@ant-design/cssinjs/-/cssinjs-1.23.0.tgz 882ms (cache miss)
838 http fetch GET 200 https://registry.npmjs.org/@babel/runtime/-/runtime-7.27.6.tgz 962ms (cache miss)
839 http fetch GET 200 https://registry.npmjs.org/rc-pagination/-/rc-pagination-5.1.0.tgz 981ms (cache miss)
840 http fetch GET 200 https://registry.npmjs.org/dayjs/-/dayjs-1.11.13.tgz 1163ms (cache miss)
841 http fetch GET 200 https://registry.npmjs.org/rc-picker/-/rc-picker-4.11.3.tgz 1231ms (cache miss)
842 http fetch GET 200 https://registry.npmjs.org/@ant-design/icons/-/icons-5.6.1.tgz 4152ms (cache miss)
843 http fetch GET 200 https://registry.npmjs.org/antd/-/antd-5.26.2.tgz 4302ms (cache miss)
844 http fetch GET 200 https://registry.npmjs.org/@ant-design/icons-svg/-/icons-svg-4.4.2.tgz 4445ms (cache miss)
845 silly ADD node_modules/compute-scroll-into-view
846 silly ADD node_modules/react-is
847 silly ADD node_modules/@rc-component/context
848 silly ADD node_modules/rc-virtual-list
849 silly ADD node_modules/rc-overflow
850 silly ADD node_modules/@rc-component/mini-decimal
851 silly ADD node_modules/@rc-component/async-validator
852 silly ADD node_modules/string-convert
853 silly ADD node_modules/toggle-selection
854 silly ADD node_modules/@rc-component/portal
855 silly ADD node_modules/resize-observer-polyfill
856 silly ADD node_modules/json2mq
857 silly ADD node_modules/@ant-design/icons-svg
858 silly ADD node_modules/stylis
859 silly ADD node_modules/@emotion/unitless
860 silly ADD node_modules/@emotion/hash
861 silly ADD node_modules/throttle-debounce
862 silly ADD node_modules/scroll-into-view-if-needed
863 silly ADD node_modules/rc-util
864 silly ADD node_modules/rc-upload
865 silly ADD node_modules/rc-tree-select
866 silly ADD node_modules/rc-tree
867 silly ADD node_modules/rc-tooltip
868 silly ADD node_modules/rc-textarea
869 silly ADD node_modules/rc-tabs
870 silly ADD node_modules/rc-table
871 silly ADD node_modules/rc-switch
872 silly ADD node_modules/rc-steps
873 silly ADD node_modules/rc-slider
874 silly ADD node_modules/rc-select
875 silly ADD node_modules/rc-segmented
876 silly ADD node_modules/rc-resize-observer
877 silly ADD node_modules/rc-rate
878 silly ADD node_modules/rc-progress
879 silly ADD node_modules/rc-picker
880 silly ADD node_modules/rc-pagination
881 silly ADD node_modules/rc-notification
882 silly ADD node_modules/rc-motion
883 silly ADD node_modules/rc-menu
884 silly ADD node_modules/rc-mentions
885 silly ADD node_modules/rc-input-number
886 silly ADD node_modules/rc-input
887 silly ADD node_modules/rc-image
888 silly ADD node_modules/rc-field-form
889 silly ADD node_modules/rc-dropdown
890 silly ADD node_modules/rc-drawer
891 silly ADD node_modules/rc-dialog
892 silly ADD node_modules/rc-collapse
893 silly ADD node_modules/rc-checkbox
894 silly ADD node_modules/rc-cascader
895 silly ADD node_modules/dayjs
896 silly ADD node_modules/copy-to-clipboard
897 silly ADD node_modules/classnames
898 silly ADD node_modules/@rc-component/trigger
899 silly ADD node_modules/@rc-component/tour
900 silly ADD node_modules/@rc-component/qrcode
901 silly ADD node_modules/@rc-component/mutate-observer
902 silly ADD node_modules/@rc-component/color-picker
903 silly ADD node_modules/@babel/runtime
904 silly ADD node_modules/@ant-design/react-slick
905 silly ADD node_modules/@ant-design/icons
906 silly ADD node_modules/@ant-design/fast-color
907 silly ADD node_modules/@ant-design/cssinjs-utils
908 silly ADD node_modules/@ant-design/cssinjs
909 silly ADD node_modules/@ant-design/colors
910 silly ADD node_modules/antd
911 silly ADD
912 silly ADD
913 silly ADD
914 silly ADD
915 silly ADD
916 silly ADD
917 silly ADD
918 silly ADD
919 silly ADD
920 silly ADD
921 silly ADD
922 silly ADD
923 silly ADD
924 silly ADD
925 silly ADD
926 silly ADD
927 silly ADD
928 silly ADD
929 silly ADD
930 silly ADD
931 silly ADD
932 silly ADD
933 silly ADD
934 silly ADD
935 silly ADD
936 silly ADD
937 silly ADD
938 silly ADD
939 silly ADD
940 silly ADD
941 silly ADD
942 silly ADD
943 silly ADD
944 silly ADD
945 silly ADD
946 silly ADD
947 silly ADD
948 silly ADD
949 silly ADD
950 silly ADD
951 silly ADD
952 silly ADD
953 silly ADD
954 silly ADD
955 silly ADD
956 silly ADD
957 verbose cwd C:\Devine Projects\labisengineer7-frontend
958 verbose os Windows_NT 10.0.26100
959 verbose node v22.16.0
960 verbose npm  v10.9.2
961 verbose exit 0
962 info ok
