0 verbose cli C:\Program Files\nodejs\node.exe C:\Program Files\nodejs\node_modules\npm\bin\npm-cli.js
1 info using npm@10.9.2
2 info using node@v22.16.0
3 silly config load:file:C:\Program Files\nodejs\node_modules\npm\npmrc
4 silly config load:file:C:\Devine Projects\labisengineer7-frontend\.npmrc
5 silly config load:file:C:\Users\game0\.npmrc
6 silly config load:file:C:\Users\game0\AppData\Roaming\npm\etc\npmrc
7 verbose title npm i
8 verbose argv "i"
9 verbose logfile logs-max:10 dir:C:\Devine Projects\labisengineer7-frontend\npm-cache\_logs\2025-06-29T10_23_36_927Z-
10 verbose logfile C:\Devine Projects\labisengineer7-frontend\npm-cache\_logs\2025-06-29T10_23_36_927Z-debug-0.log
11 silly logfile done cleaning log files
12 silly packumentCache heap:4345298944 maxSize:1086324736 maxEntrySize:543162368
13 silly idealTree buildDeps
14 silly reify moves {}
15 verbose reify failed optional dependency C:\Devine Projects\labisengineer7-frontend\node_modules\@tailwindcss\oxide-wasm32-wasi
16 silly reify mark deleted [
16 silly reify   'C:\\Devine Projects\\labisengineer7-frontend\\node_modules\\@tailwindcss\\oxide-wasm32-wasi'
16 silly reify ]
17 silly audit bulk request {
17 silly audit   '@alloc/quick-lru': [ '5.2.0' ],
17 silly audit   '@emnapi/runtime': [ '1.4.3' ],
17 silly audit   '@img/sharp-darwin-arm64': [ '0.34.1' ],
17 silly audit   '@img/sharp-darwin-x64': [ '0.34.1' ],
17 silly audit   '@img/sharp-libvips-darwin-arm64': [ '1.1.0' ],
17 silly audit   '@img/sharp-libvips-darwin-x64': [ '1.1.0' ],
17 silly audit   '@img/sharp-libvips-linux-arm': [ '1.1.0' ],
17 silly audit   '@img/sharp-libvips-linux-arm64': [ '1.1.0' ],
17 silly audit   '@img/sharp-libvips-linux-ppc64': [ '1.1.0' ],
17 silly audit   '@img/sharp-libvips-linux-s390x': [ '1.1.0' ],
17 silly audit   '@img/sharp-libvips-linux-x64': [ '1.1.0' ],
17 silly audit   '@img/sharp-libvips-linuxmusl-arm64': [ '1.1.0' ],
17 silly audit   '@img/sharp-libvips-linuxmusl-x64': [ '1.1.0' ],
17 silly audit   '@img/sharp-linux-arm': [ '0.34.1' ],
17 silly audit   '@img/sharp-linux-arm64': [ '0.34.1' ],
17 silly audit   '@img/sharp-linux-s390x': [ '0.34.1' ],
17 silly audit   '@img/sharp-linux-x64': [ '0.34.1' ],
17 silly audit   '@img/sharp-linuxmusl-arm64': [ '0.34.1' ],
17 silly audit   '@img/sharp-linuxmusl-x64': [ '0.34.1' ],
17 silly audit   '@img/sharp-wasm32': [ '0.34.1' ],
17 silly audit   '@img/sharp-win32-ia32': [ '0.34.1' ],
17 silly audit   '@img/sharp-win32-x64': [ '0.34.1' ],
17 silly audit   '@next/env': [ '15.3.1' ],
17 silly audit   '@next/swc-darwin-arm64': [ '15.3.1' ],
17 silly audit   '@next/swc-darwin-x64': [ '15.3.1' ],
17 silly audit   '@next/swc-linux-arm64-gnu': [ '15.3.1' ],
17 silly audit   '@next/swc-linux-arm64-musl': [ '15.3.1' ],
17 silly audit   '@next/swc-linux-x64-gnu': [ '15.3.1' ],
17 silly audit   '@next/swc-linux-x64-musl': [ '15.3.1' ],
17 silly audit   '@next/swc-win32-arm64-msvc': [ '15.3.1' ],
17 silly audit   '@next/swc-win32-x64-msvc': [ '15.3.1' ],
17 silly audit   '@swc/counter': [ '0.1.3' ],
17 silly audit   '@swc/helpers': [ '0.5.15' ],
17 silly audit   '@tailwindcss/node': [ '4.1.4' ],
17 silly audit   '@tailwindcss/oxide': [ '4.1.4' ],
17 silly audit   '@tailwindcss/oxide-android-arm64': [ '4.1.4' ],
17 silly audit   '@tailwindcss/oxide-darwin-arm64': [ '4.1.4' ],
17 silly audit   '@tailwindcss/oxide-darwin-x64': [ '4.1.4' ],
17 silly audit   '@tailwindcss/oxide-freebsd-x64': [ '4.1.4' ],
17 silly audit   '@tailwindcss/oxide-linux-arm-gnueabihf': [ '4.1.4' ],
17 silly audit   '@tailwindcss/oxide-linux-arm64-gnu': [ '4.1.4' ],
17 silly audit   '@tailwindcss/oxide-linux-arm64-musl': [ '4.1.4' ],
17 silly audit   '@tailwindcss/oxide-linux-x64-gnu': [ '4.1.4' ],
17 silly audit   '@tailwindcss/oxide-linux-x64-musl': [ '4.1.4' ],
17 silly audit   '@tailwindcss/oxide-win32-arm64-msvc': [ '4.1.4' ],
17 silly audit   '@tailwindcss/oxide-win32-x64-msvc': [ '4.1.4' ],
17 silly audit   '@tailwindcss/postcss': [ '4.1.4' ],
17 silly audit   '@types/node': [ '20.17.30' ],
17 silly audit   '@types/react': [ '19.1.2' ],
17 silly audit   '@types/react-dom': [ '19.1.2' ],
17 silly audit   busboy: [ '1.6.0' ],
17 silly audit   'caniuse-lite': [ '1.0.30001715' ],
17 silly audit   'client-only': [ '0.0.1' ],
17 silly audit   color: [ '4.2.3' ],
17 silly audit   'color-convert': [ '2.0.1' ],
17 silly audit   'color-name': [ '1.1.4' ],
17 silly audit   'color-string': [ '1.9.1' ],
17 silly audit   csstype: [ '3.1.3' ],
17 silly audit   'detect-libc': [ '2.0.4' ],
17 silly audit   'enhanced-resolve': [ '5.18.1' ],
17 silly audit   'framer-motion': [ '12.9.1' ],
17 silly audit   'graceful-fs': [ '4.2.11' ],
17 silly audit   'is-arrayish': [ '0.3.2' ],
17 silly audit   jiti: [ '2.4.2' ],
17 silly audit   'jwt-decode': [ '4.0.0' ],
17 silly audit   lightningcss: [ '1.29.2' ],
17 silly audit   'lightningcss-darwin-arm64': [ '1.29.2' ],
17 silly audit   'lightningcss-darwin-x64': [ '1.29.2' ],
17 silly audit   'lightningcss-freebsd-x64': [ '1.29.2' ],
17 silly audit   'lightningcss-linux-arm-gnueabihf': [ '1.29.2' ],
17 silly audit   'lightningcss-linux-arm64-gnu': [ '1.29.2' ],
17 silly audit   'lightningcss-linux-arm64-musl': [ '1.29.2' ],
17 silly audit   'lightningcss-linux-x64-gnu': [ '1.29.2' ],
17 silly audit   'lightningcss-linux-x64-musl': [ '1.29.2' ],
17 silly audit   'lightningcss-win32-arm64-msvc': [ '1.29.2' ],
17 silly audit   'lightningcss-win32-x64-msvc': [ '1.29.2' ],
17 silly audit   'motion-dom': [ '12.9.1' ],
17 silly audit   'motion-utils': [ '12.8.3' ],
17 silly audit   nanoid: [ '3.3.11' ],
17 silly audit   next: [ '15.3.1' ],
17 silly audit   postcss: [ '8.4.31', '8.5.3' ],
17 silly audit   picocolors: [ '1.1.1' ],
17 silly audit   react: [ '19.1.0' ],
17 silly audit   'react-dom': [ '19.1.0' ],
17 silly audit   'react-icons': [ '5.5.0' ],
17 silly audit   scheduler: [ '0.26.0' ],
17 silly audit   semver: [ '7.7.1' ],
17 silly audit   sharp: [ '0.34.1' ],
17 silly audit   'simple-swizzle': [ '0.2.2' ],
17 silly audit   sonner: [ '2.0.3' ],
17 silly audit   'source-map-js': [ '1.2.1' ],
17 silly audit   streamsearch: [ '1.1.0' ],
17 silly audit   'styled-jsx': [ '5.1.6' ],
17 silly audit   tailwindcss: [ '4.1.4' ],
17 silly audit   tapable: [ '2.2.1' ],
17 silly audit   tslib: [ '2.8.1' ],
17 silly audit   typescript: [ '5.8.3' ],
17 silly audit   'undici-types': [ '6.19.8' ],
17 silly audit   '@tailwindcss/oxide-wasm32-wasi': [ '4.1.4' ]
17 silly audit }
18 verbose reify failed optional dependency C:\Devine Projects\labisengineer7-frontend\node_modules\lightningcss-win32-arm64-msvc
19 silly reify mark deleted [
19 silly reify   'C:\\Devine Projects\\labisengineer7-frontend\\node_modules\\lightningcss-win32-arm64-msvc'
19 silly reify ]
20 verbose reify failed optional dependency C:\Devine Projects\labisengineer7-frontend\node_modules\lightningcss-linux-x64-musl
21 silly reify mark deleted [
21 silly reify   'C:\\Devine Projects\\labisengineer7-frontend\\node_modules\\lightningcss-linux-x64-musl'
21 silly reify ]
22 verbose reify failed optional dependency C:\Devine Projects\labisengineer7-frontend\node_modules\lightningcss-linux-x64-gnu
23 silly reify mark deleted [
23 silly reify   'C:\\Devine Projects\\labisengineer7-frontend\\node_modules\\lightningcss-linux-x64-gnu'
23 silly reify ]
24 verbose reify failed optional dependency C:\Devine Projects\labisengineer7-frontend\node_modules\lightningcss-linux-arm64-musl
25 silly reify mark deleted [
25 silly reify   'C:\\Devine Projects\\labisengineer7-frontend\\node_modules\\lightningcss-linux-arm64-musl'
25 silly reify ]
26 verbose reify failed optional dependency C:\Devine Projects\labisengineer7-frontend\node_modules\lightningcss-linux-arm64-gnu
27 silly reify mark deleted [
27 silly reify   'C:\\Devine Projects\\labisengineer7-frontend\\node_modules\\lightningcss-linux-arm64-gnu'
27 silly reify ]
28 verbose reify failed optional dependency C:\Devine Projects\labisengineer7-frontend\node_modules\lightningcss-linux-arm-gnueabihf
29 silly reify mark deleted [
29 silly reify   'C:\\Devine Projects\\labisengineer7-frontend\\node_modules\\lightningcss-linux-arm-gnueabihf'
29 silly reify ]
30 verbose reify failed optional dependency C:\Devine Projects\labisengineer7-frontend\node_modules\lightningcss-freebsd-x64
31 silly reify mark deleted [
31 silly reify   'C:\\Devine Projects\\labisengineer7-frontend\\node_modules\\lightningcss-freebsd-x64'
31 silly reify ]
32 verbose reify failed optional dependency C:\Devine Projects\labisengineer7-frontend\node_modules\lightningcss-darwin-x64
33 silly reify mark deleted [
33 silly reify   'C:\\Devine Projects\\labisengineer7-frontend\\node_modules\\lightningcss-darwin-x64'
33 silly reify ]
34 verbose reify failed optional dependency C:\Devine Projects\labisengineer7-frontend\node_modules\lightningcss-darwin-arm64
35 silly reify mark deleted [
35 silly reify   'C:\\Devine Projects\\labisengineer7-frontend\\node_modules\\lightningcss-darwin-arm64'
35 silly reify ]
36 verbose reify failed optional dependency C:\Devine Projects\labisengineer7-frontend\node_modules\@tailwindcss\oxide-win32-arm64-msvc
37 silly reify mark deleted [
37 silly reify   'C:\\Devine Projects\\labisengineer7-frontend\\node_modules\\@tailwindcss\\oxide-win32-arm64-msvc'
37 silly reify ]
38 verbose reify failed optional dependency C:\Devine Projects\labisengineer7-frontend\node_modules\@tailwindcss\oxide-linux-x64-musl
39 silly reify mark deleted [
39 silly reify   'C:\\Devine Projects\\labisengineer7-frontend\\node_modules\\@tailwindcss\\oxide-linux-x64-musl'
39 silly reify ]
40 verbose reify failed optional dependency C:\Devine Projects\labisengineer7-frontend\node_modules\@tailwindcss\oxide-linux-x64-gnu
41 silly reify mark deleted [
41 silly reify   'C:\\Devine Projects\\labisengineer7-frontend\\node_modules\\@tailwindcss\\oxide-linux-x64-gnu'
41 silly reify ]
42 verbose reify failed optional dependency C:\Devine Projects\labisengineer7-frontend\node_modules\@tailwindcss\oxide-linux-arm64-musl
43 silly reify mark deleted [
43 silly reify   'C:\\Devine Projects\\labisengineer7-frontend\\node_modules\\@tailwindcss\\oxide-linux-arm64-musl'
43 silly reify ]
44 verbose reify failed optional dependency C:\Devine Projects\labisengineer7-frontend\node_modules\@tailwindcss\oxide-linux-arm64-gnu
45 silly reify mark deleted [
45 silly reify   'C:\\Devine Projects\\labisengineer7-frontend\\node_modules\\@tailwindcss\\oxide-linux-arm64-gnu'
45 silly reify ]
46 verbose reify failed optional dependency C:\Devine Projects\labisengineer7-frontend\node_modules\@tailwindcss\oxide-linux-arm-gnueabihf
47 silly reify mark deleted [
47 silly reify   'C:\\Devine Projects\\labisengineer7-frontend\\node_modules\\@tailwindcss\\oxide-linux-arm-gnueabihf'
47 silly reify ]
48 verbose reify failed optional dependency C:\Devine Projects\labisengineer7-frontend\node_modules\@tailwindcss\oxide-freebsd-x64
49 silly reify mark deleted [
49 silly reify   'C:\\Devine Projects\\labisengineer7-frontend\\node_modules\\@tailwindcss\\oxide-freebsd-x64'
49 silly reify ]
50 verbose reify failed optional dependency C:\Devine Projects\labisengineer7-frontend\node_modules\@tailwindcss\oxide-darwin-x64
51 silly reify mark deleted [
51 silly reify   'C:\\Devine Projects\\labisengineer7-frontend\\node_modules\\@tailwindcss\\oxide-darwin-x64'
51 silly reify ]
52 verbose reify failed optional dependency C:\Devine Projects\labisengineer7-frontend\node_modules\@tailwindcss\oxide-darwin-arm64
53 silly reify mark deleted [
53 silly reify   'C:\\Devine Projects\\labisengineer7-frontend\\node_modules\\@tailwindcss\\oxide-darwin-arm64'
53 silly reify ]
54 verbose reify failed optional dependency C:\Devine Projects\labisengineer7-frontend\node_modules\@tailwindcss\oxide-android-arm64
55 silly reify mark deleted [
55 silly reify   'C:\\Devine Projects\\labisengineer7-frontend\\node_modules\\@tailwindcss\\oxide-android-arm64'
55 silly reify ]
56 verbose reify failed optional dependency C:\Devine Projects\labisengineer7-frontend\node_modules\@next\swc-win32-arm64-msvc
57 silly reify mark deleted [
57 silly reify   'C:\\Devine Projects\\labisengineer7-frontend\\node_modules\\@next\\swc-win32-arm64-msvc'
57 silly reify ]
58 verbose reify failed optional dependency C:\Devine Projects\labisengineer7-frontend\node_modules\@next\swc-linux-x64-musl
59 silly reify mark deleted [
59 silly reify   'C:\\Devine Projects\\labisengineer7-frontend\\node_modules\\@next\\swc-linux-x64-musl'
59 silly reify ]
60 verbose reify failed optional dependency C:\Devine Projects\labisengineer7-frontend\node_modules\@next\swc-linux-x64-gnu
61 silly reify mark deleted [
61 silly reify   'C:\\Devine Projects\\labisengineer7-frontend\\node_modules\\@next\\swc-linux-x64-gnu'
61 silly reify ]
62 verbose reify failed optional dependency C:\Devine Projects\labisengineer7-frontend\node_modules\@next\swc-linux-arm64-musl
63 silly reify mark deleted [
63 silly reify   'C:\\Devine Projects\\labisengineer7-frontend\\node_modules\\@next\\swc-linux-arm64-musl'
63 silly reify ]
64 verbose reify failed optional dependency C:\Devine Projects\labisengineer7-frontend\node_modules\@next\swc-linux-arm64-gnu
65 silly reify mark deleted [
65 silly reify   'C:\\Devine Projects\\labisengineer7-frontend\\node_modules\\@next\\swc-linux-arm64-gnu'
65 silly reify ]
66 verbose reify failed optional dependency C:\Devine Projects\labisengineer7-frontend\node_modules\@next\swc-darwin-x64
67 silly reify mark deleted [
67 silly reify   'C:\\Devine Projects\\labisengineer7-frontend\\node_modules\\@next\\swc-darwin-x64'
67 silly reify ]
68 verbose reify failed optional dependency C:\Devine Projects\labisengineer7-frontend\node_modules\@next\swc-darwin-arm64
69 silly reify mark deleted [
69 silly reify   'C:\\Devine Projects\\labisengineer7-frontend\\node_modules\\@next\\swc-darwin-arm64'
69 silly reify ]
70 verbose reify failed optional dependency C:\Devine Projects\labisengineer7-frontend\node_modules\@img\sharp-win32-ia32
71 silly reify mark deleted [
71 silly reify   'C:\\Devine Projects\\labisengineer7-frontend\\node_modules\\@img\\sharp-win32-ia32'
71 silly reify ]
72 verbose reify failed optional dependency C:\Devine Projects\labisengineer7-frontend\node_modules\@img\sharp-wasm32
73 silly reify mark deleted [
73 silly reify   'C:\\Devine Projects\\labisengineer7-frontend\\node_modules\\@img\\sharp-wasm32'
73 silly reify ]
74 verbose reify failed optional dependency C:\Devine Projects\labisengineer7-frontend\node_modules\@img\sharp-linuxmusl-x64
75 silly reify mark deleted [
75 silly reify   'C:\\Devine Projects\\labisengineer7-frontend\\node_modules\\@img\\sharp-linuxmusl-x64'
75 silly reify ]
76 verbose reify failed optional dependency C:\Devine Projects\labisengineer7-frontend\node_modules\@img\sharp-linuxmusl-arm64
77 silly reify mark deleted [
77 silly reify   'C:\\Devine Projects\\labisengineer7-frontend\\node_modules\\@img\\sharp-linuxmusl-arm64'
77 silly reify ]
78 verbose reify failed optional dependency C:\Devine Projects\labisengineer7-frontend\node_modules\@img\sharp-linux-x64
79 silly reify mark deleted [
79 silly reify   'C:\\Devine Projects\\labisengineer7-frontend\\node_modules\\@img\\sharp-linux-x64'
79 silly reify ]
80 verbose reify failed optional dependency C:\Devine Projects\labisengineer7-frontend\node_modules\@img\sharp-linux-s390x
81 silly reify mark deleted [
81 silly reify   'C:\\Devine Projects\\labisengineer7-frontend\\node_modules\\@img\\sharp-linux-s390x'
81 silly reify ]
82 verbose reify failed optional dependency C:\Devine Projects\labisengineer7-frontend\node_modules\@img\sharp-linux-arm64
83 silly reify mark deleted [
83 silly reify   'C:\\Devine Projects\\labisengineer7-frontend\\node_modules\\@img\\sharp-linux-arm64'
83 silly reify ]
84 verbose reify failed optional dependency C:\Devine Projects\labisengineer7-frontend\node_modules\@img\sharp-linux-arm
85 silly reify mark deleted [
85 silly reify   'C:\\Devine Projects\\labisengineer7-frontend\\node_modules\\@img\\sharp-linux-arm'
85 silly reify ]
86 verbose reify failed optional dependency C:\Devine Projects\labisengineer7-frontend\node_modules\@img\sharp-libvips-linuxmusl-x64
87 silly reify mark deleted [
87 silly reify   'C:\\Devine Projects\\labisengineer7-frontend\\node_modules\\@img\\sharp-libvips-linuxmusl-x64'
87 silly reify ]
88 verbose reify failed optional dependency C:\Devine Projects\labisengineer7-frontend\node_modules\@img\sharp-libvips-linuxmusl-arm64
89 silly reify mark deleted [
89 silly reify   'C:\\Devine Projects\\labisengineer7-frontend\\node_modules\\@img\\sharp-libvips-linuxmusl-arm64'
89 silly reify ]
90 verbose reify failed optional dependency C:\Devine Projects\labisengineer7-frontend\node_modules\@img\sharp-libvips-linux-x64
91 silly reify mark deleted [
91 silly reify   'C:\\Devine Projects\\labisengineer7-frontend\\node_modules\\@img\\sharp-libvips-linux-x64'
91 silly reify ]
92 verbose reify failed optional dependency C:\Devine Projects\labisengineer7-frontend\node_modules\@img\sharp-libvips-linux-s390x
93 silly reify mark deleted [
93 silly reify   'C:\\Devine Projects\\labisengineer7-frontend\\node_modules\\@img\\sharp-libvips-linux-s390x'
93 silly reify ]
94 verbose reify failed optional dependency C:\Devine Projects\labisengineer7-frontend\node_modules\@img\sharp-libvips-linux-ppc64
95 silly reify mark deleted [
95 silly reify   'C:\\Devine Projects\\labisengineer7-frontend\\node_modules\\@img\\sharp-libvips-linux-ppc64'
95 silly reify ]
96 verbose reify failed optional dependency C:\Devine Projects\labisengineer7-frontend\node_modules\@img\sharp-libvips-linux-arm64
97 silly reify mark deleted [
97 silly reify   'C:\\Devine Projects\\labisengineer7-frontend\\node_modules\\@img\\sharp-libvips-linux-arm64'
97 silly reify ]
98 verbose reify failed optional dependency C:\Devine Projects\labisengineer7-frontend\node_modules\@img\sharp-libvips-linux-arm
99 silly reify mark deleted [
99 silly reify   'C:\\Devine Projects\\labisengineer7-frontend\\node_modules\\@img\\sharp-libvips-linux-arm'
99 silly reify ]
100 verbose reify failed optional dependency C:\Devine Projects\labisengineer7-frontend\node_modules\@img\sharp-libvips-darwin-x64
101 silly reify mark deleted [
101 silly reify   'C:\\Devine Projects\\labisengineer7-frontend\\node_modules\\@img\\sharp-libvips-darwin-x64'
101 silly reify ]
102 verbose reify failed optional dependency C:\Devine Projects\labisengineer7-frontend\node_modules\@img\sharp-libvips-darwin-arm64
103 silly reify mark deleted [
103 silly reify   'C:\\Devine Projects\\labisengineer7-frontend\\node_modules\\@img\\sharp-libvips-darwin-arm64'
103 silly reify ]
104 verbose reify failed optional dependency C:\Devine Projects\labisengineer7-frontend\node_modules\@img\sharp-darwin-x64
105 silly reify mark deleted [
105 silly reify   'C:\\Devine Projects\\labisengineer7-frontend\\node_modules\\@img\\sharp-darwin-x64'
105 silly reify ]
106 verbose reify failed optional dependency C:\Devine Projects\labisengineer7-frontend\node_modules\@img\sharp-darwin-arm64
107 silly reify mark deleted [
107 silly reify   'C:\\Devine Projects\\labisengineer7-frontend\\node_modules\\@img\\sharp-darwin-arm64'
107 silly reify ]
108 http cache undici-types@https://registry.npmjs.org/undici-types/-/undici-types-6.19.8.tgz 0ms (cache hit)
109 http cache typescript@https://registry.npmjs.org/typescript/-/typescript-5.8.3.tgz 0ms (cache hit)
110 http cache tslib@https://registry.npmjs.org/tslib/-/tslib-2.8.1.tgz 0ms (cache hit)
111 http cache tailwindcss@https://registry.npmjs.org/tailwindcss/-/tailwindcss-4.1.4.tgz 0ms (cache hit)
112 http cache styled-jsx@https://registry.npmjs.org/styled-jsx/-/styled-jsx-5.1.6.tgz 0ms (cache hit)
113 http cache tapable@https://registry.npmjs.org/tapable/-/tapable-2.2.1.tgz 0ms (cache hit)
114 http cache streamsearch@https://registry.npmjs.org/streamsearch/-/streamsearch-1.1.0.tgz 0ms (cache hit)
115 http cache sonner@https://registry.npmjs.org/sonner/-/sonner-2.0.3.tgz 0ms (cache hit)
116 http cache source-map-js@https://registry.npmjs.org/source-map-js/-/source-map-js-1.2.1.tgz 0ms (cache hit)
117 http cache simple-swizzle@https://registry.npmjs.org/simple-swizzle/-/simple-swizzle-0.2.2.tgz 0ms (cache hit)
118 http cache sharp@https://registry.npmjs.org/sharp/-/sharp-0.34.1.tgz 0ms (cache hit)
119 http cache semver@https://registry.npmjs.org/semver/-/semver-7.7.1.tgz 0ms (cache hit)
120 http cache react-icons@https://registry.npmjs.org/react-icons/-/react-icons-5.5.0.tgz 0ms (cache hit)
121 http cache react-dom@https://registry.npmjs.org/react-dom/-/react-dom-19.1.0.tgz 0ms (cache hit)
122 http cache react@https://registry.npmjs.org/react/-/react-19.1.0.tgz 0ms (cache hit)
123 http cache scheduler@https://registry.npmjs.org/scheduler/-/scheduler-0.26.0.tgz 0ms (cache hit)
124 http cache postcss@https://registry.npmjs.org/postcss/-/postcss-8.5.3.tgz 0ms (cache hit)
125 http cache picocolors@https://registry.npmjs.org/picocolors/-/picocolors-1.1.1.tgz 0ms (cache hit)
126 http cache nanoid@https://registry.npmjs.org/nanoid/-/nanoid-3.3.11.tgz 0ms (cache hit)
127 http cache next@https://registry.npmjs.org/next/-/next-15.3.1.tgz 0ms (cache hit)
128 http cache motion-utils@https://registry.npmjs.org/motion-utils/-/motion-utils-12.8.3.tgz 0ms (cache hit)
129 http cache motion-dom@https://registry.npmjs.org/motion-dom/-/motion-dom-12.9.1.tgz 0ms (cache hit)
130 http cache lightningcss-win32-x64-msvc@https://registry.npmjs.org/lightningcss-win32-x64-msvc/-/lightningcss-win32-x64-msvc-1.29.2.tgz 0ms (cache hit)
131 http cache is-arrayish@https://registry.npmjs.org/is-arrayish/-/is-arrayish-0.3.2.tgz 0ms (cache hit)
132 http cache lightningcss@https://registry.npmjs.org/lightningcss/-/lightningcss-1.29.2.tgz 0ms (cache hit)
133 http cache graceful-fs@https://registry.npmjs.org/graceful-fs/-/graceful-fs-4.2.11.tgz 0ms (cache hit)
134 http cache framer-motion@https://registry.npmjs.org/framer-motion/-/framer-motion-12.9.1.tgz 0ms (cache hit)
135 http cache jiti@https://registry.npmjs.org/jiti/-/jiti-2.4.2.tgz 0ms (cache hit)
136 http cache jwt-decode@https://registry.npmjs.org/jwt-decode/-/jwt-decode-4.0.0.tgz 0ms (cache hit)
137 http cache enhanced-resolve@https://registry.npmjs.org/enhanced-resolve/-/enhanced-resolve-5.18.1.tgz 0ms (cache hit)
138 http cache detect-libc@https://registry.npmjs.org/detect-libc/-/detect-libc-2.0.4.tgz 0ms (cache hit)
139 http cache csstype@https://registry.npmjs.org/csstype/-/csstype-3.1.3.tgz 0ms (cache hit)
140 http cache color-string@https://registry.npmjs.org/color-string/-/color-string-1.9.1.tgz 0ms (cache hit)
141 http cache color-name@https://registry.npmjs.org/color-name/-/color-name-1.1.4.tgz 0ms (cache hit)
142 http cache color-convert@https://registry.npmjs.org/color-convert/-/color-convert-2.0.1.tgz 0ms (cache hit)
143 http cache color@https://registry.npmjs.org/color/-/color-4.2.3.tgz 0ms (cache hit)
144 http cache @types/react-dom@https://registry.npmjs.org/@types/react-dom/-/react-dom-19.1.2.tgz 0ms (cache hit)
145 http cache client-only@https://registry.npmjs.org/client-only/-/client-only-0.0.1.tgz 0ms (cache hit)
146 http cache @types/react@https://registry.npmjs.org/@types/react/-/react-19.1.2.tgz 0ms (cache hit)
147 http cache busboy@https://registry.npmjs.org/busboy/-/busboy-1.6.0.tgz 0ms (cache hit)
148 http cache caniuse-lite@https://registry.npmjs.org/caniuse-lite/-/caniuse-lite-1.0.30001715.tgz 0ms (cache hit)
149 http cache @types/node@https://registry.npmjs.org/@types/node/-/node-20.17.30.tgz 0ms (cache hit)
150 http cache @tailwindcss/postcss@https://registry.npmjs.org/@tailwindcss/postcss/-/postcss-4.1.4.tgz 0ms (cache hit)
151 http cache @swc/helpers@https://registry.npmjs.org/@swc/helpers/-/helpers-0.5.15.tgz 0ms (cache hit)
152 http cache @tailwindcss/oxide-win32-x64-msvc@https://registry.npmjs.org/@tailwindcss/oxide-win32-x64-msvc/-/oxide-win32-x64-msvc-4.1.4.tgz 0ms (cache hit)
153 http cache @tailwindcss/oxide@https://registry.npmjs.org/@tailwindcss/oxide/-/oxide-4.1.4.tgz 0ms (cache hit)
154 http cache @tailwindcss/node@https://registry.npmjs.org/@tailwindcss/node/-/node-4.1.4.tgz 0ms (cache hit)
155 http cache @swc/counter@https://registry.npmjs.org/@swc/counter/-/counter-0.1.3.tgz 0ms (cache hit)
156 http cache @next/swc-win32-x64-msvc@https://registry.npmjs.org/@next/swc-win32-x64-msvc/-/swc-win32-x64-msvc-15.3.1.tgz 0ms (cache hit)
157 http cache @next/env@https://registry.npmjs.org/@next/env/-/env-15.3.1.tgz 0ms (cache hit)
158 http cache @img/sharp-win32-x64@https://registry.npmjs.org/@img/sharp-win32-x64/-/sharp-win32-x64-0.34.1.tgz 0ms (cache hit)
159 http cache @emnapi/runtime@https://registry.npmjs.org/@emnapi/runtime/-/runtime-1.4.3.tgz 0ms (cache hit)
160 silly tarball no local data for undici-types@https://registry.npmjs.org/undici-types/-/undici-types-6.19.8.tgz. Extracting by manifest.
161 http cache @alloc/quick-lru@https://registry.npmjs.org/@alloc/quick-lru/-/quick-lru-5.2.0.tgz 0ms (cache hit)
162 silly tarball no local data for typescript@https://registry.npmjs.org/typescript/-/typescript-5.8.3.tgz. Extracting by manifest.
163 silly tarball no local data for tslib@https://registry.npmjs.org/tslib/-/tslib-2.8.1.tgz. Extracting by manifest.
164 silly tarball no local data for tailwindcss@https://registry.npmjs.org/tailwindcss/-/tailwindcss-4.1.4.tgz. Extracting by manifest.
165 silly tarball no local data for styled-jsx@https://registry.npmjs.org/styled-jsx/-/styled-jsx-5.1.6.tgz. Extracting by manifest.
166 silly tarball no local data for tapable@https://registry.npmjs.org/tapable/-/tapable-2.2.1.tgz. Extracting by manifest.
167 silly tarball no local data for streamsearch@https://registry.npmjs.org/streamsearch/-/streamsearch-1.1.0.tgz. Extracting by manifest.
168 silly tarball no local data for sonner@https://registry.npmjs.org/sonner/-/sonner-2.0.3.tgz. Extracting by manifest.
169 silly tarball no local data for source-map-js@https://registry.npmjs.org/source-map-js/-/source-map-js-1.2.1.tgz. Extracting by manifest.
170 silly tarball no local data for simple-swizzle@https://registry.npmjs.org/simple-swizzle/-/simple-swizzle-0.2.2.tgz. Extracting by manifest.
171 silly tarball no local data for sharp@https://registry.npmjs.org/sharp/-/sharp-0.34.1.tgz. Extracting by manifest.
172 silly tarball no local data for semver@https://registry.npmjs.org/semver/-/semver-7.7.1.tgz. Extracting by manifest.
173 silly tarball no local data for react-icons@https://registry.npmjs.org/react-icons/-/react-icons-5.5.0.tgz. Extracting by manifest.
174 silly tarball no local data for react-dom@https://registry.npmjs.org/react-dom/-/react-dom-19.1.0.tgz. Extracting by manifest.
175 silly tarball no local data for react@https://registry.npmjs.org/react/-/react-19.1.0.tgz. Extracting by manifest.
176 silly tarball no local data for scheduler@https://registry.npmjs.org/scheduler/-/scheduler-0.26.0.tgz. Extracting by manifest.
177 silly tarball no local data for postcss@https://registry.npmjs.org/postcss/-/postcss-8.5.3.tgz. Extracting by manifest.
178 silly tarball no local data for picocolors@https://registry.npmjs.org/picocolors/-/picocolors-1.1.1.tgz. Extracting by manifest.
179 silly tarball no local data for nanoid@https://registry.npmjs.org/nanoid/-/nanoid-3.3.11.tgz. Extracting by manifest.
180 silly tarball no local data for next@https://registry.npmjs.org/next/-/next-15.3.1.tgz. Extracting by manifest.
181 silly tarball no local data for motion-utils@https://registry.npmjs.org/motion-utils/-/motion-utils-12.8.3.tgz. Extracting by manifest.
182 http cache postcss@https://registry.npmjs.org/postcss/-/postcss-8.4.31.tgz 0ms (cache hit)
183 silly tarball no local data for motion-dom@https://registry.npmjs.org/motion-dom/-/motion-dom-12.9.1.tgz. Extracting by manifest.
184 silly tarball no local data for lightningcss-win32-x64-msvc@https://registry.npmjs.org/lightningcss-win32-x64-msvc/-/lightningcss-win32-x64-msvc-1.29.2.tgz. Extracting by manifest.
185 silly tarball no local data for is-arrayish@https://registry.npmjs.org/is-arrayish/-/is-arrayish-0.3.2.tgz. Extracting by manifest.
186 silly tarball no local data for lightningcss@https://registry.npmjs.org/lightningcss/-/lightningcss-1.29.2.tgz. Extracting by manifest.
187 silly tarball no local data for graceful-fs@https://registry.npmjs.org/graceful-fs/-/graceful-fs-4.2.11.tgz. Extracting by manifest.
188 silly tarball no local data for framer-motion@https://registry.npmjs.org/framer-motion/-/framer-motion-12.9.1.tgz. Extracting by manifest.
189 silly tarball no local data for jiti@https://registry.npmjs.org/jiti/-/jiti-2.4.2.tgz. Extracting by manifest.
190 silly tarball no local data for jwt-decode@https://registry.npmjs.org/jwt-decode/-/jwt-decode-4.0.0.tgz. Extracting by manifest.
191 silly tarball no local data for enhanced-resolve@https://registry.npmjs.org/enhanced-resolve/-/enhanced-resolve-5.18.1.tgz. Extracting by manifest.
192 silly tarball no local data for detect-libc@https://registry.npmjs.org/detect-libc/-/detect-libc-2.0.4.tgz. Extracting by manifest.
193 silly tarball no local data for csstype@https://registry.npmjs.org/csstype/-/csstype-3.1.3.tgz. Extracting by manifest.
194 silly tarball no local data for color-string@https://registry.npmjs.org/color-string/-/color-string-1.9.1.tgz. Extracting by manifest.
195 silly tarball no local data for color-name@https://registry.npmjs.org/color-name/-/color-name-1.1.4.tgz. Extracting by manifest.
196 silly tarball no local data for color-convert@https://registry.npmjs.org/color-convert/-/color-convert-2.0.1.tgz. Extracting by manifest.
197 silly tarball no local data for color@https://registry.npmjs.org/color/-/color-4.2.3.tgz. Extracting by manifest.
198 silly tarball no local data for @types/react-dom@https://registry.npmjs.org/@types/react-dom/-/react-dom-19.1.2.tgz. Extracting by manifest.
199 silly tarball no local data for client-only@https://registry.npmjs.org/client-only/-/client-only-0.0.1.tgz. Extracting by manifest.
200 silly tarball no local data for @types/react@https://registry.npmjs.org/@types/react/-/react-19.1.2.tgz. Extracting by manifest.
201 silly tarball no local data for busboy@https://registry.npmjs.org/busboy/-/busboy-1.6.0.tgz. Extracting by manifest.
202 silly tarball no local data for caniuse-lite@https://registry.npmjs.org/caniuse-lite/-/caniuse-lite-1.0.30001715.tgz. Extracting by manifest.
203 silly tarball no local data for @types/node@https://registry.npmjs.org/@types/node/-/node-20.17.30.tgz. Extracting by manifest.
204 silly tarball no local data for @tailwindcss/postcss@https://registry.npmjs.org/@tailwindcss/postcss/-/postcss-4.1.4.tgz. Extracting by manifest.
205 silly tarball no local data for @swc/helpers@https://registry.npmjs.org/@swc/helpers/-/helpers-0.5.15.tgz. Extracting by manifest.
206 silly tarball no local data for @tailwindcss/oxide-win32-x64-msvc@https://registry.npmjs.org/@tailwindcss/oxide-win32-x64-msvc/-/oxide-win32-x64-msvc-4.1.4.tgz. Extracting by manifest.
207 silly tarball no local data for @tailwindcss/oxide@https://registry.npmjs.org/@tailwindcss/oxide/-/oxide-4.1.4.tgz. Extracting by manifest.
208 silly tarball no local data for @tailwindcss/node@https://registry.npmjs.org/@tailwindcss/node/-/node-4.1.4.tgz. Extracting by manifest.
209 silly tarball no local data for @swc/counter@https://registry.npmjs.org/@swc/counter/-/counter-0.1.3.tgz. Extracting by manifest.
210 silly tarball no local data for @next/swc-win32-x64-msvc@https://registry.npmjs.org/@next/swc-win32-x64-msvc/-/swc-win32-x64-msvc-15.3.1.tgz. Extracting by manifest.
211 silly tarball no local data for @next/env@https://registry.npmjs.org/@next/env/-/env-15.3.1.tgz. Extracting by manifest.
212 silly tarball no local data for @img/sharp-win32-x64@https://registry.npmjs.org/@img/sharp-win32-x64/-/sharp-win32-x64-0.34.1.tgz. Extracting by manifest.
213 silly tarball no local data for @emnapi/runtime@https://registry.npmjs.org/@emnapi/runtime/-/runtime-1.4.3.tgz. Extracting by manifest.
214 silly tarball no local data for @alloc/quick-lru@https://registry.npmjs.org/@alloc/quick-lru/-/quick-lru-5.2.0.tgz. Extracting by manifest.
215 silly tarball no local data for postcss@https://registry.npmjs.org/postcss/-/postcss-8.4.31.tgz. Extracting by manifest.
216 http fetch GET 200 https://registry.npmjs.org/npm 209ms
217 http fetch GET 200 https://registry.npmjs.org/simple-swizzle/-/simple-swizzle-0.2.2.tgz 181ms (cache miss)
218 http fetch GET 200 https://registry.npmjs.org/picocolors/-/picocolors-1.1.1.tgz 189ms (cache miss)
219 http fetch GET 200 https://registry.npmjs.org/streamsearch/-/streamsearch-1.1.0.tgz 216ms (cache miss)
220 http fetch GET 200 https://registry.npmjs.org/is-arrayish/-/is-arrayish-0.3.2.tgz 229ms (cache miss)
221 http fetch GET 200 https://registry.npmjs.org/sonner/-/sonner-2.0.3.tgz 246ms (cache miss)
222 http fetch GET 200 https://registry.npmjs.org/detect-libc/-/detect-libc-2.0.4.tgz 253ms (cache miss)
223 http fetch GET 200 https://registry.npmjs.org/tslib/-/tslib-2.8.1.tgz 271ms (cache miss)
224 http fetch GET 200 https://registry.npmjs.org/jwt-decode/-/jwt-decode-4.0.0.tgz 272ms (cache miss)
225 http fetch GET 200 https://registry.npmjs.org/color-string/-/color-string-1.9.1.tgz 285ms (cache miss)
226 http fetch GET 200 https://registry.npmjs.org/tapable/-/tapable-2.2.1.tgz 301ms (cache miss)
227 http fetch GET 200 https://registry.npmjs.org/source-map-js/-/source-map-js-1.2.1.tgz 300ms (cache miss)
228 http fetch GET 200 https://registry.npmjs.org/color-name/-/color-name-1.1.4.tgz 305ms (cache miss)
229 http fetch GET 200 https://registry.npmjs.org/color-convert/-/color-convert-2.0.1.tgz 306ms (cache miss)
230 http fetch GET 200 https://registry.npmjs.org/nanoid/-/nanoid-3.3.11.tgz 322ms (cache miss)
231 http fetch POST 200 https://registry.npmjs.org/-/npm/v1/security/advisories/bulk 387ms
232 silly audit report {}
233 http fetch GET 200 https://registry.npmjs.org/color/-/color-4.2.3.tgz 353ms (cache miss)
234 http fetch GET 200 https://registry.npmjs.org/react/-/react-19.1.0.tgz 366ms (cache miss)
235 http fetch GET 200 https://registry.npmjs.org/client-only/-/client-only-0.0.1.tgz 373ms (cache miss)
236 http fetch GET 200 https://registry.npmjs.org/styled-jsx/-/styled-jsx-5.1.6.tgz 412ms (cache miss)
237 http fetch GET 200 https://registry.npmjs.org/graceful-fs/-/graceful-fs-4.2.11.tgz 408ms (cache miss)
238 http fetch GET 200 https://registry.npmjs.org/undici-types/-/undici-types-6.19.8.tgz 421ms (cache miss)
239 http fetch GET 200 https://registry.npmjs.org/scheduler/-/scheduler-0.26.0.tgz 424ms (cache miss)
240 http fetch GET 200 https://registry.npmjs.org/tailwindcss/-/tailwindcss-4.1.4.tgz 446ms (cache miss)
241 http fetch GET 200 https://registry.npmjs.org/sharp/-/sharp-0.34.1.tgz 445ms (cache miss)
242 http fetch GET 200 https://registry.npmjs.org/jiti/-/jiti-2.4.2.tgz 452ms (cache miss)
243 http fetch GET 200 https://registry.npmjs.org/semver/-/semver-7.7.1.tgz 480ms (cache miss)
244 http fetch GET 200 https://registry.npmjs.org/csstype/-/csstype-3.1.3.tgz 475ms (cache miss)
245 http fetch GET 200 https://registry.npmjs.org/busboy/-/busboy-1.6.0.tgz 475ms (cache miss)
246 http fetch GET 200 https://registry.npmjs.org/postcss/-/postcss-8.5.3.tgz 482ms (cache miss)
247 http fetch GET 200 https://registry.npmjs.org/enhanced-resolve/-/enhanced-resolve-5.18.1.tgz 488ms (cache miss)
248 http fetch GET 200 https://registry.npmjs.org/lightningcss/-/lightningcss-1.29.2.tgz 490ms (cache miss)
249 http fetch GET 200 https://registry.npmjs.org/@types/react-dom/-/react-dom-19.1.2.tgz 510ms (cache miss)
250 http fetch GET 200 https://registry.npmjs.org/motion-utils/-/motion-utils-12.8.3.tgz 526ms (cache miss)
251 http fetch GET 200 https://registry.npmjs.org/@types/react/-/react-19.1.2.tgz 634ms (cache miss)
252 http fetch GET 200 https://registry.npmjs.org/lightningcss-win32-x64-msvc/-/lightningcss-win32-x64-msvc-1.29.2.tgz 649ms (cache miss)
253 http fetch GET 200 https://registry.npmjs.org/react-dom/-/react-dom-19.1.0.tgz 691ms (cache miss)
254 http fetch GET 200 https://registry.npmjs.org/motion-dom/-/motion-dom-12.9.1.tgz 804ms (cache miss)
255 http fetch GET 200 https://registry.npmjs.org/postcss/-/postcss-8.4.31.tgz 782ms (cache miss)
256 http fetch GET 200 https://registry.npmjs.org/@tailwindcss/postcss/-/postcss-4.1.4.tgz 801ms (cache miss)
257 http fetch GET 200 https://registry.npmjs.org/@tailwindcss/oxide/-/oxide-4.1.4.tgz 818ms (cache miss)
258 http fetch GET 200 https://registry.npmjs.org/@tailwindcss/node/-/node-4.1.4.tgz 830ms (cache miss)
259 http fetch GET 200 https://registry.npmjs.org/@swc/counter/-/counter-0.1.3.tgz 829ms (cache miss)
260 http fetch GET 200 https://registry.npmjs.org/@next/env/-/env-15.3.1.tgz 886ms (cache miss)
261 http fetch GET 200 https://registry.npmjs.org/@types/node/-/node-20.17.30.tgz 981ms (cache miss)
262 http fetch GET 200 https://registry.npmjs.org/framer-motion/-/framer-motion-12.9.1.tgz 1107ms (cache miss)
263 http fetch GET 200 https://registry.npmjs.org/typescript/-/typescript-5.8.3.tgz 1156ms (cache miss)
264 http fetch GET 200 https://registry.npmjs.org/@emnapi/runtime/-/runtime-1.4.3.tgz 1354ms (cache miss)
265 http fetch GET 200 https://registry.npmjs.org/@swc/helpers/-/helpers-0.5.15.tgz 1378ms (cache miss)
266 http fetch GET 200 https://registry.npmjs.org/@alloc/quick-lru/-/quick-lru-5.2.0.tgz 1470ms (cache miss)
267 http fetch GET 200 https://registry.npmjs.org/@tailwindcss/oxide-win32-x64-msvc/-/oxide-win32-x64-msvc-4.1.4.tgz 1634ms (cache miss)
268 http fetch GET 200 https://registry.npmjs.org/caniuse-lite/-/caniuse-lite-1.0.30001715.tgz 1649ms (cache miss)
269 http fetch GET 200 https://registry.npmjs.org/react-icons/-/react-icons-5.5.0.tgz 1777ms (cache miss)
270 http fetch GET 200 https://registry.npmjs.org/@img/sharp-win32-x64/-/sharp-win32-x64-0.34.1.tgz 2027ms (cache miss)
271 http fetch GET 200 https://registry.npmjs.org/@next/swc-win32-x64-msvc/-/swc-win32-x64-msvc-15.3.1.tgz 2713ms (cache miss)
272 http fetch GET 200 https://registry.npmjs.org/next/-/next-15.3.1.tgz 10095ms (cache miss)
273 info run sharp@0.34.1 install node_modules/sharp node install/check
274 info run sharp@0.34.1 install { code: 0, signal: null }
275 silly ADD node_modules/undici-types
276 silly ADD node_modules/typescript
277 silly ADD node_modules/tslib
278 silly ADD node_modules/tapable
279 silly ADD node_modules/tailwindcss
280 silly ADD node_modules/styled-jsx
281 silly ADD node_modules/streamsearch
282 silly ADD node_modules/source-map-js
283 silly ADD node_modules/sonner
284 silly ADD node_modules/simple-swizzle
285 silly ADD node_modules/sharp
286 silly ADD node_modules/semver
287 silly ADD node_modules/scheduler
288 silly ADD node_modules/react-icons
289 silly ADD node_modules/react-dom
290 silly ADD node_modules/react
291 silly ADD node_modules/postcss
292 silly ADD node_modules/picocolors
293 silly ADD node_modules/next
294 silly ADD node_modules/next/node_modules/postcss
295 silly ADD node_modules/nanoid
296 silly ADD node_modules/motion-utils
297 silly ADD node_modules/motion-dom
298 silly ADD node_modules/lightningcss-win32-x64-msvc
299 silly ADD
300 silly ADD
301 silly ADD
302 silly ADD
303 silly ADD
304 silly ADD
305 silly ADD
306 silly ADD
307 silly ADD
308 silly ADD node_modules/lightningcss
309 silly ADD node_modules/jwt-decode
310 silly ADD node_modules/jiti
311 silly ADD node_modules/is-arrayish
312 silly ADD node_modules/graceful-fs
313 silly ADD node_modules/framer-motion
314 silly ADD node_modules/enhanced-resolve
315 silly ADD node_modules/detect-libc
316 silly ADD node_modules/csstype
317 silly ADD node_modules/color-string
318 silly ADD node_modules/color-name
319 silly ADD node_modules/color-convert
320 silly ADD node_modules/color
321 silly ADD node_modules/client-only
322 silly ADD node_modules/caniuse-lite
323 silly ADD node_modules/busboy
324 silly ADD node_modules/@types/react-dom
325 silly ADD node_modules/@types/react
326 silly ADD node_modules/@types/node
327 silly ADD node_modules/@tailwindcss/postcss
328 silly ADD node_modules/@tailwindcss/oxide-win32-x64-msvc
329 silly ADD
330 silly ADD
331 silly ADD
332 silly ADD
333 silly ADD
334 silly ADD
335 silly ADD
336 silly ADD
337 silly ADD
338 silly ADD
339 silly ADD
340 silly ADD node_modules/@tailwindcss/oxide
341 silly ADD node_modules/@tailwindcss/node
342 silly ADD node_modules/@swc/helpers
343 silly ADD node_modules/@swc/counter
344 silly ADD node_modules/@next/swc-win32-x64-msvc
345 silly ADD
346 silly ADD
347 silly ADD
348 silly ADD
349 silly ADD
350 silly ADD
351 silly ADD
352 silly ADD node_modules/@next/env
353 silly ADD node_modules/@img/sharp-win32-x64
354 silly ADD
355 silly ADD
356 silly ADD
357 silly ADD
358 silly ADD
359 silly ADD
360 silly ADD
361 silly ADD
362 silly ADD
363 silly ADD
364 silly ADD
365 silly ADD
366 silly ADD
367 silly ADD
368 silly ADD
369 silly ADD
370 silly ADD
371 silly ADD
372 silly ADD
373 silly ADD node_modules/@emnapi/runtime
374 silly ADD node_modules/@alloc/quick-lru
375 verbose cwd C:\Devine Projects\labisengineer7-frontend
376 verbose os Windows_NT 10.0.26100
377 verbose node v22.16.0
378 verbose npm  v10.9.2
379 notice
379 notice New [31mmajor[39m version of npm available! [31m10.9.2[39m -> [34m11.4.2[39m
379 notice Changelog: [34mhttps://github.com/npm/cli/releases/tag/v11.4.2[39m
379 notice To update run: [4mnpm install -g npm@11.4.2[24m
379 notice  { force: true, [Symbol(proc-log.meta)]: true }
380 verbose exit 0
381 info ok
