0 verbose cli C:\Program Files\nodejs\node.exe C:\Program Files\nodejs\node_modules\npm\bin\npm-cli.js
1 info using npm@10.9.2
2 info using node@v22.16.0
3 silly config load:file:C:\Program Files\nodejs\node_modules\npm\npmrc
4 silly config load:file:C:\Devine Projects\labisengineer7-frontend\.npmrc
5 silly config load:file:C:\Users\game0\.npmrc
6 silly config load:file:C:\Users\game0\AppData\Roaming\npm\etc\npmrc
7 verbose title npm i
8 verbose argv "i"
9 verbose logfile logs-max:10 dir:C:\Devine Projects\labisengineer7-frontend\npm-cache\_logs\2025-06-29T15_35_14_685Z-
10 verbose logfile C:\Devine Projects\labisengineer7-frontend\npm-cache\_logs\2025-06-29T15_35_14_685Z-debug-0.log
11 silly logfile done cleaning log files
12 silly packumentCache heap:4345298944 maxSize:1086324736 maxEntrySize:543162368
13 silly idealTree buildDeps
14 silly reify moves {}
15 verbose reify failed optional dependency C:\Devine Projects\labisengineer7-frontend\node_modules\@tailwindcss\oxide-wasm32-wasi
16 silly reify mark deleted [
16 silly reify   'C:\\Devine Projects\\labisengineer7-frontend\\node_modules\\@tailwindcss\\oxide-wasm32-wasi'
16 silly reify ]
17 silly audit bulk request {
17 silly audit   '@alloc/quick-lru': [ '5.2.0' ],
17 silly audit   '@emnapi/runtime': [ '1.4.3' ],
17 silly audit   '@img/sharp-darwin-arm64': [ '0.34.1' ],
17 silly audit   '@img/sharp-darwin-x64': [ '0.34.1' ],
17 silly audit   '@img/sharp-libvips-darwin-arm64': [ '1.1.0' ],
17 silly audit   '@img/sharp-libvips-darwin-x64': [ '1.1.0' ],
17 silly audit   '@img/sharp-libvips-linux-arm': [ '1.1.0' ],
17 silly audit   '@img/sharp-libvips-linux-arm64': [ '1.1.0' ],
17 silly audit   '@img/sharp-libvips-linux-ppc64': [ '1.1.0' ],
17 silly audit   '@img/sharp-libvips-linux-s390x': [ '1.1.0' ],
17 silly audit   '@img/sharp-libvips-linux-x64': [ '1.1.0' ],
17 silly audit   '@img/sharp-libvips-linuxmusl-arm64': [ '1.1.0' ],
17 silly audit   '@img/sharp-libvips-linuxmusl-x64': [ '1.1.0' ],
17 silly audit   '@img/sharp-linux-arm': [ '0.34.1' ],
17 silly audit   '@img/sharp-linux-arm64': [ '0.34.1' ],
17 silly audit   '@img/sharp-linux-s390x': [ '0.34.1' ],
17 silly audit   '@img/sharp-linux-x64': [ '0.34.1' ],
17 silly audit   '@img/sharp-linuxmusl-arm64': [ '0.34.1' ],
17 silly audit   '@img/sharp-linuxmusl-x64': [ '0.34.1' ],
17 silly audit   '@img/sharp-wasm32': [ '0.34.1' ],
17 silly audit   '@img/sharp-win32-ia32': [ '0.34.1' ],
17 silly audit   '@img/sharp-win32-x64': [ '0.34.1' ],
17 silly audit   '@next/env': [ '15.3.1' ],
17 silly audit   '@next/swc-darwin-arm64': [ '15.3.1' ],
17 silly audit   '@next/swc-darwin-x64': [ '15.3.1' ],
17 silly audit   '@next/swc-linux-arm64-gnu': [ '15.3.1' ],
17 silly audit   '@next/swc-linux-arm64-musl': [ '15.3.1' ],
17 silly audit   '@next/swc-linux-x64-gnu': [ '15.3.1' ],
17 silly audit   '@next/swc-linux-x64-musl': [ '15.3.1' ],
17 silly audit   '@next/swc-win32-arm64-msvc': [ '15.3.1' ],
17 silly audit   '@next/swc-win32-x64-msvc': [ '15.3.1' ],
17 silly audit   '@swc/counter': [ '0.1.3' ],
17 silly audit   '@swc/helpers': [ '0.5.15' ],
17 silly audit   '@tailwindcss/node': [ '4.1.4' ],
17 silly audit   '@tailwindcss/oxide': [ '4.1.4' ],
17 silly audit   '@tailwindcss/oxide-android-arm64': [ '4.1.4' ],
17 silly audit   '@tailwindcss/oxide-darwin-arm64': [ '4.1.4' ],
17 silly audit   '@tailwindcss/oxide-darwin-x64': [ '4.1.4' ],
17 silly audit   '@tailwindcss/oxide-freebsd-x64': [ '4.1.4' ],
17 silly audit   '@tailwindcss/oxide-linux-arm-gnueabihf': [ '4.1.4' ],
17 silly audit   '@tailwindcss/oxide-linux-arm64-gnu': [ '4.1.4' ],
17 silly audit   '@tailwindcss/oxide-linux-arm64-musl': [ '4.1.4' ],
17 silly audit   '@tailwindcss/oxide-linux-x64-gnu': [ '4.1.4' ],
17 silly audit   '@tailwindcss/oxide-linux-x64-musl': [ '4.1.4' ],
17 silly audit   '@tailwindcss/oxide-win32-arm64-msvc': [ '4.1.4' ],
17 silly audit   '@tailwindcss/oxide-win32-x64-msvc': [ '4.1.4' ],
17 silly audit   '@tailwindcss/postcss': [ '4.1.4' ],
17 silly audit   '@types/node': [ '20.17.30' ],
17 silly audit   '@types/react': [ '19.1.2' ],
17 silly audit   '@types/react-dom': [ '19.1.2' ],
17 silly audit   busboy: [ '1.6.0' ],
17 silly audit   'caniuse-lite': [ '1.0.30001715' ],
17 silly audit   'client-only': [ '0.0.1' ],
17 silly audit   color: [ '4.2.3' ],
17 silly audit   'color-convert': [ '2.0.1' ],
17 silly audit   'color-name': [ '1.1.4' ],
17 silly audit   'color-string': [ '1.9.1' ],
17 silly audit   csstype: [ '3.1.3' ],
17 silly audit   'detect-libc': [ '2.0.4' ],
17 silly audit   'enhanced-resolve': [ '5.18.1' ],
17 silly audit   'framer-motion': [ '12.9.1' ],
17 silly audit   'graceful-fs': [ '4.2.11' ],
17 silly audit   'is-arrayish': [ '0.3.2' ],
17 silly audit   jiti: [ '2.4.2' ],
17 silly audit   'jwt-decode': [ '4.0.0' ],
17 silly audit   lightningcss: [ '1.29.2' ],
17 silly audit   'lightningcss-darwin-arm64': [ '1.29.2' ],
17 silly audit   'lightningcss-darwin-x64': [ '1.29.2' ],
17 silly audit   'lightningcss-freebsd-x64': [ '1.29.2' ],
17 silly audit   'lightningcss-linux-arm-gnueabihf': [ '1.29.2' ],
17 silly audit   'lightningcss-linux-arm64-gnu': [ '1.29.2' ],
17 silly audit   'lightningcss-linux-arm64-musl': [ '1.29.2' ],
17 silly audit   'lightningcss-linux-x64-gnu': [ '1.29.2' ],
17 silly audit   'lightningcss-linux-x64-musl': [ '1.29.2' ],
17 silly audit   'lightningcss-win32-arm64-msvc': [ '1.29.2' ],
17 silly audit   'lightningcss-win32-x64-msvc': [ '1.29.2' ],
17 silly audit   'lucide-react': [ '0.525.0' ],
17 silly audit   'motion-dom': [ '12.9.1' ],
17 silly audit   'motion-utils': [ '12.8.3' ],
17 silly audit   nanoid: [ '3.3.11' ],
17 silly audit   next: [ '15.3.1' ],
17 silly audit   postcss: [ '8.4.31', '8.5.3' ],
17 silly audit   picocolors: [ '1.1.1' ],
17 silly audit   react: [ '19.1.0' ],
17 silly audit   'react-dom': [ '19.1.0' ],
17 silly audit   'react-icons': [ '5.5.0' ],
17 silly audit   scheduler: [ '0.26.0' ],
17 silly audit   semver: [ '7.7.1' ],
17 silly audit   sharp: [ '0.34.1' ],
17 silly audit   'simple-swizzle': [ '0.2.2' ],
17 silly audit   sonner: [ '2.0.3' ],
17 silly audit   'source-map-js': [ '1.2.1' ],
17 silly audit   streamsearch: [ '1.1.0' ],
17 silly audit   'styled-jsx': [ '5.1.6' ],
17 silly audit   tailwindcss: [ '4.1.4' ],
17 silly audit   tapable: [ '2.2.1' ],
17 silly audit   tslib: [ '2.8.1' ],
17 silly audit   typescript: [ '5.8.3' ],
17 silly audit   'undici-types': [ '6.19.8' ],
17 silly audit   '@tailwindcss/oxide-wasm32-wasi': [ '4.1.4' ]
17 silly audit }
18 verbose reify failed optional dependency C:\Devine Projects\labisengineer7-frontend\node_modules\lightningcss-win32-arm64-msvc
19 silly reify mark deleted [
19 silly reify   'C:\\Devine Projects\\labisengineer7-frontend\\node_modules\\lightningcss-win32-arm64-msvc'
19 silly reify ]
20 verbose reify failed optional dependency C:\Devine Projects\labisengineer7-frontend\node_modules\lightningcss-linux-x64-musl
21 silly reify mark deleted [
21 silly reify   'C:\\Devine Projects\\labisengineer7-frontend\\node_modules\\lightningcss-linux-x64-musl'
21 silly reify ]
22 verbose reify failed optional dependency C:\Devine Projects\labisengineer7-frontend\node_modules\lightningcss-linux-x64-gnu
23 silly reify mark deleted [
23 silly reify   'C:\\Devine Projects\\labisengineer7-frontend\\node_modules\\lightningcss-linux-x64-gnu'
23 silly reify ]
24 verbose reify failed optional dependency C:\Devine Projects\labisengineer7-frontend\node_modules\lightningcss-linux-arm64-musl
25 silly reify mark deleted [
25 silly reify   'C:\\Devine Projects\\labisengineer7-frontend\\node_modules\\lightningcss-linux-arm64-musl'
25 silly reify ]
26 verbose reify failed optional dependency C:\Devine Projects\labisengineer7-frontend\node_modules\lightningcss-linux-arm64-gnu
27 silly reify mark deleted [
27 silly reify   'C:\\Devine Projects\\labisengineer7-frontend\\node_modules\\lightningcss-linux-arm64-gnu'
27 silly reify ]
28 verbose reify failed optional dependency C:\Devine Projects\labisengineer7-frontend\node_modules\lightningcss-linux-arm-gnueabihf
29 silly reify mark deleted [
29 silly reify   'C:\\Devine Projects\\labisengineer7-frontend\\node_modules\\lightningcss-linux-arm-gnueabihf'
29 silly reify ]
30 verbose reify failed optional dependency C:\Devine Projects\labisengineer7-frontend\node_modules\lightningcss-freebsd-x64
31 silly reify mark deleted [
31 silly reify   'C:\\Devine Projects\\labisengineer7-frontend\\node_modules\\lightningcss-freebsd-x64'
31 silly reify ]
32 verbose reify failed optional dependency C:\Devine Projects\labisengineer7-frontend\node_modules\lightningcss-darwin-x64
33 silly reify mark deleted [
33 silly reify   'C:\\Devine Projects\\labisengineer7-frontend\\node_modules\\lightningcss-darwin-x64'
33 silly reify ]
34 verbose reify failed optional dependency C:\Devine Projects\labisengineer7-frontend\node_modules\lightningcss-darwin-arm64
35 silly reify mark deleted [
35 silly reify   'C:\\Devine Projects\\labisengineer7-frontend\\node_modules\\lightningcss-darwin-arm64'
35 silly reify ]
36 verbose reify failed optional dependency C:\Devine Projects\labisengineer7-frontend\node_modules\@tailwindcss\oxide-win32-arm64-msvc
37 silly reify mark deleted [
37 silly reify   'C:\\Devine Projects\\labisengineer7-frontend\\node_modules\\@tailwindcss\\oxide-win32-arm64-msvc'
37 silly reify ]
38 verbose reify failed optional dependency C:\Devine Projects\labisengineer7-frontend\node_modules\@tailwindcss\oxide-linux-x64-musl
39 silly reify mark deleted [
39 silly reify   'C:\\Devine Projects\\labisengineer7-frontend\\node_modules\\@tailwindcss\\oxide-linux-x64-musl'
39 silly reify ]
40 verbose reify failed optional dependency C:\Devine Projects\labisengineer7-frontend\node_modules\@tailwindcss\oxide-linux-x64-gnu
41 silly reify mark deleted [
41 silly reify   'C:\\Devine Projects\\labisengineer7-frontend\\node_modules\\@tailwindcss\\oxide-linux-x64-gnu'
41 silly reify ]
42 verbose reify failed optional dependency C:\Devine Projects\labisengineer7-frontend\node_modules\@tailwindcss\oxide-linux-arm64-musl
43 silly reify mark deleted [
43 silly reify   'C:\\Devine Projects\\labisengineer7-frontend\\node_modules\\@tailwindcss\\oxide-linux-arm64-musl'
43 silly reify ]
44 verbose reify failed optional dependency C:\Devine Projects\labisengineer7-frontend\node_modules\@tailwindcss\oxide-linux-arm64-gnu
45 silly reify mark deleted [
45 silly reify   'C:\\Devine Projects\\labisengineer7-frontend\\node_modules\\@tailwindcss\\oxide-linux-arm64-gnu'
45 silly reify ]
46 verbose reify failed optional dependency C:\Devine Projects\labisengineer7-frontend\node_modules\@tailwindcss\oxide-linux-arm-gnueabihf
47 silly reify mark deleted [
47 silly reify   'C:\\Devine Projects\\labisengineer7-frontend\\node_modules\\@tailwindcss\\oxide-linux-arm-gnueabihf'
47 silly reify ]
48 verbose reify failed optional dependency C:\Devine Projects\labisengineer7-frontend\node_modules\@tailwindcss\oxide-freebsd-x64
49 silly reify mark deleted [
49 silly reify   'C:\\Devine Projects\\labisengineer7-frontend\\node_modules\\@tailwindcss\\oxide-freebsd-x64'
49 silly reify ]
50 verbose reify failed optional dependency C:\Devine Projects\labisengineer7-frontend\node_modules\@tailwindcss\oxide-darwin-x64
51 silly reify mark deleted [
51 silly reify   'C:\\Devine Projects\\labisengineer7-frontend\\node_modules\\@tailwindcss\\oxide-darwin-x64'
51 silly reify ]
52 verbose reify failed optional dependency C:\Devine Projects\labisengineer7-frontend\node_modules\@tailwindcss\oxide-darwin-arm64
53 silly reify mark deleted [
53 silly reify   'C:\\Devine Projects\\labisengineer7-frontend\\node_modules\\@tailwindcss\\oxide-darwin-arm64'
53 silly reify ]
54 verbose reify failed optional dependency C:\Devine Projects\labisengineer7-frontend\node_modules\@tailwindcss\oxide-android-arm64
55 silly reify mark deleted [
55 silly reify   'C:\\Devine Projects\\labisengineer7-frontend\\node_modules\\@tailwindcss\\oxide-android-arm64'
55 silly reify ]
56 verbose reify failed optional dependency C:\Devine Projects\labisengineer7-frontend\node_modules\@next\swc-win32-arm64-msvc
57 silly reify mark deleted [
57 silly reify   'C:\\Devine Projects\\labisengineer7-frontend\\node_modules\\@next\\swc-win32-arm64-msvc'
57 silly reify ]
58 verbose reify failed optional dependency C:\Devine Projects\labisengineer7-frontend\node_modules\@next\swc-linux-x64-musl
59 silly reify mark deleted [
59 silly reify   'C:\\Devine Projects\\labisengineer7-frontend\\node_modules\\@next\\swc-linux-x64-musl'
59 silly reify ]
60 verbose reify failed optional dependency C:\Devine Projects\labisengineer7-frontend\node_modules\@next\swc-linux-x64-gnu
61 silly reify mark deleted [
61 silly reify   'C:\\Devine Projects\\labisengineer7-frontend\\node_modules\\@next\\swc-linux-x64-gnu'
61 silly reify ]
62 verbose reify failed optional dependency C:\Devine Projects\labisengineer7-frontend\node_modules\@next\swc-linux-arm64-musl
63 silly reify mark deleted [
63 silly reify   'C:\\Devine Projects\\labisengineer7-frontend\\node_modules\\@next\\swc-linux-arm64-musl'
63 silly reify ]
64 verbose reify failed optional dependency C:\Devine Projects\labisengineer7-frontend\node_modules\@next\swc-linux-arm64-gnu
65 silly reify mark deleted [
65 silly reify   'C:\\Devine Projects\\labisengineer7-frontend\\node_modules\\@next\\swc-linux-arm64-gnu'
65 silly reify ]
66 verbose reify failed optional dependency C:\Devine Projects\labisengineer7-frontend\node_modules\@next\swc-darwin-x64
67 silly reify mark deleted [
67 silly reify   'C:\\Devine Projects\\labisengineer7-frontend\\node_modules\\@next\\swc-darwin-x64'
67 silly reify ]
68 verbose reify failed optional dependency C:\Devine Projects\labisengineer7-frontend\node_modules\@next\swc-darwin-arm64
69 silly reify mark deleted [
69 silly reify   'C:\\Devine Projects\\labisengineer7-frontend\\node_modules\\@next\\swc-darwin-arm64'
69 silly reify ]
70 verbose reify failed optional dependency C:\Devine Projects\labisengineer7-frontend\node_modules\@img\sharp-win32-ia32
71 silly reify mark deleted [
71 silly reify   'C:\\Devine Projects\\labisengineer7-frontend\\node_modules\\@img\\sharp-win32-ia32'
71 silly reify ]
72 verbose reify failed optional dependency C:\Devine Projects\labisengineer7-frontend\node_modules\@img\sharp-wasm32
73 silly reify mark deleted [
73 silly reify   'C:\\Devine Projects\\labisengineer7-frontend\\node_modules\\@img\\sharp-wasm32'
73 silly reify ]
74 verbose reify failed optional dependency C:\Devine Projects\labisengineer7-frontend\node_modules\@img\sharp-linuxmusl-x64
75 silly reify mark deleted [
75 silly reify   'C:\\Devine Projects\\labisengineer7-frontend\\node_modules\\@img\\sharp-linuxmusl-x64'
75 silly reify ]
76 verbose reify failed optional dependency C:\Devine Projects\labisengineer7-frontend\node_modules\@img\sharp-linuxmusl-arm64
77 silly reify mark deleted [
77 silly reify   'C:\\Devine Projects\\labisengineer7-frontend\\node_modules\\@img\\sharp-linuxmusl-arm64'
77 silly reify ]
78 verbose reify failed optional dependency C:\Devine Projects\labisengineer7-frontend\node_modules\@img\sharp-linux-x64
79 silly reify mark deleted [
79 silly reify   'C:\\Devine Projects\\labisengineer7-frontend\\node_modules\\@img\\sharp-linux-x64'
79 silly reify ]
80 verbose reify failed optional dependency C:\Devine Projects\labisengineer7-frontend\node_modules\@img\sharp-linux-s390x
81 silly reify mark deleted [
81 silly reify   'C:\\Devine Projects\\labisengineer7-frontend\\node_modules\\@img\\sharp-linux-s390x'
81 silly reify ]
82 verbose reify failed optional dependency C:\Devine Projects\labisengineer7-frontend\node_modules\@img\sharp-linux-arm64
83 silly reify mark deleted [
83 silly reify   'C:\\Devine Projects\\labisengineer7-frontend\\node_modules\\@img\\sharp-linux-arm64'
83 silly reify ]
84 verbose reify failed optional dependency C:\Devine Projects\labisengineer7-frontend\node_modules\@img\sharp-linux-arm
85 silly reify mark deleted [
85 silly reify   'C:\\Devine Projects\\labisengineer7-frontend\\node_modules\\@img\\sharp-linux-arm'
85 silly reify ]
86 verbose reify failed optional dependency C:\Devine Projects\labisengineer7-frontend\node_modules\@img\sharp-libvips-linuxmusl-x64
87 silly reify mark deleted [
87 silly reify   'C:\\Devine Projects\\labisengineer7-frontend\\node_modules\\@img\\sharp-libvips-linuxmusl-x64'
87 silly reify ]
88 verbose reify failed optional dependency C:\Devine Projects\labisengineer7-frontend\node_modules\@img\sharp-libvips-linuxmusl-arm64
89 silly reify mark deleted [
89 silly reify   'C:\\Devine Projects\\labisengineer7-frontend\\node_modules\\@img\\sharp-libvips-linuxmusl-arm64'
89 silly reify ]
90 verbose reify failed optional dependency C:\Devine Projects\labisengineer7-frontend\node_modules\@img\sharp-libvips-linux-x64
91 silly reify mark deleted [
91 silly reify   'C:\\Devine Projects\\labisengineer7-frontend\\node_modules\\@img\\sharp-libvips-linux-x64'
91 silly reify ]
92 verbose reify failed optional dependency C:\Devine Projects\labisengineer7-frontend\node_modules\@img\sharp-libvips-linux-s390x
93 silly reify mark deleted [
93 silly reify   'C:\\Devine Projects\\labisengineer7-frontend\\node_modules\\@img\\sharp-libvips-linux-s390x'
93 silly reify ]
94 verbose reify failed optional dependency C:\Devine Projects\labisengineer7-frontend\node_modules\@img\sharp-libvips-linux-ppc64
95 silly reify mark deleted [
95 silly reify   'C:\\Devine Projects\\labisengineer7-frontend\\node_modules\\@img\\sharp-libvips-linux-ppc64'
95 silly reify ]
96 verbose reify failed optional dependency C:\Devine Projects\labisengineer7-frontend\node_modules\@img\sharp-libvips-linux-arm64
97 silly reify mark deleted [
97 silly reify   'C:\\Devine Projects\\labisengineer7-frontend\\node_modules\\@img\\sharp-libvips-linux-arm64'
97 silly reify ]
98 verbose reify failed optional dependency C:\Devine Projects\labisengineer7-frontend\node_modules\@img\sharp-libvips-linux-arm
99 silly reify mark deleted [
99 silly reify   'C:\\Devine Projects\\labisengineer7-frontend\\node_modules\\@img\\sharp-libvips-linux-arm'
99 silly reify ]
100 verbose reify failed optional dependency C:\Devine Projects\labisengineer7-frontend\node_modules\@img\sharp-libvips-darwin-x64
101 silly reify mark deleted [
101 silly reify   'C:\\Devine Projects\\labisengineer7-frontend\\node_modules\\@img\\sharp-libvips-darwin-x64'
101 silly reify ]
102 verbose reify failed optional dependency C:\Devine Projects\labisengineer7-frontend\node_modules\@img\sharp-libvips-darwin-arm64
103 silly reify mark deleted [
103 silly reify   'C:\\Devine Projects\\labisengineer7-frontend\\node_modules\\@img\\sharp-libvips-darwin-arm64'
103 silly reify ]
104 verbose reify failed optional dependency C:\Devine Projects\labisengineer7-frontend\node_modules\@img\sharp-darwin-x64
105 silly reify mark deleted [
105 silly reify   'C:\\Devine Projects\\labisengineer7-frontend\\node_modules\\@img\\sharp-darwin-x64'
105 silly reify ]
106 verbose reify failed optional dependency C:\Devine Projects\labisengineer7-frontend\node_modules\@img\sharp-darwin-arm64
107 silly reify mark deleted [
107 silly reify   'C:\\Devine Projects\\labisengineer7-frontend\\node_modules\\@img\\sharp-darwin-arm64'
107 silly reify ]
108 http fetch POST 200 https://registry.npmjs.org/-/npm/v1/security/advisories/bulk 430ms
109 silly audit report {}
110 silly ADD
111 silly ADD
112 silly ADD
113 silly ADD
114 silly ADD
115 silly ADD
116 silly ADD
117 silly ADD
118 silly ADD
119 silly ADD
120 silly ADD
121 silly ADD
122 silly ADD
123 silly ADD
124 silly ADD
125 silly ADD
126 silly ADD
127 silly ADD
128 silly ADD
129 silly ADD
130 silly ADD
131 silly ADD
132 silly ADD
133 silly ADD
134 silly ADD
135 silly ADD
136 silly ADD
137 silly ADD
138 silly ADD
139 silly ADD
140 silly ADD
141 silly ADD
142 silly ADD
143 silly ADD
144 silly ADD
145 silly ADD
146 silly ADD
147 silly ADD
148 silly ADD
149 silly ADD
150 silly ADD
151 silly ADD
152 silly ADD
153 silly ADD
154 silly ADD
155 silly ADD
156 verbose cwd C:\Devine Projects\labisengineer7-frontend
157 verbose os Windows_NT 10.0.26100
158 verbose node v22.16.0
159 verbose npm  v10.9.2
160 verbose exit 0
161 info ok
